{"D:\\EELU Comunitty\\eelu-smart-scheduling\\BACKEND\\src\\config\\db.js": {"path":"D:\\EELU Comunitty\\eelu-smart-scheduling\\BACKEND\\src\\config\\db.js","statementMap":{"0":{"start":{"line":1,"column":25},"end":{"line":1,"column":50}},"1":{"start":{"line":4,"column":15},"end":{"line":6,"column":2}},"2":{"start":{"line":8,"column":18},"end":{"line":16,"column":1}},"3":{"start":{"line":9,"column":2},"end":{"line":15,"column":3}},"4":{"start":{"line":10,"column":4},"end":{"line":10,"column":28}},"5":{"start":{"line":11,"column":4},"end":{"line":11,"column":60}},"6":{"start":{"line":13,"column":4},"end":{"line":13,"column":57}},"7":{"start":{"line":14,"column":4},"end":{"line":14,"column":20}},"8":{"start":{"line":18,"column":21},"end":{"line":25,"column":1}},"9":{"start":{"line":19,"column":2},"end":{"line":24,"column":3}},"10":{"start":{"line":20,"column":4},"end":{"line":20,"column":31}},"11":{"start":{"line":21,"column":4},"end":{"line":21,"column":48}},"12":{"start":{"line":23,"column":4},"end":{"line":23,"column":65}},"13":{"start":{"line":27,"column":0},"end":{"line":31,"column":2}}},"fnMap":{"0":{"name":"(anonymous_0)","decl":{"start":{"line":8,"column":18},"end":{"line":8,"column":19}},"loc":{"start":{"line":8,"column":30},"end":{"line":16,"column":1}},"line":8},"1":{"name":"(anonymous_1)","decl":{"start":{"line":18,"column":21},"end":{"line":18,"column":22}},"loc":{"start":{"line":18,"column":33},"end":{"line":25,"column":1}},"line":18}},"branchMap":{},"s":{"0":15,"1":15,"2":15,"3":0,"4":0,"5":0,"6":0,"7":0,"8":15,"9":0,"10":0,"11":0,"12":0,"13":15},"f":{"0":0,"1":0},"b":{},"_coverageSchema":"1a1c01bbd47fc00a2c39e90264f33305004495a9","hash":"923508ae23d38cd6c026c709e47504b2f0d6595a"}
,"D:\\EELU Comunitty\\eelu-smart-scheduling\\BACKEND\\src\\config\\env.js": {"path":"D:\\EELU Comunitty\\eelu-smart-scheduling\\BACKEND\\src\\config\\env.js","statementMap":{"0":{"start":{"line":1,"column":15},"end":{"line":1,"column":32}},"1":{"start":{"line":3,"column":0},"end":{"line":3,"column":16}},"2":{"start":{"line":5,"column":12},"end":{"line":11,"column":1}},"3":{"start":{"line":13,"column":0},"end":{"line":13,"column":21}}},"fnMap":{},"branchMap":{"0":{"loc":{"start":{"line":9,"column":16},"end":{"line":9,"column":65}},"type":"binary-expr","locations":[{"start":{"line":9,"column":16},"end":{"line":9,"column":38}},{"start":{"line":9,"column":42},"end":{"line":9,"column":65}}],"line":9},"1":{"loc":{"start":{"line":10,"column":18},"end":{"line":10,"column":69}},"type":"binary-expr","locations":[{"start":{"line":10,"column":18},"end":{"line":10,"column":42}},{"start":{"line":10,"column":46},"end":{"line":10,"column":69}}],"line":10}},"s":{"0":2,"1":2,"2":2,"3":2},"f":{},"b":{"0":[2,0],"1":[2,2]},"_coverageSchema":"1a1c01bbd47fc00a2c39e90264f33305004495a9","hash":"c9aa25294cbb76fc3de59d03b2dd89704b529793"}
,"D:\\EELU Comunitty\\eelu-smart-scheduling\\BACKEND\\src\\constants\\status.messages.js": {"path":"D:\\EELU Comunitty\\eelu-smart-scheduling\\BACKEND\\src\\constants\\status.messages.js","statementMap":{"0":{"start":{"line":1,"column":24},"end":{"line":14,"column":3}},"1":{"start":{"line":16,"column":2},"end":{"line":16,"column":34}}},"fnMap":{},"branchMap":{},"s":{"0":13,"1":13},"f":{},"b":{},"_coverageSchema":"1a1c01bbd47fc00a2c39e90264f33305004495a9","hash":"b2805227364782fb2e502f0e773b55a92acb76ac"}
,"D:\\EELU Comunitty\\eelu-smart-scheduling\\BACKEND\\src\\controllers\\auth.controller.js": {"path":"D:\\EELU Comunitty\\eelu-smart-scheduling\\BACKEND\\src\\controllers\\auth.controller.js","statementMap":{"0":{"start":{"line":1,"column":24},"end":{"line":1,"column":59}},"1":{"start":{"line":3,"column":20},"end":{"line":3,"column":37}},"2":{"start":{"line":7,"column":4},"end":{"line":18,"column":5}},"3":{"start":{"line":8,"column":60},"end":{"line":8,"column":68}},"4":{"start":{"line":9,"column":19},"end":{"line":9,"column":88}},"5":{"start":{"line":10,"column":6},"end":{"line":10,"column":101}},"6":{"start":{"line":12,"column":6},"end":{"line":16,"column":7}},"7":{"start":{"line":13,"column":8},"end":{"line":15,"column":11}},"8":{"start":{"line":17,"column":6},"end":{"line":17,"column":18}},"9":{"start":{"line":22,"column":4},"end":{"line":35,"column":5}},"10":{"start":{"line":23,"column":54},"end":{"line":23,"column":62}},"11":{"start":{"line":24,"column":50},"end":{"line":24,"column":110}},"12":{"start":{"line":26,"column":6},"end":{"line":30,"column":9}},"13":{"start":{"line":32,"column":6},"end":{"line":32,"column":50}},"14":{"start":{"line":34,"column":6},"end":{"line":34,"column":55}},"15":{"start":{"line":39,"column":4},"end":{"line":50,"column":5}},"16":{"start":{"line":40,"column":31},"end":{"line":40,"column":42}},"17":{"start":{"line":41,"column":6},"end":{"line":43,"column":7}},"18":{"start":{"line":42,"column":8},"end":{"line":42,"column":78}},"19":{"start":{"line":45,"column":29},"end":{"line":45,"column":68}},"20":{"start":{"line":46,"column":6},"end":{"line":46,"column":60}},"21":{"start":{"line":49,"column":6},"end":{"line":49,"column":55}},"22":{"start":{"line":54,"column":4},"end":{"line":62,"column":5}},"23":{"start":{"line":55,"column":6},"end":{"line":58,"column":9}},"24":{"start":{"line":59,"column":6},"end":{"line":59,"column":67}},"25":{"start":{"line":61,"column":6},"end":{"line":61,"column":18}},"26":{"start":{"line":67,"column":4},"end":{"line":78,"column":5}},"27":{"start":{"line":68,"column":24},"end":{"line":68,"column":32}},"28":{"start":{"line":70,"column":6},"end":{"line":72,"column":7}},"29":{"start":{"line":71,"column":8},"end":{"line":71,"column":70}},"30":{"start":{"line":74,"column":21},"end":{"line":74,"column":66}},"31":{"start":{"line":75,"column":6},"end":{"line":75,"column":35}},"32":{"start":{"line":77,"column":6},"end":{"line":77,"column":55}},"33":{"start":{"line":82,"column":4},"end":{"line":93,"column":5}},"34":{"start":{"line":83,"column":29},"end":{"line":83,"column":37}},"35":{"start":{"line":85,"column":6},"end":{"line":87,"column":7}},"36":{"start":{"line":86,"column":8},"end":{"line":86,"column":79}},"37":{"start":{"line":89,"column":21},"end":{"line":89,"column":60}},"38":{"start":{"line":90,"column":6},"end":{"line":90,"column":35}},"39":{"start":{"line":92,"column":6},"end":{"line":92,"column":55}},"40":{"start":{"line":97,"column":4},"end":{"line":116,"column":5}},"41":{"start":{"line":98,"column":42},"end":{"line":98,"column":50}},"42":{"start":{"line":100,"column":6},"end":{"line":104,"column":7}},"43":{"start":{"line":101,"column":8},"end":{"line":103,"column":11}},"44":{"start":{"line":106,"column":6},"end":{"line":110,"column":7}},"45":{"start":{"line":107,"column":8},"end":{"line":109,"column":11}},"46":{"start":{"line":112,"column":21},"end":{"line":112,"column":77}},"47":{"start":{"line":113,"column":6},"end":{"line":113,"column":35}},"48":{"start":{"line":115,"column":6},"end":{"line":115,"column":55}},"49":{"start":{"line":120,"column":4},"end":{"line":131,"column":5}},"50":{"start":{"line":121,"column":29},"end":{"line":121,"column":37}},"51":{"start":{"line":123,"column":6},"end":{"line":125,"column":7}},"52":{"start":{"line":124,"column":8},"end":{"line":124,"column":79}},"53":{"start":{"line":127,"column":21},"end":{"line":127,"column":62}},"54":{"start":{"line":128,"column":6},"end":{"line":128,"column":35}},"55":{"start":{"line":130,"column":6},"end":{"line":130,"column":55}},"56":{"start":{"line":135,"column":4},"end":{"line":146,"column":5}},"57":{"start":{"line":136,"column":24},"end":{"line":136,"column":32}},"58":{"start":{"line":138,"column":6},"end":{"line":140,"column":7}},"59":{"start":{"line":139,"column":8},"end":{"line":139,"column":70}},"60":{"start":{"line":142,"column":21},"end":{"line":142,"column":67}},"61":{"start":{"line":143,"column":6},"end":{"line":143,"column":35}},"62":{"start":{"line":145,"column":6},"end":{"line":145,"column":55}},"63":{"start":{"line":151,"column":27},"end":{"line":151,"column":47}},"64":{"start":{"line":153,"column":0},"end":{"line":163,"column":2}},"65":{"start":{"line":154,"column":42},"end":{"line":154,"column":95}},"66":{"start":{"line":155,"column":39},"end":{"line":155,"column":89}},"67":{"start":{"line":156,"column":41},"end":{"line":156,"column":93}},"68":{"start":{"line":157,"column":40},"end":{"line":157,"column":91}},"69":{"start":{"line":158,"column":54},"end":{"line":158,"column":119}},"70":{"start":{"line":159,"column":43},"end":{"line":159,"column":97}},"71":{"start":{"line":160,"column":47},"end":{"line":160,"column":105}},"72":{"start":{"line":161,"column":45},"end":{"line":161,"column":101}},"73":{"start":{"line":162,"column":55},"end":{"line":162,"column":121}}},"fnMap":{"0":{"name":"(anonymous_0)","decl":{"start":{"line":6,"column":2},"end":{"line":6,"column":3}},"loc":{"start":{"line":6,"column":43},"end":{"line":19,"column":3}},"line":6},"1":{"name":"(anonymous_1)","decl":{"start":{"line":21,"column":2},"end":{"line":21,"column":3}},"loc":{"start":{"line":21,"column":40},"end":{"line":36,"column":3}},"line":21},"2":{"name":"(anonymous_2)","decl":{"start":{"line":38,"column":2},"end":{"line":38,"column":3}},"loc":{"start":{"line":38,"column":42},"end":{"line":51,"column":3}},"line":38},"3":{"name":"(anonymous_3)","decl":{"start":{"line":53,"column":2},"end":{"line":53,"column":3}},"loc":{"start":{"line":53,"column":41},"end":{"line":63,"column":3}},"line":53},"4":{"name":"(anonymous_4)","decl":{"start":{"line":66,"column":2},"end":{"line":66,"column":3}},"loc":{"start":{"line":66,"column":55},"end":{"line":79,"column":3}},"line":66},"5":{"name":"(anonymous_5)","decl":{"start":{"line":81,"column":2},"end":{"line":81,"column":3}},"loc":{"start":{"line":81,"column":44},"end":{"line":94,"column":3}},"line":81},"6":{"name":"(anonymous_6)","decl":{"start":{"line":96,"column":2},"end":{"line":96,"column":3}},"loc":{"start":{"line":96,"column":48},"end":{"line":117,"column":3}},"line":96},"7":{"name":"(anonymous_7)","decl":{"start":{"line":119,"column":2},"end":{"line":119,"column":3}},"loc":{"start":{"line":119,"column":46},"end":{"line":132,"column":3}},"line":119},"8":{"name":"(anonymous_8)","decl":{"start":{"line":134,"column":2},"end":{"line":134,"column":3}},"loc":{"start":{"line":134,"column":56},"end":{"line":147,"column":3}},"line":134},"9":{"name":"(anonymous_9)","decl":{"start":{"line":154,"column":22},"end":{"line":154,"column":23}},"loc":{"start":{"line":154,"column":42},"end":{"line":154,"column":95}},"line":154},"10":{"name":"(anonymous_10)","decl":{"start":{"line":155,"column":19},"end":{"line":155,"column":20}},"loc":{"start":{"line":155,"column":39},"end":{"line":155,"column":89}},"line":155},"11":{"name":"(anonymous_11)","decl":{"start":{"line":156,"column":21},"end":{"line":156,"column":22}},"loc":{"start":{"line":156,"column":41},"end":{"line":156,"column":93}},"line":156},"12":{"name":"(anonymous_12)","decl":{"start":{"line":157,"column":20},"end":{"line":157,"column":21}},"loc":{"start":{"line":157,"column":40},"end":{"line":157,"column":91}},"line":157},"13":{"name":"(anonymous_13)","decl":{"start":{"line":158,"column":34},"end":{"line":158,"column":35}},"loc":{"start":{"line":158,"column":54},"end":{"line":158,"column":119}},"line":158},"14":{"name":"(anonymous_14)","decl":{"start":{"line":159,"column":23},"end":{"line":159,"column":24}},"loc":{"start":{"line":159,"column":43},"end":{"line":159,"column":97}},"line":159},"15":{"name":"(anonymous_15)","decl":{"start":{"line":160,"column":27},"end":{"line":160,"column":28}},"loc":{"start":{"line":160,"column":47},"end":{"line":160,"column":105}},"line":160},"16":{"name":"(anonymous_16)","decl":{"start":{"line":161,"column":25},"end":{"line":161,"column":26}},"loc":{"start":{"line":161,"column":45},"end":{"line":161,"column":101}},"line":161},"17":{"name":"(anonymous_17)","decl":{"start":{"line":162,"column":35},"end":{"line":162,"column":36}},"loc":{"start":{"line":162,"column":55},"end":{"line":162,"column":121}},"line":162}},"branchMap":{"0":{"loc":{"start":{"line":12,"column":6},"end":{"line":16,"column":7}},"type":"if","locations":[{"start":{"line":12,"column":6},"end":{"line":16,"column":7}},{"start":{},"end":{}}],"line":12},"1":{"loc":{"start":{"line":41,"column":6},"end":{"line":43,"column":7}},"type":"if","locations":[{"start":{"line":41,"column":6},"end":{"line":43,"column":7}},{"start":{},"end":{}}],"line":41},"2":{"loc":{"start":{"line":70,"column":6},"end":{"line":72,"column":7}},"type":"if","locations":[{"start":{"line":70,"column":6},"end":{"line":72,"column":7}},{"start":{},"end":{}}],"line":70},"3":{"loc":{"start":{"line":85,"column":6},"end":{"line":87,"column":7}},"type":"if","locations":[{"start":{"line":85,"column":6},"end":{"line":87,"column":7}},{"start":{},"end":{}}],"line":85},"4":{"loc":{"start":{"line":85,"column":10},"end":{"line":85,"column":24}},"type":"binary-expr","locations":[{"start":{"line":85,"column":10},"end":{"line":85,"column":16}},{"start":{"line":85,"column":20},"end":{"line":85,"column":24}}],"line":85},"5":{"loc":{"start":{"line":100,"column":6},"end":{"line":104,"column":7}},"type":"if","locations":[{"start":{"line":100,"column":6},"end":{"line":104,"column":7}},{"start":{},"end":{}}],"line":100},"6":{"loc":{"start":{"line":100,"column":10},"end":{"line":100,"column":40}},"type":"binary-expr","locations":[{"start":{"line":100,"column":10},"end":{"line":100,"column":16}},{"start":{"line":100,"column":20},"end":{"line":100,"column":24}},{"start":{"line":100,"column":28},"end":{"line":100,"column":40}}],"line":100},"7":{"loc":{"start":{"line":106,"column":6},"end":{"line":110,"column":7}},"type":"if","locations":[{"start":{"line":106,"column":6},"end":{"line":110,"column":7}},{"start":{},"end":{}}],"line":106},"8":{"loc":{"start":{"line":123,"column":6},"end":{"line":125,"column":7}},"type":"if","locations":[{"start":{"line":123,"column":6},"end":{"line":125,"column":7}},{"start":{},"end":{}}],"line":123},"9":{"loc":{"start":{"line":123,"column":10},"end":{"line":123,"column":24}},"type":"binary-expr","locations":[{"start":{"line":123,"column":10},"end":{"line":123,"column":16}},{"start":{"line":123,"column":20},"end":{"line":123,"column":24}}],"line":123},"10":{"loc":{"start":{"line":138,"column":6},"end":{"line":140,"column":7}},"type":"if","locations":[{"start":{"line":138,"column":6},"end":{"line":140,"column":7}},{"start":{},"end":{}}],"line":138}},"s":{"0":2,"1":2,"2":0,"3":0,"4":0,"5":0,"6":0,"7":0,"8":0,"9":2,"10":2,"11":2,"12":1,"13":1,"14":1,"15":0,"16":0,"17":0,"18":0,"19":0,"20":0,"21":0,"22":1,"23":1,"24":1,"25":0,"26":0,"27":0,"28":0,"29":0,"30":0,"31":0,"32":0,"33":0,"34":0,"35":0,"36":0,"37":0,"38":0,"39":0,"40":0,"41":0,"42":0,"43":0,"44":0,"45":0,"46":0,"47":0,"48":0,"49":0,"50":0,"51":0,"52":0,"53":0,"54":0,"55":0,"56":0,"57":0,"58":0,"59":0,"60":0,"61":0,"62":0,"63":2,"64":2,"65":0,"66":2,"67":0,"68":1,"69":0,"70":0,"71":0,"72":0,"73":0},"f":{"0":0,"1":2,"2":0,"3":1,"4":0,"5":0,"6":0,"7":0,"8":0,"9":0,"10":2,"11":0,"12":1,"13":0,"14":0,"15":0,"16":0,"17":0},"b":{"0":[0,0],"1":[0,0],"2":[0,0],"3":[0,0],"4":[0,0],"5":[0,0],"6":[0,0,0],"7":[0,0],"8":[0,0],"9":[0,0],"10":[0,0]},"_coverageSchema":"1a1c01bbd47fc00a2c39e90264f33305004495a9","hash":"9b660a940ddd85e16250b9766f124aa49829aca3"}
,"D:\\EELU Comunitty\\eelu-smart-scheduling\\BACKEND\\src\\controllers\\campus.controller.js": {"path":"D:\\EELU Comunitty\\eelu-smart-scheduling\\BACKEND\\src\\controllers\\campus.controller.js","statementMap":{"0":{"start":{"line":1,"column":84},"end":{"line":1,"column":121}},"1":{"start":{"line":2,"column":24},"end":{"line":2,"column":63}},"2":{"start":{"line":4,"column":31},"end":{"line":16,"column":1}},"3":{"start":{"line":5,"column":35},"end":{"line":5,"column":43}},"4":{"start":{"line":6,"column":4},"end":{"line":15,"column":5}},"5":{"start":{"line":7,"column":23},"end":{"line":7,"column":63}},"6":{"start":{"line":8,"column":8},"end":{"line":11,"column":11}},"7":{"start":{"line":13,"column":8},"end":{"line":13,"column":53}},"8":{"start":{"line":14,"column":8},"end":{"line":14,"column":122}},"9":{"start":{"line":19,"column":33},"end":{"line":29,"column":1}},"10":{"start":{"line":20,"column":4},"end":{"line":28,"column":5}},"11":{"start":{"line":21,"column":25},"end":{"line":21,"column":47}},"12":{"start":{"line":22,"column":8},"end":{"line":25,"column":11}},"13":{"start":{"line":27,"column":8},"end":{"line":27,"column":120}},"14":{"start":{"line":32,"column":32},"end":{"line":61,"column":1}},"15":{"start":{"line":33,"column":21},"end":{"line":33,"column":40}},"16":{"start":{"line":36,"column":4},"end":{"line":41,"column":5}},"17":{"start":{"line":37,"column":8},"end":{"line":40,"column":11}},"18":{"start":{"line":43,"column":4},"end":{"line":60,"column":5}},"19":{"start":{"line":44,"column":23},"end":{"line":44,"column":52}},"20":{"start":{"line":45,"column":8},"end":{"line":50,"column":9}},"21":{"start":{"line":46,"column":12},"end":{"line":49,"column":15}},"22":{"start":{"line":51,"column":8},"end":{"line":54,"column":11}},"23":{"start":{"line":56,"column":8},"end":{"line":59,"column":11}},"24":{"start":{"line":64,"column":31},"end":{"line":76,"column":1}},"25":{"start":{"line":65,"column":21},"end":{"line":65,"column":40}},"26":{"start":{"line":66,"column":25},"end":{"line":66,"column":33}},"27":{"start":{"line":67,"column":4},"end":{"line":75,"column":5}},"28":{"start":{"line":68,"column":30},"end":{"line":68,"column":70}},"29":{"start":{"line":69,"column":8},"end":{"line":72,"column":10}},"30":{"start":{"line":74,"column":8},"end":{"line":74,"column":124}},"31":{"start":{"line":79,"column":31},"end":{"line":110,"column":1}},"32":{"start":{"line":80,"column":21},"end":{"line":80,"column":40}},"33":{"start":{"line":83,"column":4},"end":{"line":88,"column":5}},"34":{"start":{"line":84,"column":8},"end":{"line":87,"column":11}},"35":{"start":{"line":90,"column":4},"end":{"line":109,"column":5}},"36":{"start":{"line":91,"column":30},"end":{"line":91,"column":58}},"37":{"start":{"line":92,"column":8},"end":{"line":96,"column":11}},"38":{"start":{"line":98,"column":8},"end":{"line":98,"column":53}},"39":{"start":{"line":100,"column":27},"end":{"line":102,"column":41}},"40":{"start":{"line":104,"column":8},"end":{"line":108,"column":11}},"41":{"start":{"line":112,"column":0},"end":{"line":112,"column":143}}},"fnMap":{"0":{"name":"(anonymous_0)","decl":{"start":{"line":4,"column":31},"end":{"line":4,"column":32}},"loc":{"start":{"line":4,"column":51},"end":{"line":16,"column":1}},"line":4},"1":{"name":"(anonymous_1)","decl":{"start":{"line":19,"column":33},"end":{"line":19,"column":34}},"loc":{"start":{"line":19,"column":53},"end":{"line":29,"column":1}},"line":19},"2":{"name":"(anonymous_2)","decl":{"start":{"line":32,"column":32},"end":{"line":32,"column":33}},"loc":{"start":{"line":32,"column":52},"end":{"line":61,"column":1}},"line":32},"3":{"name":"(anonymous_3)","decl":{"start":{"line":64,"column":31},"end":{"line":64,"column":32}},"loc":{"start":{"line":64,"column":51},"end":{"line":76,"column":1}},"line":64},"4":{"name":"(anonymous_4)","decl":{"start":{"line":79,"column":31},"end":{"line":79,"column":32}},"loc":{"start":{"line":79,"column":51},"end":{"line":110,"column":1}},"line":79}},"branchMap":{"0":{"loc":{"start":{"line":36,"column":4},"end":{"line":41,"column":5}},"type":"if","locations":[{"start":{"line":36,"column":4},"end":{"line":41,"column":5}},{"start":{},"end":{}}],"line":36},"1":{"loc":{"start":{"line":36,"column":8},"end":{"line":36,"column":45}},"type":"binary-expr","locations":[{"start":{"line":36,"column":8},"end":{"line":36,"column":17}},{"start":{"line":36,"column":21},"end":{"line":36,"column":45}}],"line":36},"2":{"loc":{"start":{"line":45,"column":8},"end":{"line":50,"column":9}},"type":"if","locations":[{"start":{"line":45,"column":8},"end":{"line":50,"column":9}},{"start":{},"end":{}}],"line":45},"3":{"loc":{"start":{"line":46,"column":30},"end":{"line":46,"column":62}},"type":"binary-expr","locations":[{"start":{"line":46,"column":30},"end":{"line":46,"column":55}},{"start":{"line":46,"column":59},"end":{"line":46,"column":62}}],"line":46},"4":{"loc":{"start":{"line":83,"column":4},"end":{"line":88,"column":5}},"type":"if","locations":[{"start":{"line":83,"column":4},"end":{"line":88,"column":5}},{"start":{},"end":{}}],"line":83},"5":{"loc":{"start":{"line":83,"column":8},"end":{"line":83,"column":45}},"type":"binary-expr","locations":[{"start":{"line":83,"column":8},"end":{"line":83,"column":17}},{"start":{"line":83,"column":21},"end":{"line":83,"column":45}}],"line":83},"6":{"loc":{"start":{"line":100,"column":27},"end":{"line":102,"column":41}},"type":"cond-expr","locations":[{"start":{"line":101,"column":14},"end":{"line":101,"column":46}},{"start":{"line":102,"column":14},"end":{"line":102,"column":41}}],"line":100},"7":{"loc":{"start":{"line":101,"column":14},"end":{"line":101,"column":46}},"type":"binary-expr","locations":[{"start":{"line":101,"column":14},"end":{"line":101,"column":39}},{"start":{"line":101,"column":43},"end":{"line":101,"column":46}}],"line":101}},"s":{"0":2,"1":2,"2":2,"3":0,"4":0,"5":0,"6":0,"7":0,"8":0,"9":2,"10":0,"11":0,"12":0,"13":0,"14":2,"15":0,"16":0,"17":0,"18":0,"19":0,"20":0,"21":0,"22":0,"23":0,"24":2,"25":0,"26":0,"27":0,"28":0,"29":0,"30":0,"31":2,"32":0,"33":0,"34":0,"35":0,"36":0,"37":0,"38":0,"39":0,"40":0,"41":2},"f":{"0":0,"1":0,"2":0,"3":0,"4":0},"b":{"0":[0,0],"1":[0,0],"2":[0,0],"3":[0,0],"4":[0,0],"5":[0,0],"6":[0,0],"7":[0,0]},"_coverageSchema":"1a1c01bbd47fc00a2c39e90264f33305004495a9","hash":"38aaed1990dd184fc0d4f3f91f5ccf6d51245254"}
,"D:\\EELU Comunitty\\eelu-smart-scheduling\\BACKEND\\src\\controllers\\classroom.controller.js": {"path":"D:\\EELU Comunitty\\eelu-smart-scheduling\\BACKEND\\src\\controllers\\classroom.controller.js","statementMap":{"0":{"start":{"line":1,"column":96},"end":{"line":1,"column":136}},"1":{"start":{"line":2,"column":24},"end":{"line":2,"column":63}},"2":{"start":{"line":5,"column":34},"end":{"line":19,"column":1}},"3":{"start":{"line":6,"column":47},"end":{"line":6,"column":55}},"4":{"start":{"line":7,"column":4},"end":{"line":18,"column":5}},"5":{"start":{"line":8,"column":26},"end":{"line":8,"column":81}},"6":{"start":{"line":9,"column":8},"end":{"line":12,"column":11}},"7":{"start":{"line":14,"column":8},"end":{"line":17,"column":11}},"8":{"start":{"line":21,"column":35},"end":{"line":35,"column":1}},"9":{"start":{"line":22,"column":25},"end":{"line":22,"column":34}},"10":{"start":{"line":23,"column":4},"end":{"line":34,"column":5}},"11":{"start":{"line":24,"column":27},"end":{"line":24,"column":61}},"12":{"start":{"line":25,"column":8},"end":{"line":28,"column":11}},"13":{"start":{"line":30,"column":8},"end":{"line":33,"column":11}},"14":{"start":{"line":37,"column":35},"end":{"line":51,"column":1}},"15":{"start":{"line":38,"column":26},"end":{"line":38,"column":36}},"16":{"start":{"line":39,"column":4},"end":{"line":50,"column":5}},"17":{"start":{"line":40,"column":26},"end":{"line":40,"column":61}},"18":{"start":{"line":41,"column":8},"end":{"line":44,"column":11}},"19":{"start":{"line":46,"column":8},"end":{"line":49,"column":11}},"20":{"start":{"line":53,"column":34},"end":{"line":68,"column":1}},"21":{"start":{"line":54,"column":26},"end":{"line":54,"column":36}},"22":{"start":{"line":55,"column":47},"end":{"line":55,"column":55}},"23":{"start":{"line":56,"column":4},"end":{"line":67,"column":5}},"24":{"start":{"line":57,"column":33},"end":{"line":57,"column":101}},"25":{"start":{"line":58,"column":8},"end":{"line":61,"column":11}},"26":{"start":{"line":63,"column":8},"end":{"line":66,"column":11}},"27":{"start":{"line":70,"column":34},"end":{"line":84,"column":1}},"28":{"start":{"line":71,"column":26},"end":{"line":71,"column":36}},"29":{"start":{"line":72,"column":4},"end":{"line":83,"column":5}},"30":{"start":{"line":73,"column":33},"end":{"line":73,"column":67}},"31":{"start":{"line":74,"column":8},"end":{"line":77,"column":11}},"32":{"start":{"line":79,"column":8},"end":{"line":82,"column":11}},"33":{"start":{"line":86,"column":0},"end":{"line":86,"column":157}}},"fnMap":{"0":{"name":"(anonymous_0)","decl":{"start":{"line":5,"column":34},"end":{"line":5,"column":35}},"loc":{"start":{"line":5,"column":54},"end":{"line":19,"column":1}},"line":5},"1":{"name":"(anonymous_1)","decl":{"start":{"line":21,"column":35},"end":{"line":21,"column":36}},"loc":{"start":{"line":21,"column":55},"end":{"line":35,"column":1}},"line":21},"2":{"name":"(anonymous_2)","decl":{"start":{"line":37,"column":35},"end":{"line":37,"column":36}},"loc":{"start":{"line":37,"column":55},"end":{"line":51,"column":1}},"line":37},"3":{"name":"(anonymous_3)","decl":{"start":{"line":53,"column":34},"end":{"line":53,"column":35}},"loc":{"start":{"line":53,"column":54},"end":{"line":68,"column":1}},"line":53},"4":{"name":"(anonymous_4)","decl":{"start":{"line":70,"column":34},"end":{"line":70,"column":35}},"loc":{"start":{"line":70,"column":54},"end":{"line":84,"column":1}},"line":70}},"branchMap":{},"s":{"0":2,"1":2,"2":2,"3":0,"4":0,"5":0,"6":0,"7":0,"8":2,"9":0,"10":0,"11":0,"12":0,"13":0,"14":2,"15":0,"16":0,"17":0,"18":0,"19":0,"20":2,"21":0,"22":0,"23":0,"24":0,"25":0,"26":0,"27":2,"28":0,"29":0,"30":0,"31":0,"32":0,"33":2},"f":{"0":0,"1":0,"2":0,"3":0,"4":0},"b":{},"_coverageSchema":"1a1c01bbd47fc00a2c39e90264f33305004495a9","hash":"b6e79f63abf9b11a73e6477bd70ca5180180a364"}
,"D:\\EELU Comunitty\\eelu-smart-scheduling\\BACKEND\\src\\controllers\\college.controller.js": {"path":"D:\\EELU Comunitty\\eelu-smart-scheduling\\BACKEND\\src\\controllers\\college.controller.js","statementMap":{"0":{"start":{"line":1,"column":88},"end":{"line":1,"column":126}},"1":{"start":{"line":2,"column":24},"end":{"line":2,"column":63}},"2":{"start":{"line":5,"column":32},"end":{"line":19,"column":1}},"3":{"start":{"line":6,"column":29},"end":{"line":6,"column":37}},"4":{"start":{"line":7,"column":4},"end":{"line":18,"column":5}},"5":{"start":{"line":8,"column":24},"end":{"line":8,"column":59}},"6":{"start":{"line":9,"column":8},"end":{"line":12,"column":10}},"7":{"start":{"line":14,"column":8},"end":{"line":17,"column":10}},"8":{"start":{"line":21,"column":33},"end":{"line":35,"column":1}},"9":{"start":{"line":22,"column":21},"end":{"line":22,"column":40}},"10":{"start":{"line":23,"column":4},"end":{"line":34,"column":5}},"11":{"start":{"line":24,"column":25},"end":{"line":24,"column":55}},"12":{"start":{"line":25,"column":8},"end":{"line":28,"column":10}},"13":{"start":{"line":30,"column":8},"end":{"line":33,"column":10}},"14":{"start":{"line":37,"column":33},"end":{"line":51,"column":1}},"15":{"start":{"line":38,"column":22},"end":{"line":38,"column":42}},"16":{"start":{"line":39,"column":4},"end":{"line":50,"column":5}},"17":{"start":{"line":40,"column":24},"end":{"line":40,"column":55}},"18":{"start":{"line":41,"column":8},"end":{"line":44,"column":10}},"19":{"start":{"line":46,"column":8},"end":{"line":49,"column":10}},"20":{"start":{"line":53,"column":32},"end":{"line":68,"column":1}},"21":{"start":{"line":54,"column":22},"end":{"line":54,"column":42}},"22":{"start":{"line":55,"column":29},"end":{"line":55,"column":37}},"23":{"start":{"line":56,"column":4},"end":{"line":67,"column":5}},"24":{"start":{"line":57,"column":31},"end":{"line":57,"column":77}},"25":{"start":{"line":58,"column":8},"end":{"line":61,"column":10}},"26":{"start":{"line":63,"column":8},"end":{"line":66,"column":10}},"27":{"start":{"line":70,"column":32},"end":{"line":84,"column":1}},"28":{"start":{"line":71,"column":22},"end":{"line":71,"column":42}},"29":{"start":{"line":72,"column":4},"end":{"line":83,"column":5}},"30":{"start":{"line":73,"column":31},"end":{"line":73,"column":61}},"31":{"start":{"line":74,"column":8},"end":{"line":77,"column":10}},"32":{"start":{"line":79,"column":8},"end":{"line":82,"column":10}},"33":{"start":{"line":86,"column":0},"end":{"line":86,"column":147}}},"fnMap":{"0":{"name":"(anonymous_0)","decl":{"start":{"line":5,"column":32},"end":{"line":5,"column":33}},"loc":{"start":{"line":5,"column":52},"end":{"line":19,"column":1}},"line":5},"1":{"name":"(anonymous_1)","decl":{"start":{"line":21,"column":33},"end":{"line":21,"column":34}},"loc":{"start":{"line":21,"column":53},"end":{"line":35,"column":1}},"line":21},"2":{"name":"(anonymous_2)","decl":{"start":{"line":37,"column":33},"end":{"line":37,"column":34}},"loc":{"start":{"line":37,"column":53},"end":{"line":51,"column":1}},"line":37},"3":{"name":"(anonymous_3)","decl":{"start":{"line":53,"column":32},"end":{"line":53,"column":33}},"loc":{"start":{"line":53,"column":52},"end":{"line":68,"column":1}},"line":53},"4":{"name":"(anonymous_4)","decl":{"start":{"line":70,"column":32},"end":{"line":70,"column":33}},"loc":{"start":{"line":70,"column":52},"end":{"line":84,"column":1}},"line":70}},"branchMap":{},"s":{"0":2,"1":2,"2":2,"3":0,"4":0,"5":0,"6":0,"7":0,"8":2,"9":0,"10":0,"11":0,"12":0,"13":0,"14":2,"15":0,"16":0,"17":0,"18":0,"19":0,"20":2,"21":0,"22":0,"23":0,"24":0,"25":0,"26":0,"27":2,"28":0,"29":0,"30":0,"31":0,"32":0,"33":2},"f":{"0":0,"1":0,"2":0,"3":0,"4":0},"b":{},"_coverageSchema":"1a1c01bbd47fc00a2c39e90264f33305004495a9","hash":"4e81a743900904b8086330dd561c7117311139d7"}
,"D:\\EELU Comunitty\\eelu-smart-scheduling\\BACKEND\\src\\controllers\\course.controller.js": {"path":"D:\\EELU Comunitty\\eelu-smart-scheduling\\BACKEND\\src\\controllers\\course.controller.js","statementMap":{"0":{"start":{"line":1,"column":83},"end":{"line":1,"column":120}},"1":{"start":{"line":2,"column":24},"end":{"line":2,"column":63}},"2":{"start":{"line":5,"column":31},"end":{"line":18,"column":1}},"3":{"start":{"line":6,"column":4},"end":{"line":17,"column":5}},"4":{"start":{"line":7,"column":23},"end":{"line":7,"column":51}},"5":{"start":{"line":8,"column":8},"end":{"line":11,"column":11}},"6":{"start":{"line":13,"column":8},"end":{"line":16,"column":11}},"7":{"start":{"line":20,"column":32},"end":{"line":34,"column":1}},"8":{"start":{"line":21,"column":4},"end":{"line":33,"column":5}},"9":{"start":{"line":22,"column":26},"end":{"line":22,"column":45}},"10":{"start":{"line":23,"column":24},"end":{"line":23,"column":54}},"11":{"start":{"line":24,"column":8},"end":{"line":27,"column":11}},"12":{"start":{"line":29,"column":8},"end":{"line":32,"column":11}},"13":{"start":{"line":36,"column":32},"end":{"line":50,"column":1}},"14":{"start":{"line":37,"column":21},"end":{"line":37,"column":40}},"15":{"start":{"line":38,"column":4},"end":{"line":49,"column":5}},"16":{"start":{"line":39,"column":23},"end":{"line":39,"column":52}},"17":{"start":{"line":40,"column":8},"end":{"line":43,"column":11}},"18":{"start":{"line":45,"column":8},"end":{"line":48,"column":11}},"19":{"start":{"line":52,"column":31},"end":{"line":66,"column":1}},"20":{"start":{"line":53,"column":21},"end":{"line":53,"column":40}},"21":{"start":{"line":54,"column":4},"end":{"line":65,"column":5}},"22":{"start":{"line":55,"column":30},"end":{"line":55,"column":68}},"23":{"start":{"line":56,"column":8},"end":{"line":59,"column":11}},"24":{"start":{"line":61,"column":8},"end":{"line":64,"column":11}},"25":{"start":{"line":69,"column":32},"end":{"line":83,"column":1}},"26":{"start":{"line":70,"column":21},"end":{"line":70,"column":40}},"27":{"start":{"line":71,"column":4},"end":{"line":82,"column":5}},"28":{"start":{"line":72,"column":30},"end":{"line":72,"column":58}},"29":{"start":{"line":73,"column":8},"end":{"line":76,"column":10}},"30":{"start":{"line":78,"column":8},"end":{"line":81,"column":11}},"31":{"start":{"line":86,"column":0},"end":{"line":86,"column":143}}},"fnMap":{"0":{"name":"(anonymous_0)","decl":{"start":{"line":5,"column":31},"end":{"line":5,"column":32}},"loc":{"start":{"line":5,"column":51},"end":{"line":18,"column":1}},"line":5},"1":{"name":"(anonymous_1)","decl":{"start":{"line":20,"column":32},"end":{"line":20,"column":33}},"loc":{"start":{"line":20,"column":52},"end":{"line":34,"column":1}},"line":20},"2":{"name":"(anonymous_2)","decl":{"start":{"line":36,"column":32},"end":{"line":36,"column":33}},"loc":{"start":{"line":36,"column":52},"end":{"line":50,"column":1}},"line":36},"3":{"name":"(anonymous_3)","decl":{"start":{"line":52,"column":31},"end":{"line":52,"column":32}},"loc":{"start":{"line":52,"column":51},"end":{"line":66,"column":1}},"line":52},"4":{"name":"(anonymous_4)","decl":{"start":{"line":69,"column":32},"end":{"line":69,"column":33}},"loc":{"start":{"line":69,"column":52},"end":{"line":83,"column":1}},"line":69}},"branchMap":{},"s":{"0":2,"1":2,"2":2,"3":0,"4":0,"5":0,"6":0,"7":2,"8":0,"9":0,"10":0,"11":0,"12":0,"13":2,"14":0,"15":0,"16":0,"17":0,"18":0,"19":2,"20":0,"21":0,"22":0,"23":0,"24":0,"25":2,"26":0,"27":0,"28":0,"29":0,"30":0,"31":2},"f":{"0":0,"1":0,"2":0,"3":0,"4":0},"b":{},"_coverageSchema":"1a1c01bbd47fc00a2c39e90264f33305004495a9","hash":"24e56faf5ee9cab81c6ea18e1ca9993a3b680059"}
,"D:\\EELU Comunitty\\eelu-smart-scheduling\\BACKEND\\src\\controllers\\department.controller.js": {"path":"D:\\EELU Comunitty\\eelu-smart-scheduling\\BACKEND\\src\\controllers\\department.controller.js","statementMap":{"0":{"start":{"line":1,"column":101},"end":{"line":1,"column":142}},"1":{"start":{"line":2,"column":24},"end":{"line":2,"column":63}},"2":{"start":{"line":5,"column":34},"end":{"line":19,"column":1}},"3":{"start":{"line":6,"column":36},"end":{"line":6,"column":44}},"4":{"start":{"line":7,"column":4},"end":{"line":18,"column":5}},"5":{"start":{"line":8,"column":27},"end":{"line":8,"column":72}},"6":{"start":{"line":9,"column":8},"end":{"line":12,"column":10}},"7":{"start":{"line":14,"column":8},"end":{"line":17,"column":10}},"8":{"start":{"line":21,"column":36},"end":{"line":35,"column":1}},"9":{"start":{"line":22,"column":22},"end":{"line":22,"column":42}},"10":{"start":{"line":23,"column":4},"end":{"line":34,"column":5}},"11":{"start":{"line":24,"column":28},"end":{"line":24,"column":62}},"12":{"start":{"line":25,"column":8},"end":{"line":28,"column":11}},"13":{"start":{"line":30,"column":8},"end":{"line":33,"column":10}},"14":{"start":{"line":37,"column":36},"end":{"line":51,"column":1}},"15":{"start":{"line":38,"column":25},"end":{"line":38,"column":48}},"16":{"start":{"line":39,"column":4},"end":{"line":50,"column":5}},"17":{"start":{"line":40,"column":27},"end":{"line":40,"column":64}},"18":{"start":{"line":41,"column":8},"end":{"line":44,"column":11}},"19":{"start":{"line":46,"column":8},"end":{"line":49,"column":10}},"20":{"start":{"line":53,"column":35},"end":{"line":68,"column":1}},"21":{"start":{"line":54,"column":25},"end":{"line":54,"column":48}},"22":{"start":{"line":55,"column":36},"end":{"line":55,"column":44}},"23":{"start":{"line":56,"column":4},"end":{"line":67,"column":5}},"24":{"start":{"line":57,"column":34},"end":{"line":57,"column":93}},"25":{"start":{"line":58,"column":8},"end":{"line":61,"column":11}},"26":{"start":{"line":63,"column":8},"end":{"line":66,"column":10}},"27":{"start":{"line":70,"column":35},"end":{"line":84,"column":1}},"28":{"start":{"line":71,"column":25},"end":{"line":71,"column":48}},"29":{"start":{"line":72,"column":4},"end":{"line":83,"column":5}},"30":{"start":{"line":73,"column":34},"end":{"line":73,"column":70}},"31":{"start":{"line":74,"column":8},"end":{"line":77,"column":10}},"32":{"start":{"line":79,"column":8},"end":{"line":82,"column":10}},"33":{"start":{"line":86,"column":0},"end":{"line":86,"column":160}}},"fnMap":{"0":{"name":"(anonymous_0)","decl":{"start":{"line":5,"column":34},"end":{"line":5,"column":35}},"loc":{"start":{"line":5,"column":54},"end":{"line":19,"column":1}},"line":5},"1":{"name":"(anonymous_1)","decl":{"start":{"line":21,"column":36},"end":{"line":21,"column":37}},"loc":{"start":{"line":21,"column":56},"end":{"line":35,"column":1}},"line":21},"2":{"name":"(anonymous_2)","decl":{"start":{"line":37,"column":36},"end":{"line":37,"column":37}},"loc":{"start":{"line":37,"column":56},"end":{"line":51,"column":1}},"line":37},"3":{"name":"(anonymous_3)","decl":{"start":{"line":53,"column":35},"end":{"line":53,"column":36}},"loc":{"start":{"line":53,"column":55},"end":{"line":68,"column":1}},"line":53},"4":{"name":"(anonymous_4)","decl":{"start":{"line":70,"column":35},"end":{"line":70,"column":36}},"loc":{"start":{"line":70,"column":55},"end":{"line":84,"column":1}},"line":70}},"branchMap":{},"s":{"0":2,"1":2,"2":2,"3":0,"4":0,"5":0,"6":0,"7":0,"8":2,"9":0,"10":0,"11":0,"12":0,"13":0,"14":2,"15":0,"16":0,"17":0,"18":0,"19":0,"20":2,"21":0,"22":0,"23":0,"24":0,"25":0,"26":0,"27":2,"28":0,"29":0,"30":0,"31":0,"32":0,"33":2},"f":{"0":0,"1":0,"2":0,"3":0,"4":0},"b":{},"_coverageSchema":"1a1c01bbd47fc00a2c39e90264f33305004495a9","hash":"7966d08e8a450cc285def178fdeab1fe3ba23678"}
,"D:\\EELU Comunitty\\eelu-smart-scheduling\\BACKEND\\src\\controllers\\import.controller.js": {"path":"D:\\EELU Comunitty\\eelu-smart-scheduling\\BACKEND\\src\\controllers\\import.controller.js","statementMap":{"0":{"start":{"line":1,"column":15},"end":{"line":1,"column":32}},"1":{"start":{"line":2,"column":124},"end":{"line":2,"column":161}},"2":{"start":{"line":3,"column":24},"end":{"line":3,"column":63}},"3":{"start":{"line":6,"column":16},"end":{"line":6,"column":38}},"4":{"start":{"line":7,"column":15},"end":{"line":24,"column":2}},"5":{"start":{"line":11,"column":25},"end":{"line":16,"column":5}},"6":{"start":{"line":18,"column":4},"end":{"line":22,"column":5}},"7":{"start":{"line":19,"column":6},"end":{"line":19,"column":21}},"8":{"start":{"line":21,"column":6},"end":{"line":21,"column":116}},"9":{"start":{"line":26,"column":25},"end":{"line":26,"column":46}},"10":{"start":{"line":32,"column":29},"end":{"line":184,"column":1}},"11":{"start":{"line":33,"column":2},"end":{"line":183,"column":3}},"12":{"start":{"line":34,"column":25},"end":{"line":34,"column":35}},"13":{"start":{"line":36,"column":21},"end":{"line":36,"column":47}},"14":{"start":{"line":38,"column":4},"end":{"line":43,"column":7}},"15":{"start":{"line":45,"column":4},"end":{"line":50,"column":5}},"16":{"start":{"line":46,"column":6},"end":{"line":49,"column":9}},"17":{"start":{"line":52,"column":4},"end":{"line":57,"column":5}},"18":{"start":{"line":53,"column":6},"end":{"line":56,"column":9}},"19":{"start":{"line":60,"column":23},"end":{"line":60,"column":38}},"20":{"start":{"line":61,"column":21},"end":{"line":61,"column":42}},"21":{"start":{"line":64,"column":4},"end":{"line":88,"column":5}},"22":{"start":{"line":65,"column":6},"end":{"line":76,"column":7}},"23":{"start":{"line":66,"column":8},"end":{"line":66,"column":60}},"24":{"start":{"line":67,"column":8},"end":{"line":69,"column":9}},"25":{"start":{"line":68,"column":10},"end":{"line":68,"column":32}},"26":{"start":{"line":71,"column":8},"end":{"line":75,"column":11}},"27":{"start":{"line":79,"column":6},"end":{"line":87,"column":7}},"28":{"start":{"line":80,"column":8},"end":{"line":80,"column":48}},"29":{"start":{"line":82,"column":8},"end":{"line":86,"column":11}},"30":{"start":{"line":90,"column":4},"end":{"line":95,"column":5}},"31":{"start":{"line":91,"column":6},"end":{"line":94,"column":9}},"32":{"start":{"line":99,"column":4},"end":{"line":127,"column":5}},"33":{"start":{"line":101,"column":8},"end":{"line":101,"column":64}},"34":{"start":{"line":102,"column":8},"end":{"line":102,"column":14}},"35":{"start":{"line":104,"column":8},"end":{"line":109,"column":9}},"36":{"start":{"line":105,"column":10},"end":{"line":108,"column":13}},"37":{"start":{"line":110,"column":8},"end":{"line":110,"column":68}},"38":{"start":{"line":111,"column":8},"end":{"line":111,"column":14}},"39":{"start":{"line":114,"column":8},"end":{"line":114,"column":62}},"40":{"start":{"line":115,"column":8},"end":{"line":115,"column":14}},"41":{"start":{"line":117,"column":8},"end":{"line":117,"column":58}},"42":{"start":{"line":118,"column":8},"end":{"line":118,"column":14}},"43":{"start":{"line":120,"column":8},"end":{"line":120,"column":58}},"44":{"start":{"line":121,"column":8},"end":{"line":121,"column":14}},"45":{"start":{"line":123,"column":8},"end":{"line":126,"column":11}},"46":{"start":{"line":130,"column":4},"end":{"line":175,"column":5}},"47":{"start":{"line":131,"column":6},"end":{"line":160,"column":9}},"48":{"start":{"line":162,"column":6},"end":{"line":174,"column":9}},"49":{"start":{"line":177,"column":4},"end":{"line":177,"column":42}},"50":{"start":{"line":178,"column":4},"end":{"line":182,"column":7}},"51":{"start":{"line":186,"column":0},"end":{"line":189,"column":2}}},"fnMap":{"0":{"name":"(anonymous_0)","decl":{"start":{"line":10,"column":14},"end":{"line":10,"column":15}},"loc":{"start":{"line":10,"column":33},"end":{"line":23,"column":3}},"line":10},"1":{"name":"(anonymous_1)","decl":{"start":{"line":32,"column":29},"end":{"line":32,"column":30}},"loc":{"start":{"line":32,"column":49},"end":{"line":184,"column":1}},"line":32}},"branchMap":{"0":{"loc":{"start":{"line":18,"column":4},"end":{"line":22,"column":5}},"type":"if","locations":[{"start":{"line":18,"column":4},"end":{"line":22,"column":5}},{"start":{"line":20,"column":11},"end":{"line":22,"column":5}}],"line":18},"1":{"loc":{"start":{"line":18,"column":8},"end":{"line":18,"column":198}},"type":"binary-expr","locations":[{"start":{"line":18,"column":8},"end":{"line":18,"column":44}},{"start":{"line":18,"column":48},"end":{"line":18,"column":83}},{"start":{"line":18,"column":87},"end":{"line":18,"column":121}},{"start":{"line":18,"column":125},"end":{"line":18,"column":159}},{"start":{"line":18,"column":163},"end":{"line":18,"column":198}}],"line":18},"2":{"loc":{"start":{"line":36,"column":21},"end":{"line":36,"column":47}},"type":"binary-expr","locations":[{"start":{"line":36,"column":21},"end":{"line":36,"column":39}},{"start":{"line":36,"column":43},"end":{"line":36,"column":47}}],"line":36},"3":{"loc":{"start":{"line":41,"column":28},"end":{"line":41,"column":42}},"type":"binary-expr","locations":[{"start":{"line":41,"column":28},"end":{"line":41,"column":36}},{"start":{"line":41,"column":40},"end":{"line":41,"column":42}}],"line":41},"4":{"loc":{"start":{"line":45,"column":4},"end":{"line":50,"column":5}},"type":"if","locations":[{"start":{"line":45,"column":4},"end":{"line":50,"column":5}},{"start":{},"end":{}}],"line":45},"5":{"loc":{"start":{"line":52,"column":4},"end":{"line":57,"column":5}},"type":"if","locations":[{"start":{"line":52,"column":4},"end":{"line":57,"column":5}},{"start":{},"end":{}}],"line":52},"6":{"loc":{"start":{"line":64,"column":4},"end":{"line":88,"column":5}},"type":"if","locations":[{"start":{"line":64,"column":4},"end":{"line":88,"column":5}},{"start":{"line":77,"column":11},"end":{"line":88,"column":5}}],"line":64},"7":{"loc":{"start":{"line":67,"column":8},"end":{"line":69,"column":9}},"type":"if","locations":[{"start":{"line":67,"column":8},"end":{"line":69,"column":9}},{"start":{},"end":{}}],"line":67},"8":{"loc":{"start":{"line":90,"column":4},"end":{"line":95,"column":5}},"type":"if","locations":[{"start":{"line":90,"column":4},"end":{"line":95,"column":5}},{"start":{},"end":{}}],"line":90},"9":{"loc":{"start":{"line":90,"column":8},"end":{"line":90,"column":42}},"type":"binary-expr","locations":[{"start":{"line":90,"column":8},"end":{"line":90,"column":17}},{"start":{"line":90,"column":21},"end":{"line":90,"column":42}}],"line":90},"10":{"loc":{"start":{"line":99,"column":4},"end":{"line":127,"column":5}},"type":"switch","locations":[{"start":{"line":100,"column":6},"end":{"line":102,"column":14}},{"start":{"line":103,"column":6},"end":{"line":111,"column":14}},{"start":{"line":112,"column":6},"end":{"line":112,"column":21}},{"start":{"line":113,"column":6},"end":{"line":115,"column":14}},{"start":{"line":116,"column":6},"end":{"line":118,"column":14}},{"start":{"line":119,"column":6},"end":{"line":121,"column":14}},{"start":{"line":122,"column":6},"end":{"line":126,"column":11}}],"line":99},"11":{"loc":{"start":{"line":104,"column":8},"end":{"line":109,"column":9}},"type":"if","locations":[{"start":{"line":104,"column":8},"end":{"line":109,"column":9}},{"start":{},"end":{}}],"line":104},"12":{"loc":{"start":{"line":130,"column":4},"end":{"line":175,"column":5}},"type":"if","locations":[{"start":{"line":130,"column":4},"end":{"line":175,"column":5}},{"start":{"line":161,"column":11},"end":{"line":175,"column":5}}],"line":130}},"s":{"0":2,"1":2,"2":2,"3":2,"4":2,"5":0,"6":0,"7":0,"8":0,"9":2,"10":2,"11":0,"12":0,"13":0,"14":0,"15":0,"16":0,"17":0,"18":0,"19":0,"20":0,"21":0,"22":0,"23":0,"24":0,"25":0,"26":0,"27":0,"28":0,"29":0,"30":0,"31":0,"32":0,"33":0,"34":0,"35":0,"36":0,"37":0,"38":0,"39":0,"40":0,"41":0,"42":0,"43":0,"44":0,"45":0,"46":0,"47":0,"48":0,"49":0,"50":0,"51":2},"f":{"0":0,"1":0},"b":{"0":[0,0],"1":[0,0,0,0,0],"2":[0,0],"3":[0,0],"4":[0,0],"5":[0,0],"6":[0,0],"7":[0,0],"8":[0,0],"9":[0,0],"10":[0,0,0,0,0,0,0],"11":[0,0],"12":[0,0]},"_coverageSchema":"1a1c01bbd47fc00a2c39e90264f33305004495a9","hash":"f8bc4cb168be8e1767424b9a95f9bcf84f471030"}
,"D:\\EELU Comunitty\\eelu-smart-scheduling\\BACKEND\\src\\controllers\\instructor.controller.js": {"path":"D:\\EELU Comunitty\\eelu-smart-scheduling\\BACKEND\\src\\controllers\\instructor.controller.js","statementMap":{"0":{"start":{"line":11,"column":4},"end":{"line":11,"column":45}},"1":{"start":{"line":12,"column":24},"end":{"line":12,"column":63}},"2":{"start":{"line":14,"column":35},"end":{"line":30,"column":1}},"3":{"start":{"line":15,"column":4},"end":{"line":29,"column":5}},"4":{"start":{"line":16,"column":62},"end":{"line":16,"column":70}},"5":{"start":{"line":17,"column":27},"end":{"line":17,"column":92}},"6":{"start":{"line":18,"column":8},"end":{"line":22,"column":11}},"7":{"start":{"line":24,"column":8},"end":{"line":28,"column":11}},"8":{"start":{"line":32,"column":36},"end":{"line":47,"column":1}},"9":{"start":{"line":33,"column":4},"end":{"line":46,"column":5}},"10":{"start":{"line":34,"column":28},"end":{"line":34,"column":53}},"11":{"start":{"line":35,"column":8},"end":{"line":39,"column":11}},"12":{"start":{"line":41,"column":8},"end":{"line":45,"column":11}},"13":{"start":{"line":49,"column":36},"end":{"line":71,"column":1}},"14":{"start":{"line":50,"column":4},"end":{"line":70,"column":5}},"15":{"start":{"line":51,"column":33},"end":{"line":51,"column":43}},"16":{"start":{"line":52,"column":27},"end":{"line":52,"column":64}},"17":{"start":{"line":53,"column":8},"end":{"line":58,"column":9}},"18":{"start":{"line":54,"column":12},"end":{"line":57,"column":15}},"19":{"start":{"line":59,"column":8},"end":{"line":63,"column":11}},"20":{"start":{"line":65,"column":8},"end":{"line":69,"column":11}},"21":{"start":{"line":73,"column":35},"end":{"line":90,"column":1}},"22":{"start":{"line":74,"column":4},"end":{"line":89,"column":5}},"23":{"start":{"line":75,"column":33},"end":{"line":75,"column":43}},"24":{"start":{"line":76,"column":48},"end":{"line":76,"column":56}},"25":{"start":{"line":77,"column":34},"end":{"line":77,"column":99}},"26":{"start":{"line":78,"column":8},"end":{"line":82,"column":11}},"27":{"start":{"line":84,"column":8},"end":{"line":88,"column":11}},"28":{"start":{"line":92,"column":35},"end":{"line":108,"column":1}},"29":{"start":{"line":93,"column":4},"end":{"line":107,"column":5}},"30":{"start":{"line":94,"column":33},"end":{"line":94,"column":43}},"31":{"start":{"line":95,"column":34},"end":{"line":95,"column":70}},"32":{"start":{"line":96,"column":8},"end":{"line":100,"column":11}},"33":{"start":{"line":102,"column":8},"end":{"line":106,"column":11}},"34":{"start":{"line":112,"column":37},"end":{"line":135,"column":1}},"35":{"start":{"line":113,"column":4},"end":{"line":134,"column":5}},"36":{"start":{"line":114,"column":27},"end":{"line":114,"column":67}},"37":{"start":{"line":115,"column":8},"end":{"line":120,"column":9}},"38":{"start":{"line":116,"column":12},"end":{"line":119,"column":15}},"39":{"start":{"line":121,"column":26},"end":{"line":121,"column":34}},"40":{"start":{"line":122,"column":23},"end":{"line":122,"column":69}},"41":{"start":{"line":123,"column":8},"end":{"line":127,"column":11}},"42":{"start":{"line":129,"column":27},"end":{"line":129,"column":77}},"43":{"start":{"line":130,"column":8},"end":{"line":133,"column":11}},"44":{"start":{"line":137,"column":36},"end":{"line":159,"column":1}},"45":{"start":{"line":138,"column":4},"end":{"line":158,"column":5}},"46":{"start":{"line":139,"column":27},"end":{"line":139,"column":67}},"47":{"start":{"line":140,"column":8},"end":{"line":145,"column":9}},"48":{"start":{"line":141,"column":12},"end":{"line":144,"column":15}},"49":{"start":{"line":146,"column":22},"end":{"line":146,"column":60}},"50":{"start":{"line":147,"column":8},"end":{"line":151,"column":11}},"51":{"start":{"line":153,"column":8},"end":{"line":157,"column":11}},"52":{"start":{"line":161,"column":37},"end":{"line":178,"column":1}},"53":{"start":{"line":162,"column":4},"end":{"line":177,"column":5}},"54":{"start":{"line":163,"column":35},"end":{"line":163,"column":45}},"55":{"start":{"line":164,"column":27},"end":{"line":164,"column":35}},"56":{"start":{"line":165,"column":24},"end":{"line":165,"column":72}},"57":{"start":{"line":166,"column":8},"end":{"line":170,"column":11}},"58":{"start":{"line":172,"column":8},"end":{"line":176,"column":11}},"59":{"start":{"line":180,"column":0},"end":{"line":189,"column":2}}},"fnMap":{"0":{"name":"(anonymous_0)","decl":{"start":{"line":14,"column":35},"end":{"line":14,"column":36}},"loc":{"start":{"line":14,"column":55},"end":{"line":30,"column":1}},"line":14},"1":{"name":"(anonymous_1)","decl":{"start":{"line":32,"column":36},"end":{"line":32,"column":37}},"loc":{"start":{"line":32,"column":56},"end":{"line":47,"column":1}},"line":32},"2":{"name":"(anonymous_2)","decl":{"start":{"line":49,"column":36},"end":{"line":49,"column":37}},"loc":{"start":{"line":49,"column":56},"end":{"line":71,"column":1}},"line":49},"3":{"name":"(anonymous_3)","decl":{"start":{"line":73,"column":35},"end":{"line":73,"column":36}},"loc":{"start":{"line":73,"column":55},"end":{"line":90,"column":1}},"line":73},"4":{"name":"(anonymous_4)","decl":{"start":{"line":92,"column":35},"end":{"line":92,"column":36}},"loc":{"start":{"line":92,"column":55},"end":{"line":108,"column":1}},"line":92},"5":{"name":"(anonymous_5)","decl":{"start":{"line":112,"column":37},"end":{"line":112,"column":38}},"loc":{"start":{"line":112,"column":57},"end":{"line":135,"column":1}},"line":112},"6":{"name":"(anonymous_6)","decl":{"start":{"line":137,"column":36},"end":{"line":137,"column":37}},"loc":{"start":{"line":137,"column":56},"end":{"line":159,"column":1}},"line":137},"7":{"name":"(anonymous_7)","decl":{"start":{"line":161,"column":37},"end":{"line":161,"column":38}},"loc":{"start":{"line":161,"column":57},"end":{"line":178,"column":1}},"line":161}},"branchMap":{"0":{"loc":{"start":{"line":53,"column":8},"end":{"line":58,"column":9}},"type":"if","locations":[{"start":{"line":53,"column":8},"end":{"line":58,"column":9}},{"start":{},"end":{}}],"line":53},"1":{"loc":{"start":{"line":115,"column":8},"end":{"line":120,"column":9}},"type":"if","locations":[{"start":{"line":115,"column":8},"end":{"line":120,"column":9}},{"start":{},"end":{}}],"line":115},"2":{"loc":{"start":{"line":129,"column":27},"end":{"line":129,"column":77}},"type":"cond-expr","locations":[{"start":{"line":129,"column":68},"end":{"line":129,"column":71}},{"start":{"line":129,"column":74},"end":{"line":129,"column":77}}],"line":129},"3":{"loc":{"start":{"line":140,"column":8},"end":{"line":145,"column":9}},"type":"if","locations":[{"start":{"line":140,"column":8},"end":{"line":145,"column":9}},{"start":{},"end":{}}],"line":140}},"s":{"0":2,"1":2,"2":2,"3":0,"4":0,"5":0,"6":0,"7":0,"8":2,"9":0,"10":0,"11":0,"12":0,"13":2,"14":0,"15":0,"16":0,"17":0,"18":0,"19":0,"20":0,"21":2,"22":0,"23":0,"24":0,"25":0,"26":0,"27":0,"28":2,"29":0,"30":0,"31":0,"32":0,"33":0,"34":2,"35":0,"36":0,"37":0,"38":0,"39":0,"40":0,"41":0,"42":0,"43":0,"44":2,"45":0,"46":0,"47":0,"48":0,"49":0,"50":0,"51":0,"52":2,"53":0,"54":0,"55":0,"56":0,"57":0,"58":0,"59":2},"f":{"0":0,"1":0,"2":0,"3":0,"4":0,"5":0,"6":0,"7":0},"b":{"0":[0,0],"1":[0,0],"2":[0,0],"3":[0,0]},"_coverageSchema":"1a1c01bbd47fc00a2c39e90264f33305004495a9","hash":"4fd3bdf4e8149f83ac5c53c05f9aebd3fb3e4c3b"}
,"D:\\EELU Comunitty\\eelu-smart-scheduling\\BACKEND\\src\\controllers\\otp.controller.js": {"path":"D:\\EELU Comunitty\\eelu-smart-scheduling\\BACKEND\\src\\controllers\\otp.controller.js","statementMap":{"0":{"start":{"line":1,"column":69},"end":{"line":1,"column":103}},"1":{"start":{"line":5,"column":4},"end":{"line":11,"column":5}},"2":{"start":{"line":6,"column":26},"end":{"line":6,"column":34}},"3":{"start":{"line":7,"column":23},"end":{"line":7,"column":50}},"4":{"start":{"line":8,"column":8},"end":{"line":8,"column":37}},"5":{"start":{"line":10,"column":8},"end":{"line":10,"column":57}},"6":{"start":{"line":15,"column":4},"end":{"line":21,"column":5}},"7":{"start":{"line":16,"column":24},"end":{"line":16,"column":32}},"8":{"start":{"line":17,"column":23},"end":{"line":17,"column":48}},"9":{"start":{"line":18,"column":8},"end":{"line":18,"column":37}},"10":{"start":{"line":20,"column":8},"end":{"line":20,"column":57}},"11":{"start":{"line":25,"column":4},"end":{"line":31,"column":5}},"12":{"start":{"line":26,"column":37},"end":{"line":26,"column":45}},"13":{"start":{"line":27,"column":23},"end":{"line":27,"column":60}},"14":{"start":{"line":28,"column":8},"end":{"line":28,"column":37}},"15":{"start":{"line":30,"column":8},"end":{"line":30,"column":57}},"16":{"start":{"line":35,"column":4},"end":{"line":41,"column":5}},"17":{"start":{"line":36,"column":26},"end":{"line":36,"column":34}},"18":{"start":{"line":37,"column":23},"end":{"line":37,"column":45}},"19":{"start":{"line":38,"column":8},"end":{"line":38,"column":37}},"20":{"start":{"line":40,"column":8},"end":{"line":40,"column":57}},"21":{"start":{"line":44,"column":0},"end":{"line":49,"column":2}}},"fnMap":{"0":{"name":"forgotPasswordController","decl":{"start":{"line":4,"column":15},"end":{"line":4,"column":39}},"loc":{"start":{"line":4,"column":56},"end":{"line":12,"column":1}},"line":4},"1":{"name":"verifyOtpController","decl":{"start":{"line":14,"column":15},"end":{"line":14,"column":34}},"loc":{"start":{"line":14,"column":51},"end":{"line":22,"column":1}},"line":14},"2":{"name":"resetPasswordController","decl":{"start":{"line":24,"column":15},"end":{"line":24,"column":38}},"loc":{"start":{"line":24,"column":55},"end":{"line":32,"column":1}},"line":24},"3":{"name":"resendOtpController","decl":{"start":{"line":34,"column":15},"end":{"line":34,"column":34}},"loc":{"start":{"line":34,"column":51},"end":{"line":42,"column":1}},"line":34}},"branchMap":{},"s":{"0":2,"1":1,"2":1,"3":1,"4":0,"5":1,"6":2,"7":2,"8":2,"9":0,"10":2,"11":1,"12":1,"13":1,"14":0,"15":1,"16":1,"17":1,"18":1,"19":0,"20":1,"21":2},"f":{"0":1,"1":2,"2":1,"3":1},"b":{},"_coverageSchema":"1a1c01bbd47fc00a2c39e90264f33305004495a9","hash":"2a3a2c44dbf33fccf39f06702916ce6189db35ee"}
,"D:\\EELU Comunitty\\eelu-smart-scheduling\\BACKEND\\src\\controllers\\schedule.controller.js": {"path":"D:\\EELU Comunitty\\eelu-smart-scheduling\\BACKEND\\src\\controllers\\schedule.controller.js","statementMap":{"0":{"start":{"line":1,"column":33},"end":{"line":1,"column":78}},"1":{"start":{"line":2,"column":45},"end":{"line":2,"column":84}},"2":{"start":{"line":3,"column":24},"end":{"line":3,"column":63}},"3":{"start":{"line":5,"column":18},"end":{"line":5,"column":44}},"4":{"start":{"line":11,"column":35},"end":{"line":37,"column":1}},"5":{"start":{"line":12,"column":2},"end":{"line":36,"column":3}},"6":{"start":{"line":13,"column":49},"end":{"line":13,"column":57}},"7":{"start":{"line":15,"column":4},"end":{"line":15,"column":59}},"8":{"start":{"line":16,"column":4},"end":{"line":16,"column":40}},"9":{"start":{"line":17,"column":4},"end":{"line":17,"column":39}},"10":{"start":{"line":18,"column":4},"end":{"line":18,"column":57}},"11":{"start":{"line":21,"column":21},"end":{"line":21,"column":96}},"12":{"start":{"line":23,"column":4},"end":{"line":27,"column":7}},"13":{"start":{"line":29,"column":4},"end":{"line":29,"column":65}},"14":{"start":{"line":31,"column":4},"end":{"line":35,"column":7}},"15":{"start":{"line":43,"column":34},"end":{"line":69,"column":1}},"16":{"start":{"line":44,"column":2},"end":{"line":68,"column":3}},"17":{"start":{"line":45,"column":19},"end":{"line":45,"column":29}},"18":{"start":{"line":47,"column":4},"end":{"line":52,"column":5}},"19":{"start":{"line":48,"column":6},"end":{"line":51,"column":9}},"20":{"start":{"line":54,"column":21},"end":{"line":54,"column":46}},"21":{"start":{"line":56,"column":4},"end":{"line":59,"column":7}},"22":{"start":{"line":61,"column":4},"end":{"line":61,"column":63}},"23":{"start":{"line":63,"column":4},"end":{"line":67,"column":7}},"24":{"start":{"line":75,"column":34},"end":{"line":92,"column":1}},"25":{"start":{"line":76,"column":2},"end":{"line":91,"column":3}},"26":{"start":{"line":77,"column":22},"end":{"line":77,"column":45}},"27":{"start":{"line":79,"column":4},"end":{"line":82,"column":7}},"28":{"start":{"line":84,"column":4},"end":{"line":84,"column":64}},"29":{"start":{"line":86,"column":4},"end":{"line":90,"column":7}},"30":{"start":{"line":94,"column":0},"end":{"line":98,"column":2}}},"fnMap":{"0":{"name":"(anonymous_0)","decl":{"start":{"line":11,"column":35},"end":{"line":11,"column":36}},"loc":{"start":{"line":11,"column":55},"end":{"line":37,"column":1}},"line":11},"1":{"name":"(anonymous_1)","decl":{"start":{"line":43,"column":34},"end":{"line":43,"column":35}},"loc":{"start":{"line":43,"column":54},"end":{"line":69,"column":1}},"line":43},"2":{"name":"(anonymous_2)","decl":{"start":{"line":75,"column":34},"end":{"line":75,"column":35}},"loc":{"start":{"line":75,"column":54},"end":{"line":92,"column":1}},"line":75}},"branchMap":{"0":{"loc":{"start":{"line":18,"column":34},"end":{"line":18,"column":55}},"type":"binary-expr","locations":[{"start":{"line":18,"column":34},"end":{"line":18,"column":46}},{"start":{"line":18,"column":50},"end":{"line":18,"column":55}}],"line":18},"1":{"loc":{"start":{"line":21,"column":74},"end":{"line":21,"column":95}},"type":"binary-expr","locations":[{"start":{"line":21,"column":74},"end":{"line":21,"column":86}},{"start":{"line":21,"column":90},"end":{"line":21,"column":95}}],"line":21},"2":{"loc":{"start":{"line":47,"column":4},"end":{"line":52,"column":5}},"type":"if","locations":[{"start":{"line":47,"column":4},"end":{"line":52,"column":5}},{"start":{},"end":{}}],"line":47}},"s":{"0":2,"1":2,"2":2,"3":2,"4":2,"5":0,"6":0,"7":0,"8":0,"9":0,"10":0,"11":0,"12":0,"13":0,"14":0,"15":2,"16":0,"17":0,"18":0,"19":0,"20":0,"21":0,"22":0,"23":0,"24":2,"25":0,"26":0,"27":0,"28":0,"29":0,"30":2},"f":{"0":0,"1":0,"2":0},"b":{"0":[0,0],"1":[0,0],"2":[0,0]},"_coverageSchema":"1a1c01bbd47fc00a2c39e90264f33305004495a9","hash":"01157c002dd0fb5fa6516f209e2c82619efa8ada"}
,"D:\\EELU Comunitty\\eelu-smart-scheduling\\BACKEND\\src\\controllers\\session.controller.js": {"path":"D:\\EELU Comunitty\\eelu-smart-scheduling\\BACKEND\\src\\controllers\\session.controller.js","statementMap":{"0":{"start":{"line":1,"column":88},"end":{"line":1,"column":126}},"1":{"start":{"line":2,"column":24},"end":{"line":2,"column":63}},"2":{"start":{"line":5,"column":32},"end":{"line":19,"column":1}},"3":{"start":{"line":6,"column":35},"end":{"line":6,"column":43}},"4":{"start":{"line":7,"column":4},"end":{"line":18,"column":5}},"5":{"start":{"line":8,"column":24},"end":{"line":8,"column":65}},"6":{"start":{"line":9,"column":8},"end":{"line":12,"column":11}},"7":{"start":{"line":14,"column":8},"end":{"line":17,"column":11}},"8":{"start":{"line":21,"column":33},"end":{"line":34,"column":1}},"9":{"start":{"line":22,"column":4},"end":{"line":33,"column":5}},"10":{"start":{"line":23,"column":25},"end":{"line":23,"column":47}},"11":{"start":{"line":24,"column":8},"end":{"line":27,"column":11}},"12":{"start":{"line":29,"column":8},"end":{"line":32,"column":11}},"13":{"start":{"line":36,"column":33},"end":{"line":50,"column":1}},"14":{"start":{"line":37,"column":22},"end":{"line":37,"column":42}},"15":{"start":{"line":38,"column":4},"end":{"line":49,"column":5}},"16":{"start":{"line":39,"column":24},"end":{"line":39,"column":55}},"17":{"start":{"line":40,"column":8},"end":{"line":43,"column":11}},"18":{"start":{"line":45,"column":8},"end":{"line":48,"column":11}},"19":{"start":{"line":52,"column":32},"end":{"line":67,"column":1}},"20":{"start":{"line":53,"column":21},"end":{"line":53,"column":41}},"21":{"start":{"line":54,"column":35},"end":{"line":54,"column":43}},"22":{"start":{"line":55,"column":4},"end":{"line":66,"column":5}},"23":{"start":{"line":56,"column":31},"end":{"line":56,"column":83}},"24":{"start":{"line":57,"column":8},"end":{"line":60,"column":11}},"25":{"start":{"line":62,"column":8},"end":{"line":65,"column":11}},"26":{"start":{"line":69,"column":32},"end":{"line":83,"column":1}},"27":{"start":{"line":70,"column":22},"end":{"line":70,"column":42}},"28":{"start":{"line":71,"column":4},"end":{"line":82,"column":5}},"29":{"start":{"line":72,"column":31},"end":{"line":72,"column":61}},"30":{"start":{"line":73,"column":8},"end":{"line":76,"column":11}},"31":{"start":{"line":78,"column":8},"end":{"line":81,"column":11}},"32":{"start":{"line":86,"column":0},"end":{"line":86,"column":147}}},"fnMap":{"0":{"name":"(anonymous_0)","decl":{"start":{"line":5,"column":32},"end":{"line":5,"column":33}},"loc":{"start":{"line":5,"column":52},"end":{"line":19,"column":1}},"line":5},"1":{"name":"(anonymous_1)","decl":{"start":{"line":21,"column":33},"end":{"line":21,"column":34}},"loc":{"start":{"line":21,"column":53},"end":{"line":34,"column":1}},"line":21},"2":{"name":"(anonymous_2)","decl":{"start":{"line":36,"column":33},"end":{"line":36,"column":34}},"loc":{"start":{"line":36,"column":53},"end":{"line":50,"column":1}},"line":36},"3":{"name":"(anonymous_3)","decl":{"start":{"line":52,"column":32},"end":{"line":52,"column":33}},"loc":{"start":{"line":52,"column":52},"end":{"line":67,"column":1}},"line":52},"4":{"name":"(anonymous_4)","decl":{"start":{"line":69,"column":32},"end":{"line":69,"column":33}},"loc":{"start":{"line":69,"column":52},"end":{"line":83,"column":1}},"line":69}},"branchMap":{},"s":{"0":2,"1":2,"2":2,"3":0,"4":0,"5":0,"6":0,"7":0,"8":2,"9":0,"10":0,"11":0,"12":0,"13":2,"14":0,"15":0,"16":0,"17":0,"18":0,"19":2,"20":0,"21":0,"22":0,"23":0,"24":0,"25":0,"26":2,"27":0,"28":0,"29":0,"30":0,"31":0,"32":2},"f":{"0":0,"1":0,"2":0,"3":0,"4":0},"b":{},"_coverageSchema":"1a1c01bbd47fc00a2c39e90264f33305004495a9","hash":"98745644975764cc185c0103d010ab407a719541"}
,"D:\\EELU Comunitty\\eelu-smart-scheduling\\BACKEND\\src\\controllers\\studentGroup.controller.js": {"path":"D:\\EELU Comunitty\\eelu-smart-scheduling\\BACKEND\\src\\controllers\\studentGroup.controller.js","statementMap":{"0":{"start":{"line":1,"column":113},"end":{"line":1,"column":156}},"1":{"start":{"line":2,"column":24},"end":{"line":2,"column":63}},"2":{"start":{"line":4,"column":37},"end":{"line":20,"column":1}},"3":{"start":{"line":5,"column":4},"end":{"line":19,"column":5}},"4":{"start":{"line":6,"column":59},"end":{"line":6,"column":67}},"5":{"start":{"line":7,"column":29},"end":{"line":7,"column":93}},"6":{"start":{"line":8,"column":8},"end":{"line":12,"column":11}},"7":{"start":{"line":14,"column":8},"end":{"line":18,"column":11}},"8":{"start":{"line":22,"column":38},"end":{"line":37,"column":1}},"9":{"start":{"line":23,"column":4},"end":{"line":36,"column":5}},"10":{"start":{"line":24,"column":30},"end":{"line":24,"column":57}},"11":{"start":{"line":25,"column":8},"end":{"line":29,"column":11}},"12":{"start":{"line":31,"column":8},"end":{"line":35,"column":11}},"13":{"start":{"line":39,"column":38},"end":{"line":55,"column":1}},"14":{"start":{"line":40,"column":4},"end":{"line":54,"column":5}},"15":{"start":{"line":41,"column":35},"end":{"line":41,"column":45}},"16":{"start":{"line":42,"column":29},"end":{"line":42,"column":70}},"17":{"start":{"line":43,"column":8},"end":{"line":47,"column":11}},"18":{"start":{"line":49,"column":8},"end":{"line":53,"column":11}},"19":{"start":{"line":57,"column":37},"end":{"line":74,"column":1}},"20":{"start":{"line":58,"column":4},"end":{"line":73,"column":5}},"21":{"start":{"line":59,"column":35},"end":{"line":59,"column":45}},"22":{"start":{"line":60,"column":45},"end":{"line":60,"column":53}},"23":{"start":{"line":61,"column":36},"end":{"line":61,"column":102}},"24":{"start":{"line":62,"column":8},"end":{"line":66,"column":11}},"25":{"start":{"line":68,"column":8},"end":{"line":72,"column":11}},"26":{"start":{"line":76,"column":37},"end":{"line":92,"column":1}},"27":{"start":{"line":77,"column":4},"end":{"line":91,"column":5}},"28":{"start":{"line":78,"column":35},"end":{"line":78,"column":45}},"29":{"start":{"line":79,"column":36},"end":{"line":79,"column":76}},"30":{"start":{"line":80,"column":8},"end":{"line":84,"column":11}},"31":{"start":{"line":86,"column":8},"end":{"line":90,"column":11}},"32":{"start":{"line":94,"column":0},"end":{"line":94,"column":172}}},"fnMap":{"0":{"name":"(anonymous_0)","decl":{"start":{"line":4,"column":37},"end":{"line":4,"column":38}},"loc":{"start":{"line":4,"column":57},"end":{"line":20,"column":1}},"line":4},"1":{"name":"(anonymous_1)","decl":{"start":{"line":22,"column":38},"end":{"line":22,"column":39}},"loc":{"start":{"line":22,"column":58},"end":{"line":37,"column":1}},"line":22},"2":{"name":"(anonymous_2)","decl":{"start":{"line":39,"column":38},"end":{"line":39,"column":39}},"loc":{"start":{"line":39,"column":58},"end":{"line":55,"column":1}},"line":39},"3":{"name":"(anonymous_3)","decl":{"start":{"line":57,"column":37},"end":{"line":57,"column":38}},"loc":{"start":{"line":57,"column":57},"end":{"line":74,"column":1}},"line":57},"4":{"name":"(anonymous_4)","decl":{"start":{"line":76,"column":37},"end":{"line":76,"column":38}},"loc":{"start":{"line":76,"column":57},"end":{"line":92,"column":1}},"line":76}},"branchMap":{},"s":{"0":2,"1":2,"2":2,"3":0,"4":0,"5":0,"6":0,"7":0,"8":2,"9":0,"10":0,"11":0,"12":0,"13":2,"14":0,"15":0,"16":0,"17":0,"18":0,"19":2,"20":0,"21":0,"22":0,"23":0,"24":0,"25":0,"26":2,"27":0,"28":0,"29":0,"30":0,"31":0,"32":2},"f":{"0":0,"1":0,"2":0,"3":0,"4":0},"b":{},"_coverageSchema":"1a1c01bbd47fc00a2c39e90264f33305004495a9","hash":"2ada8fb8a8a4079dd138e72f62a72ffd39465ed1"}
,"D:\\EELU Comunitty\\eelu-smart-scheduling\\BACKEND\\src\\controllers\\ta.controller.js": {"path":"D:\\EELU Comunitty\\eelu-smart-scheduling\\BACKEND\\src\\controllers\\ta.controller.js","statementMap":{"0":{"start":{"line":14,"column":4},"end":{"line":14,"column":37}},"1":{"start":{"line":15,"column":24},"end":{"line":15,"column":63}},"2":{"start":{"line":19,"column":27},"end":{"line":35,"column":1}},"3":{"start":{"line":20,"column":4},"end":{"line":34,"column":5}},"4":{"start":{"line":21,"column":60},"end":{"line":21,"column":68}},"5":{"start":{"line":22,"column":19},"end":{"line":22,"column":74}},"6":{"start":{"line":23,"column":8},"end":{"line":27,"column":11}},"7":{"start":{"line":29,"column":8},"end":{"line":33,"column":11}},"8":{"start":{"line":37,"column":28},"end":{"line":52,"column":1}},"9":{"start":{"line":38,"column":4},"end":{"line":51,"column":5}},"10":{"start":{"line":39,"column":20},"end":{"line":39,"column":37}},"11":{"start":{"line":40,"column":8},"end":{"line":44,"column":11}},"12":{"start":{"line":46,"column":8},"end":{"line":50,"column":11}},"13":{"start":{"line":54,"column":28},"end":{"line":76,"column":1}},"14":{"start":{"line":55,"column":4},"end":{"line":75,"column":5}},"15":{"start":{"line":56,"column":25},"end":{"line":56,"column":35}},"16":{"start":{"line":57,"column":19},"end":{"line":57,"column":40}},"17":{"start":{"line":58,"column":8},"end":{"line":63,"column":9}},"18":{"start":{"line":59,"column":12},"end":{"line":62,"column":15}},"19":{"start":{"line":64,"column":8},"end":{"line":68,"column":11}},"20":{"start":{"line":70,"column":8},"end":{"line":74,"column":11}},"21":{"start":{"line":78,"column":27},"end":{"line":95,"column":1}},"22":{"start":{"line":79,"column":4},"end":{"line":94,"column":5}},"23":{"start":{"line":80,"column":25},"end":{"line":80,"column":35}},"24":{"start":{"line":81,"column":46},"end":{"line":81,"column":54}},"25":{"start":{"line":82,"column":26},"end":{"line":82,"column":73}},"26":{"start":{"line":83,"column":8},"end":{"line":87,"column":11}},"27":{"start":{"line":89,"column":8},"end":{"line":93,"column":11}},"28":{"start":{"line":97,"column":27},"end":{"line":113,"column":1}},"29":{"start":{"line":98,"column":4},"end":{"line":112,"column":5}},"30":{"start":{"line":99,"column":25},"end":{"line":99,"column":35}},"31":{"start":{"line":100,"column":26},"end":{"line":100,"column":46}},"32":{"start":{"line":101,"column":8},"end":{"line":105,"column":11}},"33":{"start":{"line":107,"column":8},"end":{"line":111,"column":11}},"34":{"start":{"line":117,"column":31},"end":{"line":140,"column":1}},"35":{"start":{"line":118,"column":4},"end":{"line":139,"column":5}},"36":{"start":{"line":119,"column":19},"end":{"line":119,"column":51}},"37":{"start":{"line":120,"column":8},"end":{"line":125,"column":9}},"38":{"start":{"line":121,"column":12},"end":{"line":124,"column":15}},"39":{"start":{"line":126,"column":35},"end":{"line":126,"column":43}},"40":{"start":{"line":127,"column":23},"end":{"line":127,"column":64}},"41":{"start":{"line":128,"column":8},"end":{"line":132,"column":11}},"42":{"start":{"line":134,"column":8},"end":{"line":138,"column":11}},"43":{"start":{"line":142,"column":31},"end":{"line":164,"column":1}},"44":{"start":{"line":143,"column":4},"end":{"line":163,"column":5}},"45":{"start":{"line":144,"column":19},"end":{"line":144,"column":51}},"46":{"start":{"line":145,"column":8},"end":{"line":150,"column":9}},"47":{"start":{"line":146,"column":12},"end":{"line":149,"column":15}},"48":{"start":{"line":151,"column":24},"end":{"line":151,"column":49}},"49":{"start":{"line":152,"column":8},"end":{"line":156,"column":11}},"50":{"start":{"line":158,"column":8},"end":{"line":162,"column":11}},"51":{"start":{"line":166,"column":32},"end":{"line":181,"column":1}},"52":{"start":{"line":167,"column":4},"end":{"line":180,"column":5}},"53":{"start":{"line":168,"column":24},"end":{"line":168,"column":45}},"54":{"start":{"line":169,"column":8},"end":{"line":173,"column":11}},"55":{"start":{"line":175,"column":8},"end":{"line":179,"column":11}},"56":{"start":{"line":183,"column":33},"end":{"line":199,"column":1}},"57":{"start":{"line":184,"column":4},"end":{"line":198,"column":5}},"58":{"start":{"line":185,"column":29},"end":{"line":185,"column":39}},"59":{"start":{"line":186,"column":24},"end":{"line":186,"column":54}},"60":{"start":{"line":187,"column":8},"end":{"line":191,"column":11}},"61":{"start":{"line":193,"column":8},"end":{"line":197,"column":11}},"62":{"start":{"line":201,"column":29},"end":{"line":218,"column":1}},"63":{"start":{"line":202,"column":4},"end":{"line":217,"column":5}},"64":{"start":{"line":203,"column":25},"end":{"line":203,"column":35}},"65":{"start":{"line":204,"column":25},"end":{"line":204,"column":33}},"66":{"start":{"line":205,"column":24},"end":{"line":205,"column":52}},"67":{"start":{"line":206,"column":8},"end":{"line":210,"column":11}},"68":{"start":{"line":212,"column":27},"end":{"line":212,"column":71}},"69":{"start":{"line":213,"column":8},"end":{"line":216,"column":11}},"70":{"start":{"line":220,"column":29},"end":{"line":236,"column":1}},"71":{"start":{"line":221,"column":4},"end":{"line":235,"column":5}},"72":{"start":{"line":222,"column":25},"end":{"line":222,"column":35}},"73":{"start":{"line":223,"column":24},"end":{"line":223,"column":46}},"74":{"start":{"line":224,"column":8},"end":{"line":228,"column":11}},"75":{"start":{"line":230,"column":8},"end":{"line":234,"column":11}},"76":{"start":{"line":238,"column":0},"end":{"line":250,"column":2}}},"fnMap":{"0":{"name":"(anonymous_0)","decl":{"start":{"line":19,"column":27},"end":{"line":19,"column":28}},"loc":{"start":{"line":19,"column":47},"end":{"line":35,"column":1}},"line":19},"1":{"name":"(anonymous_1)","decl":{"start":{"line":37,"column":28},"end":{"line":37,"column":29}},"loc":{"start":{"line":37,"column":48},"end":{"line":52,"column":1}},"line":37},"2":{"name":"(anonymous_2)","decl":{"start":{"line":54,"column":28},"end":{"line":54,"column":29}},"loc":{"start":{"line":54,"column":48},"end":{"line":76,"column":1}},"line":54},"3":{"name":"(anonymous_3)","decl":{"start":{"line":78,"column":27},"end":{"line":78,"column":28}},"loc":{"start":{"line":78,"column":47},"end":{"line":95,"column":1}},"line":78},"4":{"name":"(anonymous_4)","decl":{"start":{"line":97,"column":27},"end":{"line":97,"column":28}},"loc":{"start":{"line":97,"column":47},"end":{"line":113,"column":1}},"line":97},"5":{"name":"(anonymous_5)","decl":{"start":{"line":117,"column":31},"end":{"line":117,"column":32}},"loc":{"start":{"line":117,"column":51},"end":{"line":140,"column":1}},"line":117},"6":{"name":"(anonymous_6)","decl":{"start":{"line":142,"column":31},"end":{"line":142,"column":32}},"loc":{"start":{"line":142,"column":51},"end":{"line":164,"column":1}},"line":142},"7":{"name":"(anonymous_7)","decl":{"start":{"line":166,"column":32},"end":{"line":166,"column":33}},"loc":{"start":{"line":166,"column":52},"end":{"line":181,"column":1}},"line":166},"8":{"name":"(anonymous_8)","decl":{"start":{"line":183,"column":33},"end":{"line":183,"column":34}},"loc":{"start":{"line":183,"column":53},"end":{"line":199,"column":1}},"line":183},"9":{"name":"(anonymous_9)","decl":{"start":{"line":201,"column":29},"end":{"line":201,"column":30}},"loc":{"start":{"line":201,"column":49},"end":{"line":218,"column":1}},"line":201},"10":{"name":"(anonymous_10)","decl":{"start":{"line":220,"column":29},"end":{"line":220,"column":30}},"loc":{"start":{"line":220,"column":49},"end":{"line":236,"column":1}},"line":220}},"branchMap":{"0":{"loc":{"start":{"line":58,"column":8},"end":{"line":63,"column":9}},"type":"if","locations":[{"start":{"line":58,"column":8},"end":{"line":63,"column":9}},{"start":{},"end":{}}],"line":58},"1":{"loc":{"start":{"line":120,"column":8},"end":{"line":125,"column":9}},"type":"if","locations":[{"start":{"line":120,"column":8},"end":{"line":125,"column":9}},{"start":{},"end":{}}],"line":120},"2":{"loc":{"start":{"line":145,"column":8},"end":{"line":150,"column":9}},"type":"if","locations":[{"start":{"line":145,"column":8},"end":{"line":150,"column":9}},{"start":{},"end":{}}],"line":145},"3":{"loc":{"start":{"line":212,"column":27},"end":{"line":212,"column":71}},"type":"cond-expr","locations":[{"start":{"line":212,"column":62},"end":{"line":212,"column":65}},{"start":{"line":212,"column":68},"end":{"line":212,"column":71}}],"line":212}},"s":{"0":2,"1":2,"2":2,"3":0,"4":0,"5":0,"6":0,"7":0,"8":2,"9":0,"10":0,"11":0,"12":0,"13":2,"14":0,"15":0,"16":0,"17":0,"18":0,"19":0,"20":0,"21":2,"22":0,"23":0,"24":0,"25":0,"26":0,"27":0,"28":2,"29":0,"30":0,"31":0,"32":0,"33":0,"34":2,"35":0,"36":0,"37":0,"38":0,"39":0,"40":0,"41":0,"42":0,"43":2,"44":0,"45":0,"46":0,"47":0,"48":0,"49":0,"50":0,"51":2,"52":0,"53":0,"54":0,"55":0,"56":2,"57":0,"58":0,"59":0,"60":0,"61":0,"62":2,"63":0,"64":0,"65":0,"66":0,"67":0,"68":0,"69":0,"70":2,"71":0,"72":0,"73":0,"74":0,"75":0,"76":2},"f":{"0":0,"1":0,"2":0,"3":0,"4":0,"5":0,"6":0,"7":0,"8":0,"9":0,"10":0},"b":{"0":[0,0],"1":[0,0],"2":[0,0],"3":[0,0]},"_coverageSchema":"1a1c01bbd47fc00a2c39e90264f33305004495a9","hash":"94f79af0d06694911ef55fa9cb22c0fe9454007a"}
,"D:\\EELU Comunitty\\eelu-smart-scheduling\\BACKEND\\src\\controllers\\user.controller.js": {"path":"D:\\EELU Comunitty\\eelu-smart-scheduling\\BACKEND\\src\\controllers\\user.controller.js","statementMap":{"0":{"start":{"line":1,"column":86},"end":{"line":1,"column":121}},"1":{"start":{"line":2,"column":24},"end":{"line":2,"column":63}},"2":{"start":{"line":5,"column":29},"end":{"line":19,"column":1}},"3":{"start":{"line":6,"column":69},"end":{"line":6,"column":77}},"4":{"start":{"line":7,"column":4},"end":{"line":18,"column":5}},"5":{"start":{"line":8,"column":21},"end":{"line":8,"column":93}},"6":{"start":{"line":9,"column":8},"end":{"line":12,"column":10}},"7":{"start":{"line":14,"column":8},"end":{"line":17,"column":10}},"8":{"start":{"line":21,"column":30},"end":{"line":34,"column":1}},"9":{"start":{"line":22,"column":4},"end":{"line":33,"column":5}},"10":{"start":{"line":23,"column":22},"end":{"line":23,"column":41}},"11":{"start":{"line":24,"column":8},"end":{"line":27,"column":10}},"12":{"start":{"line":29,"column":8},"end":{"line":32,"column":10}},"13":{"start":{"line":36,"column":30},"end":{"line":50,"column":1}},"14":{"start":{"line":37,"column":19},"end":{"line":37,"column":36}},"15":{"start":{"line":38,"column":4},"end":{"line":49,"column":5}},"16":{"start":{"line":39,"column":21},"end":{"line":39,"column":46}},"17":{"start":{"line":40,"column":8},"end":{"line":43,"column":10}},"18":{"start":{"line":45,"column":8},"end":{"line":48,"column":10}},"19":{"start":{"line":52,"column":29},"end":{"line":67,"column":1}},"20":{"start":{"line":53,"column":19},"end":{"line":53,"column":36}},"21":{"start":{"line":54,"column":69},"end":{"line":54,"column":77}},"22":{"start":{"line":55,"column":4},"end":{"line":66,"column":5}},"23":{"start":{"line":56,"column":28},"end":{"line":56,"column":108}},"24":{"start":{"line":57,"column":8},"end":{"line":60,"column":10}},"25":{"start":{"line":62,"column":8},"end":{"line":65,"column":10}},"26":{"start":{"line":69,"column":29},"end":{"line":83,"column":1}},"27":{"start":{"line":70,"column":19},"end":{"line":70,"column":36}},"28":{"start":{"line":71,"column":4},"end":{"line":82,"column":5}},"29":{"start":{"line":72,"column":28},"end":{"line":72,"column":52}},"30":{"start":{"line":73,"column":8},"end":{"line":76,"column":10}},"31":{"start":{"line":78,"column":8},"end":{"line":81,"column":10}},"32":{"start":{"line":85,"column":32},"end":{"line":99,"column":1}},"33":{"start":{"line":86,"column":19},"end":{"line":86,"column":30}},"34":{"start":{"line":87,"column":4},"end":{"line":98,"column":5}},"35":{"start":{"line":88,"column":28},"end":{"line":88,"column":65}},"36":{"start":{"line":89,"column":8},"end":{"line":92,"column":10}},"37":{"start":{"line":94,"column":8},"end":{"line":97,"column":10}},"38":{"start":{"line":101,"column":0},"end":{"line":101,"column":155}}},"fnMap":{"0":{"name":"(anonymous_0)","decl":{"start":{"line":5,"column":29},"end":{"line":5,"column":30}},"loc":{"start":{"line":5,"column":49},"end":{"line":19,"column":1}},"line":5},"1":{"name":"(anonymous_1)","decl":{"start":{"line":21,"column":30},"end":{"line":21,"column":31}},"loc":{"start":{"line":21,"column":50},"end":{"line":34,"column":1}},"line":21},"2":{"name":"(anonymous_2)","decl":{"start":{"line":36,"column":30},"end":{"line":36,"column":31}},"loc":{"start":{"line":36,"column":50},"end":{"line":50,"column":1}},"line":36},"3":{"name":"(anonymous_3)","decl":{"start":{"line":52,"column":29},"end":{"line":52,"column":30}},"loc":{"start":{"line":52,"column":49},"end":{"line":67,"column":1}},"line":52},"4":{"name":"(anonymous_4)","decl":{"start":{"line":69,"column":29},"end":{"line":69,"column":30}},"loc":{"start":{"line":69,"column":49},"end":{"line":83,"column":1}},"line":69},"5":{"name":"(anonymous_5)","decl":{"start":{"line":85,"column":32},"end":{"line":85,"column":33}},"loc":{"start":{"line":85,"column":52},"end":{"line":99,"column":1}},"line":85}},"branchMap":{},"s":{"0":2,"1":2,"2":2,"3":0,"4":0,"5":0,"6":0,"7":0,"8":2,"9":0,"10":0,"11":0,"12":0,"13":2,"14":0,"15":0,"16":0,"17":0,"18":0,"19":2,"20":0,"21":0,"22":0,"23":0,"24":0,"25":0,"26":2,"27":0,"28":0,"29":0,"30":0,"31":0,"32":2,"33":0,"34":0,"35":0,"36":0,"37":0,"38":2},"f":{"0":0,"1":0,"2":0,"3":0,"4":0,"5":0},"b":{},"_coverageSchema":"1a1c01bbd47fc00a2c39e90264f33305004495a9","hash":"1c87fbd30939f8
[...]
,"D:\\EELU Comunitty\\eelu-smart-scheduling\\BACKEND\\src\\validators\\course.validator.js": {"path":"D:\\EELU Comunitty\\eelu-smart-scheduling\\BACKEND\\src\\validators\\course.validator.js","statementMap":{"0":{"start":{"line":1,"column":12},"end":{"line":1,"column":26}},"1":{"start":{"line":2,"column":25},"end":{"line":2,"column":64}},"2":{"start":{"line":4,"column":19},"end":{"line":6,"column":15}},"3":{"start":{"line":8,"column":21},"end":{"line":10,"column":1}},"4":{"start":{"line":12,"column":27},"end":{"line":22,"column":2}},"5":{"start":{"line":24,"column":27},"end":{"line":34,"column":9}},"6":{"start":{"line":36,"column":21},"end":{"line":38,"column":2}},"7":{"start":{"line":40,"column":17},"end":{"line":53,"column":1}},"8":{"start":{"line":41,"column":4},"end":{"line":52,"column":5}},"9":{"start":{"line":42,"column":26},"end":{"line":42,"column":79}},"10":{"start":{"line":43,"column":8},"end":{"line":50,"column":9}},"11":{"start":{"line":44,"column":32},"end":{"line":44,"column":37}},"12":{"start":{"line":45,"column":28},"end":{"line":45,"column":66}},"13":{"start":{"line":45,"column":45},"end":{"line":45,"column":54}},"14":{"start":{"line":46,"column":12},"end":{"line":46,"column":56}},"15":{"start":{"line":47,"column":12},"end":{"line":49,"column":15}},"16":{"start":{"line":51,"column":8},"end":{"line":51,"column":15}},"17":{"start":{"line":55,"column":0},"end":{"line":55,"column":84}}},"fnMap":{"0":{"name":"(anonymous_0)","decl":{"start":{"line":40,"column":17},"end":{"line":40,"column":18}},"loc":{"start":{"line":40,"column":39},"end":{"line":53,"column":1}},"line":40},"1":{"name":"(anonymous_1)","decl":{"start":{"line":41,"column":11},"end":{"line":41,"column":12}},"loc":{"start":{"line":41,"column":31},"end":{"line":52,"column":5}},"line":41},"2":{"name":"(anonymous_2)","decl":{"start":{"line":45,"column":40},"end":{"line":45,"column":41}},"loc":{"start":{"line":45,"column":45},"end":{"line":45,"column":54}},"line":45}},"branchMap":{"0":{"loc":{"start":{"line":43,"column":8},"end":{"line":50,"column":9}},"type":"if","locations":[{"start":{"line":43,"column":8},"end":{"line":50,"column":9}},{"start":{},"end":{}}],"line":43}},"s":{"0":2,"1":2,"2":2,"3":2,"4":2,"5":2,"6":2,"7":2,"8":10,"9":0,"10":0,"11":0,"12":0,"13":0,"14":0,"15":0,"16":0,"17":2},"f":{"0":10,"1":0,"2":0},"b":{"0":[0,0]},"_coverageSchema":"1a1c01bbd47fc00a2c39e90264f33305004495a9","hash":"f50abe49aa810186185991345ad2ad1a9ed01a24"}
,"D:\\EELU Comunitty\\eelu-smart-scheduling\\BACKEND\\src\\validators\\department.validator.js": {"path":"D:\\EELU Comunitty\\eelu-smart-scheduling\\BACKEND\\src\\validators\\department.validator.js","statementMap":{"0":{"start":{"line":1,"column":12},"end":{"line":1,"column":26}},"1":{"start":{"line":4,"column":19},"end":{"line":6,"column":15}},"2":{"start":{"line":8,"column":21},"end":{"line":10,"column":1}},"3":{"start":{"line":12,"column":31},"end":{"line":16,"column":2}},"4":{"start":{"line":18,"column":31},"end":{"line":23,"column":7}},"5":{"start":{"line":25,"column":30},"end":{"line":27,"column":2}},"6":{"start":{"line":29,"column":40},"end":{"line":31,"column":2}},"7":{"start":{"line":34,"column":17},"end":{"line":52,"column":1}},"8":{"start":{"line":35,"column":4},"end":{"line":51,"column":6}},"9":{"start":{"line":37,"column":26},"end":{"line":37,"column":79}},"10":{"start":{"line":39,"column":8},"end":{"line":49,"column":9}},"11":{"start":{"line":40,"column":32},"end":{"line":40,"column":37}},"12":{"start":{"line":41,"column":28},"end":{"line":41,"column":66}},"13":{"start":{"line":41,"column":45},"end":{"line":41,"column":54}},"14":{"start":{"line":43,"column":12},"end":{"line":43,"column":56}},"15":{"start":{"line":45,"column":12},"end":{"line":48,"column":15}},"16":{"start":{"line":50,"column":8},"end":{"line":50,"column":15}},"17":{"start":{"line":54,"column":0},"end":{"line":54,"column":132}}},"fnMap":{"0":{"name":"(anonymous_0)","decl":{"start":{"line":34,"column":17},"end":{"line":34,"column":18}},"loc":{"start":{"line":34,"column":39},"end":{"line":52,"column":1}},"line":34},"1":{"name":"(anonymous_1)","decl":{"start":{"line":35,"column":11},"end":{"line":35,"column":12}},"loc":{"start":{"line":35,"column":31},"end":{"line":51,"column":5}},"line":35},"2":{"name":"(anonymous_2)","decl":{"start":{"line":41,"column":40},"end":{"line":41,"column":41}},"loc":{"start":{"line":41,"column":45},"end":{"line":41,"column":54}},"line":41}},"branchMap":{"0":{"loc":{"start":{"line":39,"column":8},"end":{"line":49,"column":9}},"type":"if","locations":[{"start":{"line":39,"column":8},"end":{"line":49,"column":9}},{"start":{},"end":{}}],"line":39}},"s":{"0":2,"1":2,"2":2,"3":2,"4":2,"5":2,"6":2,"7":2,"8":12,"9":0,"10":0,"11":0,"12":0,"13":0,"14":0,"15":0,"16":0,"17":2},"f":{"0":12,"1":0,"2":0},"b":{"0":[0,0]},"_coverageSchema":"1a1c01bbd47fc00a2c39e90264f33305004495a9","hash":"c0476e8133c530a07c019b8d39b2dcf8f15fa52a"}
,"D:\\EELU Comunitty\\eelu-smart-scheduling\\BACKEND\\src\\validators\\instructor.validator.js": {"path":"D:\\EELU Comunitty\\eelu-smart-scheduling\\BACKEND\\src\\validators\\instructor.validator.js","statementMap":{"0":{"start":{"line":1,"column":12},"end":{"line":1,"column":26}},"1":{"start":{"line":3,"column":19},"end":{"line":5,"column":15}},"2":{"start":{"line":7,"column":21},"end":{"line":9,"column":1}},"3":{"start":{"line":11,"column":13},"end":{"line":11,"column":81}},"4":{"start":{"line":13,"column":31},"end":{"line":18,"column":2}},"5":{"start":{"line":20,"column":31},"end":{"line":24,"column":9}},"6":{"start":{"line":26,"column":33},"end":{"line":34,"column":2}},"7":{"start":{"line":36,"column":33},"end":{"line":38,"column":2}},"8":{"start":{"line":40,"column":21},"end":{"line":42,"column":2}},"9":{"start":{"line":44,"column":33},"end":{"line":46,"column":2}},"10":{"start":{"line":48,"column":17},"end":{"line":61,"column":1}},"11":{"start":{"line":49,"column":4},"end":{"line":60,"column":6}},"12":{"start":{"line":50,"column":26},"end":{"line":50,"column":79}},"13":{"start":{"line":51,"column":8},"end":{"line":58,"column":9}},"14":{"start":{"line":52,"column":28},"end":{"line":52,"column":72}},"15":{"start":{"line":52,"column":51},"end":{"line":52,"column":60}},"16":{"start":{"line":53,"column":12},"end":{"line":53,"column":56}},"17":{"start":{"line":54,"column":12},"end":{"line":57,"column":15}},"18":{"start":{"line":59,"column":8},"end":{"line":59,"column":15}},"19":{"start":{"line":63,"column":0},"end":{"line":71,"column":2}}},"fnMap":{"0":{"name":"(anonymous_0)","decl":{"start":{"line":48,"column":17},"end":{"line":48,"column":18}},"loc":{"start":{"line":48,"column":39},"end":{"line":61,"column":1}},"line":48},"1":{"name":"(anonymous_1)","decl":{"start":{"line":49,"column":11},"end":{"line":49,"column":12}},"loc":{"start":{"line":49,"column":31},"end":{"line":60,"column":5}},"line":49},"2":{"name":"(anonymous_2)","decl":{"start":{"line":52,"column":46},"end":{"line":52,"column":47}},"loc":{"start":{"line":52,"column":51},"end":{"line":52,"column":60}},"line":52}},"branchMap":{"0":{"loc":{"start":{"line":51,"column":8},"end":{"line":58,"column":9}},"type":"if","locations":[{"start":{"line":51,"column":8},"end":{"line":58,"column":9}},{"start":{},"end":{}}],"line":51}},"s":{"0":2,"1":2,"2":2,"3":2,"4":2,"5":2,"6":2,"7":2,"8":2,"9":2,"10":2,"11":16,"12":0,"13":0,"14":0,"15":0,"16":0,"17":0,"18":0,"19":2},"f":{"0":16,"1":0,"2":0},"b":{"0":[0,0]},"_coverageSchema":"1a1c01bbd47fc00a2c39e90264f33305004495a9","hash":"2b949e0ea19c7cdc01a235db32883d29634251d0"}
,"D:\\EELU Comunitty\\eelu-smart-scheduling\\BACKEND\\src\\validators\\schedule.validator.js": {"path":"D:\\EELU Comunitty\\eelu-smart-scheduling\\BACKEND\\src\\validators\\schedule.validator.js","statementMap":{"0":{"start":{"line":1,"column":12},"end":{"line":1,"column":26}},"1":{"start":{"line":2,"column":24},"end":{"line":2,"column":63}},"2":{"start":{"line":4,"column":19},"end":{"line":6,"column":13}},"3":{"start":{"line":8,"column":21},"end":{"line":10,"column":1}},"4":{"start":{"line":12,"column":21},"end":{"line":14,"column":2}},"5":{"start":{"line":16,"column":31},"end":{"line":20,"column":2}},"6":{"start":{"line":22,"column":17},"end":{"line":38,"column":1}},"7":{"start":{"line":23,"column":2},"end":{"line":37,"column":4}},"8":{"start":{"line":24,"column":22},"end":{"line":24,"column":75}},"9":{"start":{"line":26,"column":4},"end":{"line":34,"column":5}},"10":{"start":{"line":27,"column":22},"end":{"line":27,"column":76}},"11":{"start":{"line":27,"column":50},"end":{"line":27,"column":64}},"12":{"start":{"line":28,"column":6},"end":{"line":28,"column":50}},"13":{"start":{"line":30,"column":6},"end":{"line":33,"column":9}},"14":{"start":{"line":36,"column":4},"end":{"line":36,"column":11}},"15":{"start":{"line":40,"column":0},"end":{"line":44,"column":2}}},"fnMap":{"0":{"name":"(anonymous_0)","decl":{"start":{"line":22,"column":17},"end":{"line":22,"column":18}},"loc":{"start":{"line":22,"column":39},"end":{"line":38,"column":1}},"line":22},"1":{"name":"(anonymous_1)","decl":{"start":{"line":23,"column":9},"end":{"line":23,"column":10}},"loc":{"start":{"line":23,"column":29},"end":{"line":37,"column":3}},"line":23},"2":{"name":"(anonymous_2)","decl":{"start":{"line":27,"column":40},"end":{"line":27,"column":41}},"loc":{"start":{"line":27,"column":50},"end":{"line":27,"column":64}},"line":27}},"branchMap":{"0":{"loc":{"start":{"line":26,"column":4},"end":{"line":34,"column":5}},"type":"if","locations":[{"start":{"line":26,"column":4},"end":{"line":34,"column":5}},{"start":{},"end":{}}],"line":26}},"s":{"0":2,"1":2,"2":2,"3":2,"4":2,"5":2,"6":2,"7":4,"8":0,"9":0,"10":0,"11":0,"12":0,"13":0,"14":0,"15":2},"f":{"0":4,"1":0,"2":0},"b":{"0":[0,0]},"_coverageSchema":"1a1c01bbd47fc00a2c39e90264f33305004495a9","hash":"01118ac6480d5ff1f1e3083652e0a6fbfdc5dafc"}
,"D:\\EELU Comunitty\\eelu-smart-scheduling\\BACKEND\\src\\validators\\session.validator.js": {"path":"D:\\EELU Comunitty\\eelu-smart-scheduling\\BACKEND\\src\\validators\\session.validator.js","statementMap":{"0":{"start":{"line":1,"column":12},"end":{"line":1,"column":26}},"1":{"start":{"line":4,"column":19},"end":{"line":6,"column":15}},"2":{"start":{"line":8,"column":21},"end":{"line":10,"column":1}},"3":{"start":{"line":12,"column":28},"end":{"line":16,"column":2}},"4":{"start":{"line":18,"column":28},"end":{"line":23,"column":7}},"5":{"start":{"line":25,"column":21},"end":{"line":27,"column":2}},"6":{"start":{"line":30,"column":17},"end":{"line":48,"column":1}},"7":{"start":{"line":31,"column":4},"end":{"line":47,"column":6}},"8":{"start":{"line":33,"column":26},"end":{"line":33,"column":79}},"9":{"start":{"line":35,"column":8},"end":{"line":45,"column":9}},"10":{"start":{"line":36,"column":32},"end":{"line":36,"column":37}},"11":{"start":{"line":37,"column":28},"end":{"line":37,"column":66}},"12":{"start":{"line":37,"column":45},"end":{"line":37,"column":54}},"13":{"start":{"line":39,"column":12},"end":{"line":39,"column":56}},"14":{"start":{"line":41,"column":12},"end":{"line":44,"column":15}},"15":{"start":{"line":46,"column":8},"end":{"line":46,"column":15}},"16":{"start":{"line":51,"column":0},"end":{"line":51,"column":86}}},"fnMap":{"0":{"name":"(anonymous_0)","decl":{"start":{"line":30,"column":17},"end":{"line":30,"column":18}},"loc":{"start":{"line":30,"column":39},"end":{"line":48,"column":1}},"line":30},"1":{"name":"(anonymous_1)","decl":{"start":{"line":31,"column":11},"end":{"line":31,"column":12}},"loc":{"start":{"line":31,"column":31},"end":{"line":47,"column":5}},"line":31},"2":{"name":"(anonymous_2)","decl":{"start":{"line":37,"column":40},"end":{"line":37,"column":41}},"loc":{"start":{"line":37,"column":45},"end":{"line":37,"column":54}},"line":37}},"branchMap":{"0":{"loc":{"start":{"line":35,"column":8},"end":{"line":45,"column":9}},"type":"if","locations":[{"start":{"line":35,"column":8},"end":{"line":45,"column":9}},{"start":{},"end":{}}],"line":35}},"s":{"0":2,"1":2,"2":2,"3":2,"4":2,"5":2,"6":2,"7":10,"8":0,"9":0,"10":0,"11":0,"12":0,"13":0,"14":0,"15":0,"16":2},"f":{"0":10,"1":0,"2":0},"b":{"0":[0,0]},"_coverageSchema":"1a1c01bbd47fc00a2c39e90264f33305004495a9","hash":"d4501631dfb69e17e351297311649b2a00728f80"}
,"D:\\EELU Comunitty\\eelu-smart-scheduling\\BACKEND\\src\\validators\\studentGroup.validator.js": {"path":"D:\\EELU Comunitty\\eelu-smart-scheduling\\BACKEND\\src\\validators\\studentGroup.validator.js","statementMap":{"0":{"start":{"line":1,"column":12},"end":{"line":1,"column":26}},"1":{"start":{"line":3,"column":19},"end":{"line":5,"column":15}},"2":{"start":{"line":7,"column":21},"end":{"line":9,"column":1}},"3":{"start":{"line":12,"column":33},"end":{"line":17,"column":2}},"4":{"start":{"line":19,"column":33},"end":{"line":23,"column":2}},"5":{"start":{"line":25,"column":21},"end":{"line":27,"column":2}},"6":{"start":{"line":29,"column":17},"end":{"line":47,"column":1}},"7":{"start":{"line":30,"column":4},"end":{"line":46,"column":6}},"8":{"start":{"line":32,"column":26},"end":{"line":32,"column":79}},"9":{"start":{"line":34,"column":8},"end":{"line":44,"column":9}},"10":{"start":{"line":35,"column":32},"end":{"line":35,"column":37}},"11":{"start":{"line":36,"column":28},"end":{"line":36,"column":66}},"12":{"start":{"line":36,"column":45},"end":{"line":36,"column":54}},"13":{"start":{"line":38,"column":12},"end":{"line":38,"column":56}},"14":{"start":{"line":40,"column":12},"end":{"line":43,"column":15}},"15":{"start":{"line":45,"column":8},"end":{"line":45,"column":15}},"16":{"start":{"line":49,"column":0},"end":{"line":49,"column":96}}},"fnMap":{"0":{"name":"(anonymous_0)","decl":{"start":{"line":29,"column":17},"end":{"line":29,"column":18}},"loc":{"start":{"line":29,"column":39},"end":{"line":47,"column":1}},"line":29},"1":{"name":"(anonymous_1)","decl":{"start":{"line":30,"column":11},"end":{"line":30,"column":12}},"loc":{"start":{"line":30,"column":31},"end":{"line":46,"column":5}},"line":30},"2":{"name":"(anonymous_2)","decl":{"start":{"line":36,"column":40},"end":{"line":36,"column":41}},"loc":{"start":{"line":36,"column":45},"end":{"line":36,"column":54}},"line":36}},"branchMap":{"0":{"loc":{"start":{"line":34,"column":8},"end":{"line":44,"column":9}},"type":"if","locations":[{"start":{"line":34,"column":8},"end":{"line":44,"column":9}},{"start":{},"end":{}}],"line":34}},"s":{"0":2,"1":2,"2":2,"3":2,"4":2,"5":2,"6":2,"7":10,"8":0,"9":0,"10":0,"11":0,"12":0,"13":0,"14":0,"15":0,"16":2},"f":{"0":10,"1":0,"2":0},"b":{"0":[0,0]},"_coverageSchema":"1a1c01bbd47fc00a2c39e90264f33305004495a9","hash":"ed593b9b1ea68b59eebd55315d6e58f37e5782f2"}
,"D:\\EELU Comunitty\\eelu-smart-scheduling\\BACKEND\\src\\validators\\ta.validator.js": {"path":"D:\\EELU Comunitty\\eelu-smart-scheduling\\BACKEND\\src\\validators\\ta.validator.js","statementMap":{"0":{"start":{"line":1,"column":12},"end":{"line":1,"column":26}},"1":{"start":{"line":3,"column":19},"end":{"line":5,"column":15}},"2":{"start":{"line":7,"column":21},"end":{"line":9,"column":1}},"3":{"start":{"line":11,"column":13},"end":{"line":11,"column":81}},"4":{"start":{"line":13,"column":23},"end":{"line":18,"column":2}},"5":{"start":{"line":20,"column":23},"end":{"line":24,"column":9}},"6":{"start":{"line":26,"column":25},"end":{"line":31,"column":2}},"7":{"start":{"line":33,"column":27},"end":{"line":36,"column":2}},"8":{"start":{"line":38,"column":23},"end":{"line":40,"column":2}},"9":{"start":{"line":42,"column":27},"end":{"line":44,"column":2}},"10":{"start":{"line":46,"column":17},"end":{"line":59,"column":1}},"11":{"start":{"line":47,"column":4},"end":{"line":58,"column":6}},"12":{"start":{"line":48,"column":26},"end":{"line":48,"column":79}},"13":{"start":{"line":49,"column":8},"end":{"line":56,"column":9}},"14":{"start":{"line":50,"column":28},"end":{"line":50,"column":72}},"15":{"start":{"line":50,"column":51},"end":{"line":50,"column":60}},"16":{"start":{"line":51,"column":12},"end":{"line":51,"column":56}},"17":{"start":{"line":52,"column":12},"end":{"line":55,"column":15}},"18":{"start":{"line":57,"column":8},"end":{"line":57,"column":15}},"19":{"start":{"line":61,"column":0},"end":{"line":69,"column":2}}},"fnMap":{"0":{"name":"(anonymous_0)","decl":{"start":{"line":46,"column":17},"end":{"line":46,"column":18}},"loc":{"start":{"line":46,"column":39},"end":{"line":59,"column":1}},"line":46},"1":{"name":"(anonymous_1)","decl":{"start":{"line":47,"column":11},"end":{"line":47,"column":12}},"loc":{"start":{"line":47,"column":31},"end":{"line":58,"column":5}},"line":47},"2":{"name":"(anonymous_2)","decl":{"start":{"line":50,"column":46},"end":{"line":50,"column":47}},"loc":{"start":{"line":50,"column":51},"end":{"line":50,"column":60}},"line":50}},"branchMap":{"0":{"loc":{"start":{"line":49,"column":8},"end":{"line":56,"column":9}},"type":"if","locations":[{"start":{"line":49,"column":8},"end":{"line":56,"column":9}},{"start":{},"end":{}}],"line":49}},"s":{"0":2,"1":2,"2":2,"3":2,"4":2,"5":2,"6":2,"7":2,"8":2,"9":2,"10":2,"11":20,"12":0,"13":0,"14":0,"15":0,"16":0,"17":0,"18":0,"19":2},"f":{"0":20,"1":0,"2":0},"b":{"0":[0,0]},"_coverageSchema":"1a1c01bbd47fc00a2c39e90264f33305004495a9","hash":"879a57b2ba2c6c8d10b28125c8817e11393f935e"}
,"D:\\EELU Comunitty\\eelu-smart-scheduling\\BACKEND\\src\\validators\\user.validator.js": {"path":"D:\\EELU Comunitty\\eelu-smart-scheduling\\BACKEND\\src\\validators\\user.validator.js","statementMap":{"0":{"start":{"line":1,"column":12},"end":{"line":1,"column":26}},"1":{"start":{"line":2,"column":24},"end":{"line":2,"column":63}},"2":{"start":{"line":4,"column":25},"end":{"line":26,"column":2}},"3":{"start":{"line":28,"column":25},"end":{"line":36,"column":2}},"4":{"start":{"line":38,"column":21},"end":{"line":42,"column":2}},"5":{"start":{"line":44,"column":17},"end":{"line":55,"column":1}},"6":{"start":{"line":45,"column":4},"end":{"line":54,"column":6}},"7":{"start":{"line":46,"column":26},"end":{"line":46,"column":56}},"8":{"start":{"line":47,"column":8},"end":{"line":52,"column":9}},"9":{"start":{"line":48,"column":12},"end":{"line":51,"column":15}},"10":{"start":{"line":50,"column":48},"end":{"line":50,"column":57}},"11":{"start":{"line":53,"column":8},"end":{"line":53,"column":15}},"12":{"start":{"line":57,"column":0},"end":{"line":57,"column":80}}},"fnMap":{"0":{"name":"(anonymous_0)","decl":{"start":{"line":44,"column":17},"end":{"line":44,"column":18}},"loc":{"start":{"line":44,"column":48},"end":{"line":55,"column":1}},"line":44},"1":{"name":"(anonymous_1)","decl":{"start":{"line":45,"column":11},"end":{"line":45,"column":12}},"loc":{"start":{"line":45,"column":31},"end":{"line":54,"column":5}},"line":45},"2":{"name":"(anonymous_2)","decl":{"start":{"line":50,"column":43},"end":{"line":50,"column":44}},"loc":{"start":{"line":50,"column":48},"end":{"line":50,"column":57}},"line":50}},"branchMap":{"0":{"loc":{"start":{"line":44,"column":26},"end":{"line":44,"column":43}},"type":"default-arg","locations":[{"start":{"line":44,"column":37},"end":{"line":44,"column":43}}],"line":44},"1":{"loc":{"start":{"line":47,"column":8},"end":{"line":52,"column":9}},"type":"if","locations":[{"start":{"line":47,"column":8},"end":{"line":52,"column":9}},{"start":{},"end":{}}],"line":47}},"s":{"0":2,"1":2,"2":2,"3":2,"4":2,"5":2,"6":10,"7":0,"8":0,"9":0,"10":0,"11":0,"12":2},"f":{"0":10,"1":0,"2":0},"b":{"0":[0],"1":[0,0]},"_coverageSchema":"1a1c01bbd47fc00a2c39e90264f33305004495a9","hash":"3cc91c23e0b73bc544daf054d3576c5102ba1bff"}
}
