TN:
SF:src\config\db.js
FN:8,(anonymous_0)
FN:18,(anonymous_1)
FNF:2
FNH:0
FNDA:0,(anonymous_0)
FNDA:0,(anonymous_1)
DA:1,15
DA:4,15
DA:8,15
DA:9,0
DA:10,0
DA:11,0
DA:13,0
DA:14,0
DA:18,15
DA:19,0
DA:20,0
DA:21,0
DA:23,0
DA:27,15
LF:14
LH:5
BRF:0
BRH:0
end_of_record
TN:
SF:src\config\env.js
FNF:0
FNH:0
DA:1,2
DA:3,2
DA:5,2
DA:13,2
LF:4
LH:4
BRDA:9,0,0,2
BRDA:9,0,1,0
BRDA:10,1,0,2
BRDA:10,1,1,2
BRF:4
BRH:3
end_of_record
TN:
SF:src\constants\status.messages.js
FNF:0
FNH:0
DA:1,13
DA:16,13
LF:2
LH:2
BRF:0
BRH:0
end_of_record
TN:
SF:src\controllers\auth.controller.js
FN:6,(anonymous_0)
FN:21,(anonymous_1)
FN:38,(anonymous_2)
FN:53,(anonymous_3)
FN:66,(anonymous_4)
FN:81,(anonymous_5)
FN:96,(anonymous_6)
FN:119,(anonymous_7)
FN:134,(anonymous_8)
FN:154,(anonymous_9)
FN:155,(anonymous_10)
FN:156,(anonymous_11)
FN:157,(anonymous_12)
FN:158,(anonymous_13)
FN:159,(anonymous_14)
FN:160,(anonymous_15)
FN:161,(anonymous_16)
FN:162,(anonymous_17)
FNF:18
FNH:4
FNDA:0,(anonymous_0)
FNDA:2,(anonymous_1)
FNDA:0,(anonymous_2)
FNDA:1,(anonymous_3)
FNDA:0,(anonymous_4)
FNDA:0,(anonymous_5)
FNDA:0,(anonymous_6)
FNDA:0,(anonymous_7)
FNDA:0,(anonymous_8)
FNDA:0,(anonymous_9)
FNDA:2,(anonymous_10)
FNDA:0,(anonymous_11)
FNDA:1,(anonymous_12)
FNDA:0,(anonymous_13)
FNDA:0,(anonymous_14)
FNDA:0,(anonymous_15)
FNDA:0,(anonymous_16)
FNDA:0,(anonymous_17)
DA:1,2
DA:3,2
DA:7,0
DA:8,0
DA:9,0
DA:10,0
DA:12,0
DA:13,0
DA:17,0
DA:22,2
DA:23,2
DA:24,2
DA:26,1
DA:32,1
DA:34,1
DA:39,0
DA:40,0
DA:41,0
DA:42,0
DA:45,0
DA:46,0
DA:49,0
DA:54,1
DA:55,1
DA:59,1
DA:61,0
DA:67,0
DA:68,0
DA:70,0
DA:71,0
DA:74,0
DA:75,0
DA:77,0
DA:82,0
DA:83,0
DA:85,0
DA:86,0
DA:89,0
DA:90,0
DA:92,0
DA:97,0
DA:98,0
DA:100,0
DA:101,0
DA:106,0
DA:107,0
DA:112,0
DA:113,0
DA:115,0
DA:120,0
DA:121,0
DA:123,0
DA:124,0
DA:127,0
DA:128,0
DA:130,0
DA:135,0
DA:136,0
DA:138,0
DA:139,0
DA:142,0
DA:143,0
DA:145,0
DA:151,2
DA:153,2
DA:154,0
DA:155,2
DA:156,0
DA:157,1
DA:158,0
DA:159,0
DA:160,0
DA:161,0
DA:162,0
LF:74
LH:15
BRDA:12,0,0,0
BRDA:12,0,1,0
BRDA:41,1,0,0
BRDA:41,1,1,0
BRDA:70,2,0,0
BRDA:70,2,1,0
BRDA:85,3,0,0
BRDA:85,3,1,0
BRDA:85,4,0,0
BRDA:85,4,1,0
BRDA:100,5,0,0
BRDA:100,5,1,0
BRDA:100,6,0,0
BRDA:100,6,1,0
BRDA:100,6,2,0
BRDA:106,7,0,0
BRDA:106,7,1,0
BRDA:123,8,0,0
BRDA:123,8,1,0
BRDA:123,9,0,0
BRDA:123,9,1,0
BRDA:138,10,0,0
BRDA:138,10,1,0
BRF:23
BRH:0
end_of_record
TN:
SF:src\controllers\campus.controller.js
FN:4,(anonymous_0)
FN:19,(anonymous_1)
FN:32,(anonymous_2)
FN:64,(anonymous_3)
FN:79,(anonymous_4)
FNF:5
FNH:0
FNDA:0,(anonymous_0)
FNDA:0,(anonymous_1)
FNDA:0,(anonymous_2)
FNDA:0,(anonymous_3)
FNDA:0,(anonymous_4)
DA:1,2
DA:2,2
DA:4,2
DA:5,0
DA:6,0
DA:7,0
DA:8,0
DA:13,0
DA:14,0
DA:19,2
DA:20,0
DA:21,0
DA:22,0
DA:27,0
DA:32,2
DA:33,0
DA:36,0
DA:37,0
DA:43,0
DA:44,0
DA:45,0
DA:46,0
DA:51,0
DA:56,0
DA:64,2
DA:65,0
DA:66,0
DA:67,0
DA:68,0
DA:69,0
DA:74,0
DA:79,2
DA:80,0
DA:83,0
DA:84,0
DA:90,0
DA:91,0
DA:92,0
DA:98,0
DA:100,0
DA:104,0
DA:112,2
LF:42
LH:8
BRDA:36,0,0,0
BRDA:36,0,1,0
BRDA:36,1,0,0
BRDA:36,1,1,0
BRDA:45,2,0,0
BRDA:45,2,1,0
BRDA:46,3,0,0
BRDA:46,3,1,0
BRDA:83,4,0,0
BRDA:83,4,1,0
BRDA:83,5,0,0
BRDA:83,5,1,0
BRDA:100,6,0,0
BRDA:100,6,1,0
BRDA:101,7,0,0
BRDA:101,7,1,0
BRF:16
BRH:0
end_of_record
TN:
SF:src\controllers\classroom.controller.js
FN:5,(anonymous_0)
FN:21,(anonymous_1)
FN:37,(anonymous_2)
FN:53,(anonymous_3)
FN:70,(anonymous_4)
FNF:5
FNH:0
FNDA:0,(anonymous_0)
FNDA:0,(anonymous_1)
FNDA:0,(anonymous_2)
FNDA:0,(anonymous_3)
FNDA:0,(anonymous_4)
DA:1,2
DA:2,2
DA:5,2
DA:6,0
DA:7,0
DA:8,0
DA:9,0
DA:14,0
DA:21,2
DA:22,0
DA:23,0
DA:24,0
DA:25,0
DA:30,0
DA:37,2
DA:38,0
DA:39,0
DA:40,0
DA:41,0
DA:46,0
DA:53,2
DA:54,0
DA:55,0
DA:56,0
DA:57,0
DA:58,0
DA:63,0
DA:70,2
DA:71,0
DA:72,0
DA:73,0
DA:74,0
DA:79,0
DA:86,2
LF:34
LH:8
BRF:0
BRH:0
end_of_record
TN:
SF:src\controllers\college.controller.js
FN:5,(anonymous_0)
FN:21,(anonymous_1)
FN:37,(anonymous_2)
FN:53,(anonymous_3)
FN:70,(anonymous_4)
FNF:5
FNH:0
FNDA:0,(anonymous_0)
FNDA:0,(anonymous_1)
FNDA:0,(anonymous_2)
FNDA:0,(anonymous_3)
FNDA:0,(anonymous_4)
DA:1,2
DA:2,2
DA:5,2
DA:6,0
DA:7,0
DA:8,0
DA:9,0
DA:14,0
DA:21,2
DA:22,0
DA:23,0
DA:24,0
DA:25,0
DA:30,0
DA:37,2
DA:38,0
DA:39,0
DA:40,0
DA:41,0
DA:46,0
DA:53,2
DA:54,0
DA:55,0
DA:56,0
DA:57,0
DA:58,0
DA:63,0
DA:70,2
DA:71,0
DA:72,0
DA:73,0
DA:74,0
DA:79,0
DA:86,2
LF:34
LH:8
BRF:0
BRH:0
end_of_record
TN:
SF:src\controllers\course.controller.js
FN:5,(anonymous_0)
FN:20,(anonymous_1)
FN:36,(anonymous_2)
FN:52,(anonymous_3)
FN:69,(anonymous_4)
FNF:5
FNH:0
FNDA:0,(anonymous_0)
FNDA:0,(anonymous_1)
FNDA:0,(anonymous_2)
FNDA:0,(anonymous_3)
FNDA:0,(anonymous_4)
DA:1,2
DA:2,2
DA:5,2
DA:6,0
DA:7,0
DA:8,0
DA:13,0
DA:20,2
DA:21,0
DA:22,0
DA:23,0
DA:24,0
DA:29,0
DA:36,2
DA:37,0
DA:38,0
DA:39,0
DA:40,0
DA:45,0
DA:52,2
DA:53,0
DA:54,0
DA:55,0
DA:56,0
DA:61,0
DA:69,2
DA:70,0
DA:71,0
DA:72,0
DA:73,0
DA:78,0
DA:86,2
LF:32
LH:8
BRF:0
BRH:0
end_of_record
TN:
SF:src\controllers\department.controller.js
FN:5,(anonymous_0)
FN:21,(anonymous_1)
FN:37,(anonymous_2)
FN:53,(anonymous_3)
FN:70,(anonymous_4)
FNF:5
FNH:0
FNDA:0,(anonymous_0)
FNDA:0,(anonymous_1)
FNDA:0,(anonymous_2)
FNDA:0,(anonymous_3)
FNDA:0,(anonymous_4)
DA:1,2
DA:2,2
DA:5,2
DA:6,0
DA:7,0
DA:8,0
DA:9,0
DA:14,0
DA:21,2
DA:22,0
DA:23,0
DA:24,0
DA:25,0
DA:30,0
DA:37,2
DA:38,0
DA:39,0
DA:40,0
DA:41,0
DA:46,0
DA:53,2
DA:54,0
DA:55,0
DA:56,0
DA:57,0
DA:58,0
DA:63,0
DA:70,2
DA:71,0
DA:72,0
DA:73,0
DA:74,0
DA:79,0
DA:86,2
LF:34
LH:8
BRF:0
BRH:0
end_of_record
TN:
SF:src\controllers\import.controller.js
FN:10,(anonymous_0)
FN:32,(anonymous_1)
FNF:2
FNH:0
FNDA:0,(anonymous_0)
FNDA:0,(anonymous_1)
DA:1,2
DA:2,2
DA:3,2
DA:6,2
DA:7,2
DA:11,0
DA:18,0
DA:19,0
DA:21,0
DA:26,2
DA:32,2
DA:33,0
DA:34,0
DA:36,0
DA:38,0
DA:45,0
DA:46,0
DA:52,0
DA:53,0
DA:60,0
DA:61,0
DA:64,0
DA:65,0
DA:66,0
DA:67,0
DA:68,0
DA:71,0
DA:79,0
DA:80,0
DA:82,0
DA:90,0
DA:91,0
DA:99,0
DA:101,0
DA:102,0
DA:104,0
DA:105,0
DA:110,0
DA:111,0
DA:114,0
DA:115,0
DA:117,0
DA:118,0
DA:120,0
DA:121,0
DA:123,0
DA:130,0
DA:131,0
DA:162,0
DA:177,0
DA:178,0
DA:186,2
LF:52
LH:8
BRDA:18,0,0,0
BRDA:18,0,1,0
BRDA:18,1,0,0
BRDA:18,1,1,0
BRDA:18,1,2,0
BRDA:18,1,3,0
BRDA:18,1,4,0
BRDA:36,2,0,0
BRDA:36,2,1,0
BRDA:41,3,0,0
BRDA:41,3,1,0
BRDA:45,4,0,0
BRDA:45,4,1,0
BRDA:52,5,0,0
BRDA:52,5,1,0
BRDA:64,6,0,0
BRDA:64,6,1,0
BRDA:67,7,0,0
BRDA:67,7,1,0
BRDA:90,8,0,0
BRDA:90,8,1,0
BRDA:90,9,0,0
BRDA:90,9,1,0
BRDA:99,10,0,0
BRDA:99,10,1,0
BRDA:99,10,2,0
BRDA:99,10,3,0
BRDA:99,10,4,0
BRDA:99,10,5,0
BRDA:99,10,6,0
BRDA:104,11,0,0
BRDA:104,11,1,0
BRDA:130,12,0,0
BRDA:130,12,1,0
BRF:34
BRH:0
end_of_record
TN:
SF:src\controllers\instructor.controller.js
FN:14,(anonymous_0)
FN:32,(anonymous_1)
FN:49,(anonymous_2)
FN:73,(anonymous_3)
FN:92,(anonymous_4)
FN:112,(anonymous_5)
FN:137,(anonymous_6)
FN:161,(anonymous_7)
FNF:8
FNH:0
FNDA:0,(anonymous_0)
FNDA:0,(anonymous_1)
FNDA:0,(anonymous_2)
FNDA:0,(anonymous_3)
FNDA:0,(anonymous_4)
FNDA:0,(anonymous_5)
FNDA:0,(anonymous_6)
FNDA:0,(anonymous_7)
DA:11,2
DA:12,2
DA:14,2
DA:15,0
DA:16,0
DA:17,0
DA:18,0
DA:24,0
DA:32,2
DA:33,0
DA:34,0
DA:35,0
DA:41,0
DA:49,2
DA:50,0
DA:51,0
DA:52,0
DA:53,0
DA:54,0
DA:59,0
DA:65,0
DA:73,2
DA:74,0
DA:75,0
DA:76,0
DA:77,0
DA:78,0
DA:84,0
DA:92,2
DA:93,0
DA:94,0
DA:95,0
DA:96,0
DA:102,0
DA:112,2
DA:113,0
DA:114,0
DA:115,0
DA:116,0
DA:121,0
DA:122,0
DA:123,0
DA:129,0
DA:130,0
DA:137,2
DA:138,0
DA:139,0
DA:140,0
DA:141,0
DA:146,0
DA:147,0
DA:153,0
DA:161,2
DA:162,0
DA:163,0
DA:164,0
DA:165,0
DA:166,0
DA:172,0
DA:180,2
LF:60
LH:11
BRDA:53,0,0,0
BRDA:53,0,1,0
BRDA:115,1,0,0
BRDA:115,1,1,0
BRDA:129,2,0,0
BRDA:129,2,1,0
BRDA:140,3,0,0
BRDA:140,3,1,0
BRF:8
BRH:0
end_of_record
TN:
SF:src\controllers\otp.controller.js
FN:4,forgotPasswordController
FN:14,verifyOtpController
FN:24,resetPasswordController
FN:34,resendOtpController
FNF:4
FNH:4
FNDA:1,forgotPasswordController
FNDA:2,verifyOtpController
FNDA:1,resetPasswordController
FNDA:1,resendOtpController
DA:1,2
DA:5,1
DA:6,1
DA:7,1
DA:8,0
DA:10,1
DA:15,2
DA:16,2
DA:17,2
DA:18,0
DA:20,2
DA:25,1
DA:26,1
DA:27,1
DA:28,0
DA:30,1
DA:35,1
DA:36,1
DA:37,1
DA:38,0
DA:40,1
DA:44,2
LF:22
LH:18
BRF:0
BRH:0
end_of_record
TN:
SF:src\controllers\schedule.controller.js
FN:11,(anonymous_0)
FN:43,(anonymous_1)
FN:75,(anonymous_2)
FNF:3
FNH:0
FNDA:0,(anonymous_0)
FNDA:0,(anonymous_1)
FNDA:0,(anonymous_2)
DA:1,2
DA:2,2
DA:3,2
DA:5,2
DA:11,2
DA:12,0
DA:13,0
DA:15,0
DA:16,0
DA:17,0
DA:18,0
DA:21,0
DA:23,0
DA:29,0
DA:31,0
DA:43,2
DA:44,0
DA:45,0
DA:47,0
DA:48,0
DA:54,0
DA:56,0
DA:61,0
DA:63,0
DA:75,2
DA:76,0
DA:77,0
DA:79,0
DA:84,0
DA:86,0
DA:94,2
LF:31
LH:8
BRDA:18,0,0,0
BRDA:18,0,1,0
BRDA:21,1,0,0
BRDA:21,1,1,0
BRDA:47,2,0,0
BRDA:47,2,1,0
BRF:6
BRH:0
end_of_record
TN:
SF:src\controllers\session.controller.js
FN:5,(anonymous_0)
FN:21,(anonymous_1)
FN:36,(anonymous_2)
FN:52,(anonymous_3)
FN:69,(anonymous_4)
FNF:5
FNH:0
FNDA:0,(anonymous_0)
FNDA:0,(anonymous_1)
FNDA:0,(anonymous_2)
FNDA:0,(anonymous_3)
FNDA:0,(anonymous_4)
DA:1,2
DA:2,2
DA:5,2
DA:6,0
DA:7,0
DA:8,0
DA:9,0
DA:14,0
DA:21,2
DA:22,0
DA:23,0
DA:24,0
DA:29,0
DA:36,2
DA:37,0
DA:38,0
DA:39,0
DA:40,0
DA:45,0
DA:52,2
DA:53,0
DA:54,0
DA:55,0
DA:56,0
DA:57,0
DA:62,0
DA:69,2
DA:70,0
DA:71,0
DA:72,0
DA:73,0
DA:78,0
DA:86,2
LF:33
LH:8
BRF:0
BRH:0
end_of_record
TN:
SF:src\controllers\studentGroup.controller.js
FN:4,(anonymous_0)
FN:22,(anonymous_1)
FN:39,(anonymous_2)
FN:57,(anonymous_3)
FN:76,(anonymous_4)
FNF:5
FNH:0
FNDA:0,(anonymous_0)
FNDA:0,(anonymous_1)
FNDA:0,(anonymous_2)
FNDA:0,(anonymous_3)
FNDA:0,(anonymous_4)
DA:1,2
DA:2,2
DA:4,2
DA:5,0
DA:6,0
DA:7,0
DA:8,0
DA:14,0
DA:22,2
DA:23,0
DA:24,0
DA:25,0
DA:31,0
DA:39,2
DA:40,0
DA:41,0
DA:42,0
DA:43,0
DA:49,0
DA:57,2
DA:58,0
DA:59,0
DA:60,0
DA:61,0
DA:62,0
DA:68,0
DA:76,2
DA:77,0
DA:78,0
DA:79,0
DA:80,0
DA:86,0
DA:94,2
LF:33
LH:8
BRF:0
BRH:0
end_of_record
TN:
SF:src\controllers\ta.controller.js
FN:19,(anonymous_0)
FN:37,(anonymous_1)
FN:54,(anonymous_2)
FN:78,(anonymous_3)
FN:97,(anonymous_4)
FN:117,(anonymous_5)
FN:142,(anonymous_6)
FN:166,(anonymous_7)
FN:183,(anonymous_8)
FN:201,(anonymous_9)
FN:220,(anonymous_10)
FNF:11
FNH:0
FNDA:0,(anonymous_0)
FNDA:0,(anonymous_1)
FNDA:0,(anonymous_2)
FNDA:0,(anonymous_3)
FNDA:0,(anonymous_4)
FNDA:0,(anonymous_5)
FNDA:0,(anonymous_6)
FNDA:0,(anonymous_7)
FNDA:0,(anonymous_8)
FNDA:0,(anonymous_9)
FNDA:0,(anonymous_10)
DA:14,2
DA:15,2
DA:19,2
DA:20,0
DA:21,0
DA:22,0
DA:23,0
DA:29,0
DA:37,2
DA:38,0
DA:39,0
DA:40,0
DA:46,0
DA:54,2
DA:55,0
DA:56,0
DA:57,0
DA:58,0
DA:59,0
DA:64,0
DA:70,0
DA:78,2
DA:79,0
DA:80,0
DA:81,0
DA:82,0
DA:83,0
DA:89,0
DA:97,2
DA:98,0
DA:99,0
DA:100,0
DA:101,0
DA:107,0
DA:117,2
DA:118,0
DA:119,0
DA:120,0
DA:121,0
DA:126,0
DA:127,0
DA:128,0
DA:134,0
DA:142,2
DA:143,0
DA:144,0
DA:145,0
DA:146,0
DA:151,0
DA:152,0
DA:158,0
DA:166,2
DA:167,0
DA:168,0
DA:169,0
DA:175,0
DA:183,2
DA:184,0
DA:185,0
DA:186,0
DA:187,0
DA:193,0
DA:201,2
DA:202,0
DA:203,0
DA:204,0
DA:205,0
DA:206,0
DA:212,0
DA:213,0
DA:220,2
DA:221,0
DA:222,0
DA:223,0
DA:224,0
DA:230,0
DA:238,2
LF:77
LH:14
BRDA:58,0,0,0
BRDA:58,0,1,0
BRDA:120,1,0,0
BRDA:120,1,1,0
BRDA:145,2,0,0
BRDA:145,2,1,0
BRDA:212,3,0,0
BRDA:212,3,1,0
BRF:8
BRH:0
end_of_record
TN:
SF:src\controllers\user.controller.js
FN:5,(anonymous_0)
FN:21,(anonymous_1)
FN:36,(anonymous_2)
FN:52,(anonymous_3)
FN:69,(anonymous_4)
FN:85,(anonymous_5)
FNF:6
FNH:0
FNDA:0,(anonymous_0)
FNDA:0,(anonymous_1)
FNDA:0,(anonymous_2)
FNDA:0,(anonymous_3)
FNDA:0,(anonymous_4)
FNDA:0,(anonymous_5)
DA:1,2
DA:2,2
DA:5,2
DA:6,0
DA:7,0
DA:8,0
DA:9,0
DA:14,0
DA:21,2
DA:22,0
DA:23,0
DA:24,0
DA:29,0
DA:36,2
DA:37,0
DA:38,0
DA:39,0
DA:40,0
DA:45,0
DA:52,2
DA:53,0
DA:54,0
DA:55,0
DA:56,0
DA:57,0
DA:62,0
DA:69,2
DA:70,0
DA:71,0
DA:72,0
DA:73,0
DA:78,0
DA:85,2
DA:86,0
DA:87,0
DA:88,0
DA:89,0
DA:94,0
DA:101,2
LF:39
LH:9
BRF:0
BRH:0
end_of_record
TN:
SF:src\middleware\auth.middleware.js
FN:4,(anonymous_0)
FN:40,(anonymous_1)
FN:57,(anonymous_2)
FN:79,(anonymous_3)
FN:96,(anonymous_4)
FN:113,(anonymous_5)
FN:114,(anonymous_6)
FNF:7
FNH:2
FNDA:67,(anonymous_0)
FNDA:0,(anonymous_1)
FNDA:0,(anonymous_2)
FNDA:0,(anonymous_3)
FNDA:0,(anonymous_4)
FNDA:2,(anonymous_5)
FNDA:0,(anonymous_6)
DA:1,14
DA:2,14
DA:4,14
DA:5,67
DA:7,67
DA:8,67
DA:11,0
DA:13,0
DA:15,0
DA:16,0
DA:19,0
DA:20,0
DA:21,0
DA:22,0
DA:25,0
DA:31,0
DA:33,0
DA:40,14
DA:41,0
DA:42,0
DA:45,0
DA:46,0
DA:51,0
DA:57,14
DA:58,0
DA:59,0
DA:62,0
DA:67,0
DA:68,0
DA:73,0
DA:79,14
DA:80,0
DA:81,0
DA:84,0
DA:85,0
DA:90,0
DA:96,14
DA:97,0
DA:98,0
DA:101,0
DA:102,0
DA:107,0
DA:113,14
DA:114,2
DA:115,0
DA:116,0
DA:119,0
DA:120,0
DA:121,0
DA:123,0
DA:124,0
DA:129,0
DA:133,14
LF:53
LH:13
BRDA:7,0,0,67
BRDA:7,0,1,0
BRDA:7,1,0,67
BRDA:7,1,1,0
BRDA:15,2,0,0
BRDA:15,2,1,0
BRDA:21,3,0,0
BRDA:21,3,1,0
BRDA:41,4,0,0
BRDA:41,4,1,0
BRDA:45,5,0,0
BRDA:45,5,1,0
BRDA:45,6,0,0
BRDA:45,6,1,0
BRDA:58,7,0,0
BRDA:58,7,1,0
BRDA:62,8,0,0
BRDA:62,8,1,0
BRDA:62,8,2,0
BRDA:67,9,0,0
BRDA:67,9,1,0
BRDA:80,10,0,0
BRDA:80,10,1,0
BRDA:84,11,0,0
BRDA:84,11,1,0
BRDA:84,12,0,0
BRDA:84,12,1,0
BRDA:97,13,0,0
BRDA:97,13,1,0
BRDA:101,14,0,0
BRDA:101,14,1,0
BRDA:101,15,0,0
BRDA:101,15,1,0
BRDA:113,16,0,0
BRDA:115,17,0,0
BRDA:115,17,1,0
BRDA:121,18,0,0
BRDA:121,18,1,0
BRDA:123,19,0,0
BRDA:123,19,1,0
BRDA:123,20,0,0
BRDA:123,20,1,0
BRF:42
BRH:2
end_of_record
TN:
SF:src\routes\auth.routes.js
FN:32,(anonymous_0)
FN:45,(anonymous_1)
FNF:2
FNH:0
FNDA:0,(anonymous_0)
FNDA:0,(anonymous_1)
DA:1,2
DA:12,2
DA:13,2
DA:14,2
DA:17,2
DA:18,2
DA:19,2
DA:20,2
DA:23,2
DA:24,2
DA:25,2
DA:28,2
DA:29,2
DA:32,2
DA:33,0
DA:34,0
DA:35,0
DA:37,0
DA:38,0
DA:40,0
DA:45,2
DA:46,0
DA:47,0
DA:50,2
LF:24
LH:16
BRF:0
BRH:0
end_of_record
TN:
SF:src\routes\campus.routes.js
FNF:0
FNH:0
DA:1,2
DA:2,2
DA:3,2
DA:4,2
DA:6,2
DA:8,2
DA:9,2
DA:11,2
DA:12,2
DA:13,2
DA:15,2
LF:11
LH:11
BRF:0
BRH:0
end_of_record
TN:
SF:src\routes\classroom.routes.js
FNF:0
FNH:0
DA:1,2
DA:2,2
DA:3,2
DA:4,2
DA:6,2
DA:8,2
DA:9,2
DA:11,2
DA:12,2
DA:13,2
DA:15,2
LF:11
LH:11
BRF:0
BRH:0
end_of_record
TN:
SF:src\routes\college.routes.js
FNF:0
FNH:0
DA:1,2
DA:2,2
DA:3,2
DA:4,2
DA:6,2
DA:8,2
DA:9,2
DA:11,2
DA:12,2
DA:13,2
DA:15,2
LF:11
LH:11
BRF:0
BRH:0
end_of_record
TN:
SF:src\routes\course.routes.js
FNF:0
FNH:0
DA:1,2
DA:2,2
DA:3,2
DA:4,2
DA:6,2
DA:8,2
DA:9,2
DA:11,2
DA:12,2
DA:13,2
DA:15,2
LF:11
LH:11
BRF:0
BRH:0
end_of_record
TN:
SF:src\routes\department.routes.js
FNF:0
FNH:0
DA:1,2
DA:2,2
DA:3,2
DA:4,2
DA:5,2
DA:7,2
DA:8,2
DA:10,2
DA:11,2
DA:12,2
DA:14,2
LF:11
LH:11
BRF:0
BRH:0
end_of_record
TN:
SF:src\routes\import.routes.js
FNF:0
FNH:0
DA:1,2
DA:2,2
DA:3,2
DA:5,2
DA:14,2
DA:16,2
LF:6
LH:6
BRF:0
BRH:0
end_of_record
TN:
SF:src\routes\index.routes.js
FNF:0
FNH:0
DA:1,1
DA:3,1
DA:5,1
DA:6,1
DA:8,1
DA:9,1
DA:10,1
DA:11,1
DA:12,1
DA:13,1
DA:14,1
DA:16,1
DA:17,1
DA:18,1
DA:19,1
DA:20,1
DA:23,1
DA:24,1
DA:25,1
DA:26,1
DA:27,1
DA:28,1
DA:29,1
DA:30,1
DA:31,1
DA:32,1
DA:33,1
DA:34,1
DA:35,1
DA:36,1
DA:38,1
LF:31
LH:31
BRF:0
BRH:0
end_of_record
TN:
SF:src\routes\instructor.routes.js
FNF:0
FNH:0
DA:1,2
DA:2,2
DA:12,2
DA:21,2
DA:22,2
DA:25,2
DA:26,2
DA:27,2
DA:28,2
DA:29,2
DA:32,2
DA:33,2
DA:34,2
DA:36,2
LF:14
LH:14
BRF:0
BRH:0
end_of_record
TN:
SF:src\routes\otp.routes.js
FNF:0
FNH:0
DA:1,2
DA:2,2
DA:3,2
DA:6,2
DA:7,2
DA:8,2
DA:9,2
DA:12,2
LF:8
LH:8
BRF:0
BRH:0
end_of_record
TN:
SF:src\routes\schedule.routes.js
FNF:0
FNH:0
DA:1,2
DA:6,2
DA:7,2
DA:8,2
DA:10,2
DA:17,2
DA:24,2
DA:31,2
DA:33,2
LF:9
LH:9
BRF:0
BRH:0
end_of_record
TN:
SF:src\routes\session.routes.js
FNF:0
FNH:0
DA:1,2
DA:2,2
DA:3,2
DA:4,2
DA:5,2
DA:7,2
DA:8,2
DA:10,2
DA:12,2
DA:13,2
DA:15,2
LF:11
LH:11
BRF:0
BRH:0
end_of_record
TN:
SF:src\routes\studentGroup.routes.js
FNF:0
FNH:0
DA:1,2
DA:2,2
DA:3,2
DA:4,2
DA:5,2
DA:7,2
DA:8,2
DA:10,2
DA:11,2
DA:12,2
DA:14,2
LF:11
LH:11
BRF:0
BRH:0
end_of_record
TN:
SF:src\routes\ta.routes.js
FNF:0
FNH:0
DA:1,2
DA:2,2
DA:15,2
DA:24,2
DA:25,2
DA:28,2
DA:29,2
DA:30,2
DA:31,2
DA:32,2
DA:35,2
DA:36,2
DA:39,2
DA:40,2
DA:41,2
DA:42,2
DA:44,2
LF:17
LH:17
BRF:0
BRH:0
end_of_record
TN:
SF:src\routes\user.routes.js
FNF:0
FNH:0
DA:1,2
DA:2,2
DA:3,2
DA:4,2
DA:6,2
DA:8,2
DA:9,2
DA:11,2
DA:12,2
DA:13,2
DA:15,2
LF:11
LH:11
BRF:0
BRH:0
end_of_record
TN:
SF:src\services\ai-integration.service.js
FN:6,(anonymous_0)
FN:14,(anonymous_1)
FN:35,(anonymous_2)
FN:77,(anonymous_3)
FN:78,(anonymous_4)
FN:79,(anonymous_5)
FN:80,(anonymous_6)
FN:119,(anonymous_7)
FN:129,(anonymous_8)
FN:148,(anonymous_9)
FN:167,(anonymous_10)
FN:185,(anonymous_11)
FN:197,(anonymous_12)
FN:214,(anonymous_13)
FN:251,(anonymous_14)
FN:264,(anonymous_15)
FN:544,(anonymous_16)
FNF:17
FNH:1
FNDA:2,(anonymous_0)
FNDA:0,(anonymous_1)
FNDA:0,(anonymous_2)
FNDA:0,(anonymous_3)
FNDA:0,(anonymous_4)
FNDA:0,(anonymous_5)
FNDA:0,(anonymous_6)
FNDA:0,(anonymous_7)
FNDA:0,(anonymous_8)
FNDA:0,(anonymous_9)
FNDA:0,(anonymous_10)
FNDA:0,(anonymous_11)
FNDA:0,(anonymous_12)
FNDA:0,(anonymous_13)
FNDA:0,(anonymous_14)
FNDA:0,(anonymous_15)
FNDA:0,(anonymous_16)
DA:1,2
DA:2,2
DA:3,2
DA:7,2
DA:15,0
DA:16,0
DA:22,0
DA:24,0
DA:25,0
DA:36,0
DA:37,0
DA:38,0
DA:41,0
DA:42,0
DA:43,0
DA:44,0
DA:46,0
DA:49,0
DA:50,0
DA:51,0
DA:52,0
DA:53,0
DA:55,0
DA:58,0
DA:59,0
DA:60,0
DA:61,0
DA:62,0
DA:64,0
DA:65,0
DA:66,0
DA:67,0
DA:74,0
DA:75,0
DA:77,0
DA:78,0
DA:79,0
DA:80,0
DA:91,0
DA:92,0
DA:100,0
DA:101,0
DA:102,0
DA:105,0
DA:106,0
DA:109,0
DA:110,0
DA:112,0
DA:113,0
DA:120,0
DA:130,0
DA:149,0
DA:168,0
DA:186,0
DA:198,0
DA:215,0
DA:225,0
DA:226,0
DA:228,0
DA:229,0
DA:230,0
DA:233,0
DA:234,0
DA:235,0
DA:238,0
DA:252,0
DA:266,0
DA:274,0
DA:275,0
DA:276,0
DA:278,0
DA:279,0
DA:292,0
DA:297,0
DA:310,0
DA:311,0
DA:325,0
DA:326,0
DA:340,0
DA:341,0
DA:355,0
DA:356,0
DA:367,0
DA:369,0
DA:382,0
DA:383,0
DA:399,0
DA:400,0
DA:401,0
DA:403,0
DA:407,0
DA:415,0
DA:425,0
DA:426,0
DA:429,0
DA:430,0
DA:431,0
DA:435,0
DA:437,0
DA:449,0
DA:450,0
DA:451,0
DA:453,0
DA:465,0
DA:466,0
DA:471,0
DA:486,0
DA:488,0
DA:493,0
DA:496,0
DA:533,0
DA:545,0
DA:546,0
DA:547,0
DA:550,0
DA:551,0
DA:552,0
DA:554,0
DA:555,0
DA:556,0
DA:557,0
DA:558,0
DA:561,0
DA:564,0
DA:565,0
DA:568,0
DA:572,2
LF:127
LH:5
BRDA:43,0,0,0
BRDA:43,0,1,0
BRDA:59,1,0,0
BRDA:59,1,1,0
BRDA:60,2,0,0
BRDA:60,2,1,0
BRDA:61,3,0,0
BRDA:61,3,1,0
BRDA:62,4,0,0
BRDA:62,4,1,0
BRDA:64,5,0,0
BRDA:64,5,1,0
BRDA:66,6,0,0
BRDA:66,6,1,0
BRDA:100,7,0,0
BRDA:100,7,1,0
BRDA:190,8,0,0
BRDA:190,8,1,0
BRDA:205,9,0,0
BRDA:205,9,1,0
BRDA:207,10,0,0
BRDA:207,10,1,0
BRDA:228,11,0,0
BRDA:228,11,1,0
BRDA:233,12,0,0
BRDA:233,12,1,0
BRDA:242,13,0,0
BRDA:242,13,1,0
BRDA:310,14,0,0
BRDA:310,14,1,0
BRDA:325,15,0,0
BRDA:325,15,1,0
BRDA:340,16,0,0
BRDA:340,16,1,0
BRDA:355,17,0,0
BRDA:355,17,1,0
BRDA:367,18,0,0
BRDA:367,18,1,0
BRDA:382,19,0,0
BRDA:382,19,1,0
BRDA:399,20,0,0
BRDA:399,20,1,0
BRDA:429,21,0,0
BRDA:429,21,1,0
BRDA:435,22,0,0
BRDA:435,22,1,0
BRDA:435,23,0,0
BRDA:435,23,1,0
BRDA:449,24,0,0
BRDA:449,24,1,0
BRDA:451,25,0,0
BRDA:451,25,1,0
BRDA:465,26,0,0
BRDA:465,26,1,0
BRDA:475,27,0,0
BRDA:475,27,1,0
BRDA:550,28,0,0
BRDA:550,28,1,0
BRDA:550,29,0,0
BRDA:550,29,1,0
BRDA:555,30,0,0
BRDA:555,30,1,0
BRDA:555,31,0,0
BRDA:555,31,1,0
BRDA:557,32,0,0
BRDA:557,32,1,0
BRDA:557,33,0,0
BRDA:557,33,1,0
BRF:68
BRH:0
end_of_record
TN:
SF:src\services\auth.service.js
FN:9,(anonymous_0)
FN:56,(anonymous_1)
FN:89,(anonymous_2)
FN:105,(anonymous_3)
FN:143,(anonymous_4)
FN:178,(anonymous_5)
FN:200,(anonymous_6)
FN:248,(anonymous_7)
FNF:8
FNH:1
FNDA:0,(anonymous_0)
FNDA:2,(anonymous_1)
FNDA:0,(anonymous_2)
FNDA:0,(anonymous_3)
FNDA:0,(anonymous_4)
FNDA:0,(anonymous_5)
FNDA:0,(anonymous_6)
FNDA:0,(anonymous_7)
DA:1,2
DA:2,2
DA:4,2
DA:5,2
DA:6,2
DA:10,0
DA:12,0
DA:13,0
DA:15,0
DA:27,0
DA:28,0
DA:29,0
DA:35,0
DA:36,0
DA:37,0
DA:43,0
DA:44,0
DA:50,0
DA:53,0
DA:57,2
DA:64,2
DA:65,0
DA:68,2
DA:69,2
DA:70,1
DA:73,1
DA:75,1
DA:90,0
DA:92,0
DA:93,0
DA:94,0
DA:97,0
DA:99,0
DA:106,0
DA:107,0
DA:108,0
DA:111,0
DA:113,0
DA:115,0
DA:123,0
DA:134,0
DA:144,0
DA:146,0
DA:147,0
DA:150,0
DA:151,0
DA:154,0
DA:155,0
DA:162,0
DA:165,0
DA:166,0
DA:169,0
DA:179,0
DA:181,0
DA:183,0
DA:192,0
DA:201,0
DA:203,0
DA:204,0
DA:207,0
DA:208,0
DA:211,0
DA:212,0
DA:215,0
DA:216,0
DA:223,0
DA:226,0
DA:227,0
DA:230,0
DA:239,0
DA:249,0
DA:251,0
DA:252,0
DA:255,0
DA:256,0
DA:259,0
DA:260,0
DA:262,0
DA:270,0
DA:276,0
DA:284,2
LF:81
LH:13
BRDA:28,0,0,0
BRDA:28,0,1,0
BRDA:28,1,0,0
BRDA:28,1,1,0
BRDA:36,2,0,0
BRDA:36,2,1,0
BRDA:36,3,0,0
BRDA:36,3,1,0
BRDA:64,4,0,0
BRDA:64,4,1,2
BRDA:64,5,0,2
BRDA:64,5,1,2
BRDA:69,6,0,1
BRDA:69,6,1,1
BRDA:83,7,0,1
BRDA:83,7,1,1
BRDA:84,8,0,1
BRDA:84,8,1,1
BRDA:93,9,0,0
BRDA:93,9,1,0
BRDA:107,10,0,0
BRDA:107,10,1,0
BRDA:146,11,0,0
BRDA:146,11,1,0
BRDA:150,12,0,0
BRDA:150,12,1,0
BRDA:150,13,0,0
BRDA:150,13,1,0
BRDA:154,14,0,0
BRDA:154,14,1,0
BRDA:165,15,0,0
BRDA:165,15,1,0
BRDA:203,16,0,0
BRDA:203,16,1,0
BRDA:207,17,0,0
BRDA:207,17,1,0
BRDA:211,18,0,0
BRDA:211,18,1,0
BRDA:211,19,0,0
BRDA:211,19,1,0
BRDA:215,20,0,0
BRDA:215,20,1,0
BRDA:226,21,0,0
BRDA:226,21,1,0
BRDA:251,22,0,0
BRDA:251,22,1,0
BRDA:255,23,0,0
BRDA:255,23,1,0
BRF:48
BRH:9
end_of_record
TN:
SF:src\services\campus.service.js
FN:4,(anonymous_0)
FN:11,(anonymous_1)
FN:27,(anonymous_2)
FN:41,(anonymous_3)
FN:65,(anonymous_4)
FN:73,(anonymous_5)
FN:104,(anonymous_6)
FNF:7
FNH:0
FNDA:0,(anonymous_0)
FNDA:0,(anonymous_1)
FNDA:0,(anonymous_2)
FNDA:0,(anonymous_3)
FNDA:0,(anonymous_4)
FNDA:0,(anonymous_5)
FNDA:0,(anonymous_6)
DA:1,2
DA:4,2
DA:5,0
DA:11,0
DA:24,0
DA:27,2
DA:28,0
DA:38,0
DA:41,2
DA:42,0
DA:43,0
DA:46,0
DA:58,0
DA:59,0
DA:62,0
DA:65,2
DA:66,0
DA:70,0
DA:73,2
DA:75,0
DA:98,0
DA:99,0
DA:103,0
DA:104,0
DA:105,0
DA:112,0
DA:116,0
DA:119,2
LF:28
LH:7
BRDA:9,0,0,0
BRDA:9,0,1,0
BRDA:42,1,0,0
BRDA:42,1,1,0
BRDA:42,2,0,0
BRDA:42,2,1,0
BRDA:58,3,0,0
BRDA:58,3,1,0
BRDA:98,4,0,0
BRDA:98,4,1,0
BRDA:103,5,0,0
BRDA:103,5,1,0
BRDA:103,6,0,0
BRDA:103,6,1,0
BRF:14
BRH:0
end_of_record
TN:
SF:src\services\classroom.service.js
FN:3,(anonymous_0)
FN:25,(anonymous_1)
FN:48,(anonymous_2)
FN:57,(anonymous_3)
FN:92,(anonymous_4)
FNF:5
FNH:0
FNDA:0,(anonymous_0)
FNDA:0,(anonymous_1)
FNDA:0,(anonymous_2)
FNDA:0,(anonymous_3)
FNDA:0,(anonymous_4)
DA:1,2
DA:3,2
DA:4,0
DA:10,0
DA:11,0
DA:14,0
DA:22,0
DA:25,2
DA:26,0
DA:27,0
DA:30,0
DA:36,0
DA:37,0
DA:40,0
DA:45,0
DA:48,2
DA:49,0
DA:54,0
DA:57,2
DA:58,0
DA:60,0
DA:61,0
DA:62,0
DA:64,0
DA:65,0
DA:71,0
DA:72,0
DA:74,0
DA:77,0
DA:81,0
DA:82,0
DA:85,0
DA:89,0
DA:92,2
DA:93,0
DA:97,0
DA:98,0
DA:101,0
DA:104,0
DA:107,2
LF:40
LH:7
BRDA:10,0,0,0
BRDA:10,0,1,0
BRDA:26,1,0,0
BRDA:26,1,1,0
BRDA:36,2,0,0
BRDA:36,2,1,0
BRDA:60,3,0,0
BRDA:60,3,1,0
BRDA:61,4,0,0
BRDA:61,4,1,0
BRDA:62,5,0,0
BRDA:62,5,1,0
BRDA:64,6,0,0
BRDA:64,6,1,0
BRDA:71,7,0,0
BRDA:71,7,1,0
BRDA:81,8,0,0
BRDA:81,8,1,0
BRDA:97,9,0,0
BRDA:97,9,1,0
BRF:20
BRH:0
end_of_record
TN:
SF:src\services\college.service.js
FN:3,(anonymous_0)
FN:13,(anonymous_1)
FN:22,(anonymous_2)
FN:31,(anonymous_3)
FN:39,(anonymous_4)
FNF:5
FNH:0
FNDA:0,(anonymous_0)
FNDA:0,(anonymous_1)
FNDA:0,(anonymous_2)
FNDA:0,(anonymous_3)
FNDA:0,(anonymous_4)
DA:1,2
DA:3,2
DA:4,0
DA:10,0
DA:13,2
DA:14,0
DA:19,0
DA:22,2
DA:23,0
DA:28,0
DA:31,2
DA:32,0
DA:36,0
DA:39,2
DA:40,0
DA:43,0
DA:46,2
LF:17
LH:7
BRF:0
BRH:0
end_of_record
TN:
SF:src\services\course.service.js
FN:4,(anonymous_0)
FN:21,(anonymous_1)
FN:33,(anonymous_2)
FN:47,(anonymous_3)
FN:65,(anonymous_4)
FNF:5
FNH:0
FNDA:0,(anonymous_0)
FNDA:0,(anonymous_1)
FNDA:0,(anonymous_2)
FNDA:0,(anonymous_3)
FNDA:0,(anonymous_4)
DA:1,2
DA:4,2
DA:5,0
DA:18,0
DA:21,2
DA:22,0
DA:30,0
DA:33,2
DA:34,0
DA:44,0
DA:47,2
DA:48,0
DA:62,0
DA:65,2
DA:66,0
DA:69,0
DA:72,2
LF:17
LH:7
BRDA:15,0,0,0
BRDA:15,0,1,0
BRDA:23,1,0,0
BRDA:23,1,1,0
BRF:4
BRH:0
end_of_record
TN:
SF:src\services\department.service.js
FN:3,(anonymous_0)
FN:14,(anonymous_1)
FN:23,(anonymous_2)
FN:32,(anonymous_3)
FN:45,(anonymous_4)
FNF:5
FNH:0
FNDA:0,(anonymous_0)
FNDA:0,(anonymous_1)
FNDA:0,(anonymous_2)
FNDA:0,(anonymous_3)
FNDA:0,(anonymous_4)
DA:1,2
DA:3,2
DA:4,0
DA:11,0
DA:14,2
DA:15,0
DA:20,0
DA:23,2
DA:24,0
DA:29,0
DA:32,2
DA:33,0
DA:34,0
DA:35,0
DA:36,0
DA:38,0
DA:42,0
DA:45,2
DA:46,0
DA:51,0
DA:55,2
LF:21
LH:7
BRDA:34,0,0,0
BRDA:34,0,1,0
BRDA:35,1,0,0
BRDA:35,1,1,0
BRDA:36,2,0,0
BRDA:36,2,1,0
BRF:6
BRH:0
end_of_record
TN:
SF:src\services\import.service.js
FN:9,(anonymous_0)
FN:87,(anonymous_1)
FN:99,(anonymous_2)
FN:264,(anonymous_3)
FN:275,(anonymous_4)
FN:295,(anonymous_5)
FN:374,(anonymous_6)
FN:389,(anonymous_7)
FN:404,(anonymous_8)
FN:416,(anonymous_9)
FN:420,(anonymous_10)
FN:421,(anonymous_11)
FN:422,(anonymous_12)
FN:438,(anonymous_13)
FN:467,(anonymous_14)
FN:519,(anonymous_15)
FN:553,(anonymous_16)
FN:572,(anonymous_17)
FN:733,(anonymous_18)
FN:886,(anonymous_19)
FN:903,(anonymous_20)
FN:908,(anonymous_21)
FN:909,(anonymous_22)
FN:910,(anonymous_23)
FN:911,(anonymous_24)
FN:922,(anonymous_25)
FN:925,(anonymous_26)
FN:928,(anonymous_27)
FN:936,(anonymous_28)
FN:940,(anonymous_29)
FN:942,(anonymous_30)
FN:945,(anonymous_31)
FN:948,(anonymous_32)
FN:954,(anonymous_33)
FN:955,(anonymous_34)
FN:957,(anonymous_35)
FN:959,(anonymous_36)
FN:960,(anonymous_37)
FN:961,(anonymous_38)
FN:962,(anonymous_39)
FN:967,(anonymous_40)
FN:970,(anonymous_41)
FN:974,(anonymous_42)
FN:975,(anonymous_43)
FN:1001,(anonymous_44)
FN:1013,(anonymous_45)
FNF:46
FNH:0
FNDA:0,(anonymous_0)
FNDA:0,(anonymous_1)
FNDA:0,(anonymous_2)
FNDA:0,(anonymous_3)
FNDA:0,(anonymous_4)
FNDA:0,(anonymous_5)
FNDA:0,(anonymous_6)
FNDA:0,(anonymous_7)
FNDA:0,(anonymous_8)
FNDA:0,(anonymous_9)
FNDA:0,(anonymous_10)
FNDA:0,(anonymous_11)
FNDA:0,(anonymous_12)
FNDA:0,(anonymous_13)
FNDA:0,(anonymous_14)
FNDA:0,(anonymous_15)
FNDA:0,(anonymous_16)
FNDA:0,(anonymous_17)
FNDA:0,(anonymous_18)
FNDA:0,(anonymous_19)
FNDA:0,(anonymous_20)
FNDA:0,(anonymous_21)
FNDA:0,(anonymous_22)
FNDA:0,(anonymous_23)
FNDA:0,(anonymous_24)
FNDA:0,(anonymous_25)
FNDA:0,(anonymous_26)
FNDA:0,(anonymous_27)
FNDA:0,(anonymous_28)
FNDA:0,(anonymous_29)
FNDA:0,(anonymous_30)
FNDA:0,(anonymous_31)
FNDA:0,(anonymous_32)
FNDA:0,(anonymous_33)
FNDA:0,(anonymous_34)
FNDA:0,(anonymous_35)
FNDA:0,(anonymous_36)
FNDA:0,(anonymous_37)
FNDA:0,(anonymous_38)
FNDA:0,(anonymous_39)
FNDA:0,(anonymous_40)
FNDA:0,(anonymous_41)
FNDA:0,(anonymous_42)
FNDA:0,(anonymous_43)
FNDA:0,(anonymous_44)
FNDA:0,(anonymous_45)
DA:1,2
DA:2,2
DA:9,2
DA:10,0
DA:12,0
DA:16,0
DA:18,0
DA:26,0
DA:27,0
DA:36,0
DA:37,0
DA:43,0
DA:45,0
DA:48,0
DA:52,0
DA:58,0
DA:59,0
DA:67,0
DA:68,0
DA:73,0
DA:75,0
DA:78,0
DA:87,2
DA:88,0
DA:90,0
DA:91,0
DA:94,0
DA:96,0
DA:99,0
DA:102,0
DA:103,0
DA:104,0
DA:116,0
DA:117,0
DA:131,0
DA:133,0
DA:135,0
DA:137,0
DA:140,0
DA:141,0
DA:142,0
DA:145,0
DA:149,0
DA:155,0
DA:159,0
DA:160,0
DA:164,0
DA:173,0
DA:175,0
DA:178,0
DA:183,0
DA:194,0
DA:195,0
DA:207,0
DA:209,0
DA:211,0
DA:212,0
DA:215,0
DA:216,0
DA:217,0
DA:220,0
DA:223,0
DA:227,0
DA:228,0
DA:231,0
DA:240,0
DA:242,0
DA:243,0
DA:245,0
DA:250,0
DA:251,0
DA:257,0
DA:264,2
DA:265,0
DA:266,0
DA:267,0
DA:270,0
DA:271,0
DA:272,0
DA:275,0
DA:280,0
DA:283,0
DA:284,0
DA:286,0
DA:288,0
DA:295,2
DA:296,0
DA:302,0
DA:303,0
DA:307,0
DA:309,0
DA:310,0
DA:312,0
DA:313,0
DA:314,0
DA:315,0
DA:317,0
DA:318,0
DA:319,0
DA:323,0
DA:324,0
DA:325,0
DA:327,0
DA:328,0
DA:331,0
DA:332,0
DA:333,0
DA:337,0
DA:346,0
DA:347,0
DA:351,0
DA:353,0
DA:361,0
DA:364,0
DA:368,0
DA:374,2
DA:375,0
DA:382,0
DA:383,0
DA:384,0
DA:385,0
DA:386,0
DA:387,0
DA:389,0
DA:390,0
DA:395,0
DA:399,0
DA:403,0
DA:404,0
DA:405,0
DA:410,0
DA:413,0
DA:414,0
DA:416,0
DA:417,0
DA:419,0
DA:420,0
DA:421,0
DA:422,0
DA:425,0
DA:426,0
DA:430,0
DA:435,0
DA:438,0
DA:441,0
DA:442,0
DA:446,0
DA:447,0
DA:451,0
DA:453,0
DA:456,0
DA:457,0
DA:458,0
DA:462,0
DA:465,0
DA:466,0
DA:467,0
DA:468,0
DA:472,0
DA:476,0
DA:484,0
DA:485,0
DA:489,0
DA:491,0
DA:499,0
DA:502,0
DA:503,0
DA:504,0
DA:508,0
DA:512,0
DA:519,2
DA:520,0
DA:522,0
DA:525,0
DA:526,0
DA:527,0
DA:528,0
DA:529,0
DA:533,0
DA:534,0
DA:535,0
DA:536,0
DA:537,0
DA:539,0
DA:540,0
DA:542,0
DA:543,0
DA:544,0
DA:547,0
DA:553,2
DA:554,0
DA:556,0
DA:565,0
DA:572,2
DA:573,0
DA:579,0
DA:580,0
DA:583,0
DA:584,0
DA:586,0
DA:587,0
DA:588,0
DA:591,0
DA:592,0
DA:594,0
DA:597,0
DA:598,0
DA:599,0
DA:603,0
DA:604,0
DA:605,0
DA:607,0
DA:608,0
DA:611,0
DA:612,0
DA:613,0
DA:617,0
DA:618,0
DA:619,0
DA:622,0
DA:623,0
DA:624,0
DA:630,0
DA:631,0
DA:640,0
DA:641,0
DA:642,0
DA:643,0
DA:645,0
DA:656,0
DA:667,0
DA:669,0
DA:679,0
DA:690,0
DA:694,0
DA:704,0
DA:716,0
DA:719,0
DA:720,0
DA:724,0
DA:733,2
DA:734,0
DA:740,0
DA:741,0
DA:742,0
DA:745,0
DA:746,0
DA:750,0
DA:752,0
DA:753,0
DA:754,0
DA:755,0
DA:756,0
DA:758,0
DA:759,0
DA:760,0
DA:761,0
DA:762,0
DA:764,0
DA:768,0
DA:769,0
DA:770,0
DA:771,0
DA:772,0
DA:776,0
DA:777,0
DA:778,0
DA:782,0
DA:783,0
DA:784,0
DA:786,0
DA:787,0
DA:790,0
DA:791,0
DA:792,0
DA:796,0
DA:799,0
DA:801,0
DA:808,0
DA:809,0
DA:810,0
DA:813,0
DA:819,0
DA:820,0
DA:821,0
DA:827,0
DA:828,0
DA:832,0
DA:833,0
DA:838,0
DA:843,0
DA:844,0
DA:857,0
DA:859,0
DA:872,0
DA:875,0
DA:879,0
DA:886,2
DA:887,0
DA:896,0
DA:897,0
DA:898,0
DA:899,0
DA:900,0
DA:902,0
DA:903,0
DA:904,0
DA:908,0
DA:909,0
DA:910,0
DA:911,0
DA:915,0
DA:921,0
DA:922,0
DA:925,0
DA:928,0
DA:935,0
DA:936,0
DA:940,0
DA:942,0
DA:945,0
DA:948,0
DA:954,0
DA:955,0
DA:957,0
DA:959,0
DA:960,0
DA:961,0
DA:962,0
DA:967,0
DA:970,0
DA:974,0
DA:975,0
DA:982,0
DA:983,0
DA:984,0
DA:985,0
DA:986,0
DA:988,0
DA:989,0
DA:990,0
DA:992,0
DA:997,0
DA:998,0
DA:999,0
DA:1001,0
DA:1005,0
DA:1009,0
DA:1010,0
DA:1011,0
DA:1013,0
DA:1017,0
DA:1021,0
DA:1022,0
DA:1027,0
DA:1028,0
DA:1029,0
DA:1030,0
DA:1032,0
DA:1033,0
DA:1034,0
DA:1035,0
DA:1040,0
DA:1041,0
DA:1044,0
DA:1045,0
DA:1048,0
DA:1052,0
DA:1058,0
DA:1063,0
DA:1080,2
LF:371
LH:13
BRDA:10,0,0,0
BRDA:10,0,1,0
BRDA:16,1,0,0
BRDA:16,1,1,0
BRDA:26,2,0,0
BRDA:26,2,1,0
BRDA:36,3,0,0
BRDA:36,3,1,0
BRDA:58,4,0,0
BRDA:58,4,1,0
BRDA:67,5,0,0
BRDA:67,5,1,0
BRDA:87,6,0,0
BRDA:88,7,0,0
BRDA:88,7,1,0
BRDA:88,8,0,0
BRDA:88,8,1,0
BRDA:90,9,0,0
BRDA:90,9,1,0
BRDA:91,10,0,0
BRDA:91,10,1,0
BRDA:91,10,2,0
BRDA:94,11,0,0
BRDA:94,11,1,0
BRDA:103,12,0,0
BRDA:103,12,1,0
BRDA:116,13,0,0
BRDA:116,13,1,0
BRDA:116,14,0,0
BRDA:116,14,1,0
BRDA:116,14,2,0
BRDA:131,15,0,0
BRDA:131,15,1,0
BRDA:135,16,0,0
BRDA:135,16,1,0
BRDA:140,17,0,0
BRDA:140,17,1,0
BRDA:145,18,0,0
BRDA:145,18,1,0
BRDA:159,19,0,0
BRDA:159,19,1,0
BRDA:159,20,0,0
BRDA:159,20,1,0
BRDA:194,21,0,0
BRDA:194,21,1,0
BRDA:194,22,0,0
BRDA:194,22,1,0
BRDA:194,22,2,0
BRDA:207,23,0,0
BRDA:207,23,1,0
BRDA:211,24,0,0
BRDA:211,24,1,0
BRDA:216,25,0,0
BRDA:216,25,1,0
BRDA:227,26,0,0
BRDA:227,26,1,0
BRDA:227,27,0,0
BRDA:227,27,1,0
BRDA:242,28,0,0
BRDA:242,28,1,0
BRDA:250,29,0,0
BRDA:250,29,1,0
BRDA:307,30,0,0
BRDA:307,30,1,0
BRDA:307,30,2,0
BRDA:307,30,3,0
BRDA:307,30,4,0
BRDA:307,30,5,0
BRDA:307,30,6,0
BRDA:307,30,7,0
BRDA:309,31,0,0
BRDA:309,31,1,0
BRDA:309,32,0,0
BRDA:309,32,1,0
BRDA:309,32,2,0
BRDA:309,32,3,0
BRDA:310,33,0,0
BRDA:310,33,1,0
BRDA:310,34,0,0
BRDA:310,34,1,0
BRDA:310,34,2,0
BRDA:310,34,3,0
BRDA:310,34,4,0
BRDA:310,34,5,0
BRDA:310,34,6,0
BRDA:312,35,0,0
BRDA:312,35,1,0
BRDA:312,35,2,0
BRDA:312,35,3,0
BRDA:313,36,0,0
BRDA:313,36,1,0
BRDA:313,36,2,0
BRDA:313,36,3,0
BRDA:314,37,0,0
BRDA:314,37,1,0
BRDA:315,38,0,0
BRDA:315,38,1,0
BRDA:315,38,2,0
BRDA:315,38,3,0
BRDA:317,39,0,0
BRDA:317,39,1,0
BRDA:331,40,0,0
BRDA:331,40,1,0
BRDA:332,41,0,0
BRDA:332,41,1,0
BRDA:332,41,2,0
BRDA:346,42,0,0
BRDA:346,42,1,0
BRDA:383,43,0,0
BRDA:383,43,1,0
BRDA:385,44,0,0
BRDA:385,44,1,0
BRDA:403,45,0,0
BRDA:403,45,1,0
BRDA:417,46,0,0
BRDA:417,46,1,0
BRDA:419,47,0,0
BRDA:419,47,1,0
BRDA:419,47,2,0
BRDA:419,47,3,0
BRDA:420,48,0,0
BRDA:420,48,1,0
BRDA:421,49,0,0
BRDA:421,49,1,0
BRDA:422,50,0,0
BRDA:422,50,1,0
BRDA:425,51,0,0
BRDA:425,51,1,0
BRDA:435,52,0,0
BRDA:435,52,1,0
BRDA:435,52,2,0
BRDA:435,52,3,0
BRDA:435,52,4,0
BRDA:435,52,5,0
BRDA:435,52,6,0
BRDA:435,52,7,0
BRDA:435,52,8,0
BRDA:435,52,9,0
BRDA:435,52,10,0
BRDA:435,52,11,0
BRDA:435,52,12,0
BRDA:438,53,0,0
BRDA:438,53,1,0
BRDA:438,53,2,0
BRDA:442,54,0,0
BRDA:442,54,1,0
BRDA:442,54,2,0
BRDA:442,54,3,0
BRDA:442,54,4,0
BRDA:442,54,5,0
BRDA:442,54,6,0
BRDA:442,54,7,0
BRDA:442,54,8,0
BRDA:446,55,0,0
BRDA:446,55,1,0
BRDA:447,56,0,0
BRDA:447,56,1,0
BRDA:451,57,0,0
BRDA:451,57,1,0
BRDA:451,57,2,0
BRDA:451,57,3,0
BRDA:451,57,4,0
BRDA:451,57,5,0
BRDA:451,57,6,0
BRDA:451,57,7,0
BRDA:453,58,0,0
BRDA:453,58,1,0
BRDA:453,59,0,0
BRDA:453,59,1,0
BRDA:453,59,2,0
BRDA:456,60,0,0
BRDA:456,60,1,0
BRDA:456,61,0,0
BRDA:456,61,1,0
BRDA:456,61,2,0
BRDA:460,62,0,0
BRDA:460,62,1,0
BRDA:465,63,0,0
BRDA:465,63,1,0
BRDA:466,64,0,0
BRDA:466,64,1,0
BRDA:484,65,0,0
BRDA:484,65,1,0
BRDA:502,66,0,0
BRDA:502,66,1,0
BRDA:506,67,0,0
BRDA:506,67,1,0
BRDA:520,68,0,0
BRDA:520,68,1,0
BRDA:525,69,0,0
BRDA:525,69,1,0
BRDA:534,70,0,0
BRDA:534,70,1,0
BRDA:539,71,0,0
BRDA:539,71,1,0
BRDA:539,72,0,0
BRDA:539,72,1,0
BRDA:540,73,0,0
BRDA:540,73,1,0
BRDA:540,74,0,0
BRDA:540,74,1,0
BRDA:554,75,0,0
BRDA:554,75,1,0
BRDA:565,76,0,0
BRDA:565,76,1,0
BRDA:583,77,0,0
BRDA:583,77,1,0
BRDA:583,77,2,0
BRDA:583,77,3,0
BRDA:584,78,0,0
BRDA:584,78,1,0
BRDA:584,78,2,0
BRDA:584,78,3,0
BRDA:584,78,4,0
BRDA:584,78,5,0
BRDA:584,78,6,0
BRDA:586,79,0,0
BRDA:586,79,1,0
BRDA:586,79,2,0
BRDA:587,80,0,0
BRDA:587,80,1,0
BRDA:587,80,2,0
BRDA:587,80,3,0
BRDA:588,81,0,0
BRDA:588,81,1,0
BRDA:588,81,2,0
BRDA:588,81,3,0
BRDA:591,82,0,0
BRDA:591,82,1,0
BRDA:591,82,2,0
BRDA:591,82,3,0
BRDA:592,83,0,0
BRDA:592,83,1,0
BRDA:592,83,2,0
BRDA:592,83,3,0
BRDA:592,83,4,0
BRDA:594,84,0,0
BRDA:594,84,1,0
BRDA:594,84,2,0
BRDA:594,84,3,0
BRDA:594,84,4,0
BRDA:597,85,0,0
BRDA:597,85,1,0
BRDA:597,86,0,0
BRDA:597,86,1,0
BRDA:611,87,0,0
BRDA:611,87,1,0
BRDA:612,88,0,0
BRDA:612,88,1,0
BRDA:623,89,0,0
BRDA:623,89,1,0
BRDA:630,90,0,0
BRDA:630,90,1,0
BRDA:630,91,0,0
BRDA:630,91,1,0
BRDA:640,92,0,0
BRDA:640,92,1,0
BRDA:648,93,0,0
BRDA:648,93,1,0
BRDA:667,94,0,0
BRDA:667,94,1,0
BRDA:733,95,0,0
BRDA:741,96,0,0
BRDA:741,96,1,0
BRDA:750,97,0,0
BRDA:750,97,1,0
BRDA:750,97,2,0
BRDA:750,97,3,0
BRDA:750,97,4,0
BRDA:750,97,5,0
BRDA:750,97,6,0
BRDA:750,97,7,0
BRDA:752,98,0,0
BRDA:752,98,1,0
BRDA:752,98,2,0
BRDA:752,98,3,0
BRDA:752,98,4,0
BRDA:753,99,0,0
BRDA:753,99,1,0
BRDA:753,99,2,0
BRDA:753,99,3,0
BRDA:753,99,4,0
BRDA:754,100,0,0
BRDA:754,100,1,0
BRDA:754,101,0,0
BRDA:754,101,1,0
BRDA:754,101,2,0
BRDA:755,102,0,0
BRDA:755,102,1,0
BRDA:755,103,0,0
BRDA:755,103,1,0
BRDA:755,103,2,0
BRDA:755,103,3,0
BRDA:755,103,4,0
BRDA:756,104,0,0
BRDA:756,104,1,0
BRDA:756,105,0,0
BRDA:756,105,1,0
BRDA:756,105,2,0
BRDA:756,105,3,0
BRDA:756,105,4,0
BRDA:756,105,5,0
BRDA:756,105,6,0
BRDA:756,105,7,0
BRDA:758,106,0,0
BRDA:758,106,1,0
BRDA:758,107,0,0
BRDA:758,107,1,0
BRDA:758,107,2,0
BRDA:758,107,3,0
BRDA:759,108,0,0
BRDA:759,108,1,0
BRDA:759,108,2,0
BRDA:759,108,3,0
BRDA:760,109,0,0
BRDA:760,109,1,0
BRDA:761,110,0,0
BRDA:761,110,1,0
BRDA:761,110,2,0
BRDA:761,110,3,0
BRDA:762,111,0,0
BRDA:762,111,1,0
BRDA:762,111,2,0
BRDA:762,111,3,0
BRDA:764,112,0,0
BRDA:764,112,1,0
BRDA:764,112,2,0
BRDA:764,112,3,0
BRDA:764,112,4,0
BRDA:764,112,5,0
BRDA:768,113,0,0
BRDA:768,113,1,0
BRDA:768,114,0,0
BRDA:768,114,1,0
BRDA:768,114,2,0
BRDA:770,115,0,0
BRDA:770,115,1,0
BRDA:776,116,0,0
BRDA:776,116,1,0
BRDA:776,117,0,0
BRDA:776,117,1,0
BRDA:790,118,0,0
BRDA:790,118,1,0
BRDA:791,119,0,0
BRDA:791,119,1,0
BRDA:791,119,2,0
BRDA:799,120,0,0
BRDA:799,120,1,0
BRDA:808,121,0,0
BRDA:808,121,1,0
BRDA:819,122,0,0
BRDA:819,122,1,0
BRDA:827,123,0,0
BRDA:827,123,1,0
BRDA:827,124,0,0
BRDA:827,124,1,0
BRDA:827,124,2,0
BRDA:832,125,0,0
BRDA:832,125,1,0
BRDA:832,126,0,0
BRDA:832,126,1,0
BRDA:832,126,2,0
BRDA:834,127,0,0
BRDA:834,127,1,0
BRDA:834,128,0,0
BRDA:834,128,1,0
BRDA:843,129,0,0
BRDA:843,129,1,0
BRDA:854,130,0,0
BRDA:854,130,1,0
BRDA:869,131,0,0
BRDA:869,131,1,0
BRDA:904,132,0,0
BRDA:904,132,1,0
BRDA:908,133,0,0
BRDA:908,133,1,0
BRDA:908,133,2,0
BRDA:909,134,0,0
BRDA:909,134,1,0
BRDA:910,135,0,0
BRDA:910,135,1,0
BRDA:911,136,0,0
BRDA:911,136,1,0
BRDA:911,136,2,0
BRDA:911,136,3,0
BRDA:911,136,4,0
BRDA:915,137,0,0
BRDA:915,137,1,0
BRDA:915,137,2,0
BRDA:915,137,3,0
BRDA:915,137,4,0
BRDA:921,138,0,0
BRDA:921,138,1,0
BRDA:921,138,2,0
BRDA:921,138,3,0
BRDA:921,138,4,0
BRDA:921,138,5,0
BRDA:921,138,6,0
BRDA:922,139,0,0
BRDA:922,139,1,0
BRDA:922,139,2,0
BRDA:922,139,3,0
BRDA:922,139,4,0
BRDA:922,139,5,0
BRDA:922,139,6,0
BRDA:928,140,0,0
BRDA:928,140,1,0
BRDA:928,140,2,0
BRDA:935,141,0,0
BRDA:935,141,1,0
BRDA:935,141,2,0
BRDA:935,141,3,0
BRDA:935,141,4,0
BRDA:935,141,5,0
BRDA:936,142,0,0
BRDA:936,142,1,0
BRDA:936,142,2,0
BRDA:936,142,3,0
BRDA:936,142,4,0
BRDA:936,142,5,0
BRDA:936,142,6,0
BRDA:936,142,7,0
BRDA:940,143,0,0
BRDA:940,143,1,0
BRDA:940,143,2,0
BRDA:940,143,3,0
BRDA:942,144,0,0
BRDA:942,144,1,0
BRDA:942,144,2,0
BRDA:942,144,3,0
BRDA:942,144,4,0
BRDA:945,145,0,0
BRDA:945,145,1,0
BRDA:945,145,2,0
BRDA:945,145,3,0
BRDA:948,146,0,0
BRDA:948,146,1,0
BRDA:954,147,0,0
BRDA:954,147,1,0
BRDA:954,147,2,0
BRDA:954,147,3,0
BRDA:954,147,4,0
BRDA:954,147,5,0
BRDA:954,147,6,0
BRDA:954,148,0,0
BRDA:954,148,1,0
BRDA:955,149,0,0
BRDA:955,149,1,0
BRDA:955,149,2,0
BRDA:955,149,3,0
BRDA:955,149,4,0
BRDA:957,150,0,0
BRDA:957,150,1,0
BRDA:960,151,0,0
BRDA:960,151,1,0
BRDA:961,152,0,0
BRDA:961,152,1,0
BRDA:961,152,2,0
BRDA:962,153,0,0
BRDA:962,153,1,0
BRDA:962,153,2,0
BRDA:967,154,0,0
BRDA:967,154,1,0
BRDA:967,154,2,0
BRDA:967,154,3,0
BRDA:967,155,0,0
BRDA:967,155,1,0
BRDA:967,155,2,0
BRDA:967,155,3,0
BRDA:967,155,4,0
BRDA:967,155,5,0
BRDA:970,156,0,0
BRDA:970,156,1,0
BRDA:970,156,2,0
BRDA:970,156,3,0
BRDA:970,156,4,0
BRDA:970,156,5,0
BRDA:970,156,6,0
BRDA:970,156,7,0
BRDA:970,156,8,0
BRDA:974,157,0,0
BRDA:974,157,1,0
BRDA:975,158,0,0
BRDA:975,158,1,0
BRDA:975,158,2,0
BRDA:975,158,3,0
BRDA:975,158,4,0
BRDA:975,158,5,0
BRDA:982,159,0,0
BRDA:982,159,1,0
BRDA:984,160,0,0
BRDA:984,160,1,0
BRDA:986,161,0,0
BRDA:986,161,1,0
BRDA:989,162,0,0
BRDA:989,162,1,0
BRDA:997,163,0,0
BRDA:997,163,1,0
BRDA:1003,164,0,0
BRDA:1003,164,1,0
BRDA:1009,165,0,0
BRDA:1009,165,1,0
BRDA:1015,166,0,0
BRDA:1015,166,1,0
BRDA:1021,167,0,0
BRDA:1021,167,1,0
BRDA:1029,168,0,0
BRDA:1029,168,1,0
BRDA:1029,168,2,0
BRDA:1029,168,3,0
BRDA:1030,169,0,0
BRDA:1030,169,1,0
BRDA:1030,169,2,0
BRDA:1030,169,3,0
BRDA:1030,169,4,0
BRDA:1030,169,5,0
BRDA:1030,169,6,0
BRDA:1032,170,0,0
BRDA:1032,170,1,0
BRDA:1032,171,0,0
BRDA:1032,171,1,0
BRDA:1034,172,0,0
BRDA:1034,172,1,0
BRDA:1040,173,0,0
BRDA:1040,173,1,0
BRDA:1044,174,0,0
BRDA:1044,174,1,0
BRF:527
BRH:0
end_of_record
TN:
SF:src\services\instructor.service.js
FN:3,(anonymous_0)
FN:10,(anonymous_1)
FN:22,(anonymous_2)
FN:35,(anonymous_3)
FN:42,(anonymous_4)
FN:55,(anonymous_5)
FN:64,(anonymous_6)
FN:74,(anonymous_7)
FN:95,(anonymous_8)
FN:103,(anonymous_9)
FNF:10
FNH:0
FNDA:0,(anonymous_0)
FNDA:0,(anonymous_1)
FNDA:0,(anonymous_2)
FNDA:0,(anonymous_3)
FNDA:0,(anonymous_4)
FNDA:0,(anonymous_5)
FNDA:0,(anonymous_6)
FNDA:0,(anonymous_7)
FNDA:0,(anonymous_8)
FNDA:0,(anonymous_9)
DA:1,2
DA:3,2
DA:4,0
DA:7,0
DA:10,2
DA:11,0
DA:19,0
DA:22,2
DA:23,0
DA:32,0
DA:35,2
DA:36,0
DA:39,0
DA:42,2
DA:43,0
DA:44,0
DA:45,0
DA:46,0
DA:48,0
DA:52,0
DA:55,2
DA:56,0
DA:59,0
DA:64,2
DA:65,0
DA:68,0
DA:69,0
DA:70,0
DA:73,0
DA:75,0
DA:92,0
DA:95,2
DA:96,0
DA:100,0
DA:103,2
DA:104,0
DA:108,0
DA:111,2
LF:38
LH:11
BRDA:44,0,0,0
BRDA:44,0,1,0
BRDA:45,1,0,0
BRDA:45,1,1,0
BRDA:46,2,0,0
BRDA:46,2,1,0
BRDA:68,3,0,0
BRDA:68,3,1,0
BRDA:69,4,0,0
BRDA:69,4,1,0
BRF:10
BRH:0
end_of_record
TN:
SF:src\services\otp.service.js
FN:6,generateOTP
FN:10,forgotPassword
FN:40,verifyResetOtp
FN:71,resetPassword
FN:94,resendOtp
FNF:5
FNH:4
FNDA:0,generateOTP
FNDA:2,forgotPassword
FNDA:3,verifyResetOtp
FNDA:1,resetPassword
FNDA:1,resendOtp
DA:1,2
DA:2,2
DA:3,2
DA:4,2
DA:7,0
DA:11,2
DA:15,2
DA:16,2
DA:19,0
DA:20,0
DA:22,0
DA:31,0
DA:37,0
DA:41,3
DA:45,3
DA:46,3
DA:49,0
DA:50,0
DA:53,0
DA:54,0
DA:61,0
DA:64,0
DA:65,0
DA:68,0
DA:73,1
DA:75,0
DA:76,0
DA:79,0
DA:82,0
DA:91,0
DA:95,1
DA:98,2
LF:32
LH:13
BRDA:15,0,0,2
BRDA:15,0,1,0
BRDA:45,1,0,3
BRDA:45,1,1,0
BRDA:49,2,0,0
BRDA:49,2,1,0
BRDA:53,3,0,0
BRDA:53,3,1,0
BRDA:64,4,0,0
BRDA:64,4,1,0
BRDA:75,5,0,0
BRDA:75,5,1,0
BRF:12
BRH:2
end_of_record
TN:
SF:src\services\schedule.service.js
FN:6,(anonymous_0)
FN:54,(anonymous_1)
FNF:2
FNH:0
FNDA:0,(anonymous_0)
FNDA:0,(anonymous_1)
DA:1,2
DA:6,2
DA:7,0
DA:44,0
DA:45,0
DA:48,0
DA:54,2
DA:55,0
DA:88,0
DA:91,2
LF:10
LH:4
BRDA:44,0,0,0
BRDA:44,0,1,0
BRF:2
BRH:0
end_of_record
TN:
SF:src\services\session.service.js
FN:4,(anonymous_0)
FN:15,(anonymous_1)
FN:20,(anonymous_2)
FN:29,(anonymous_3)
FN:43,(anonymous_4)
FNF:5
FNH:0
FNDA:0,(anonymous_0)
FNDA:0,(anonymous_1)
FNDA:0,(anonymous_2)
FNDA:0,(anonymous_3)
FNDA:0,(anonymous_4)
DA:1,2
DA:4,2
DA:5,0
DA:12,0
DA:15,2
DA:16,0
DA:17,0
DA:20,2
DA:21,0
DA:26,0
DA:29,2
DA:30,0
DA:40,0
DA:43,2
DA:44,0
DA:49,0
DA:53,2
LF:17
LH:7
BRF:0
BRH:0
end_of_record
TN:
SF:src\services\studentGroup.service.js
FN:4,(anonymous_0)
FN:52,(anonymous_1)
FN:69,(anonymous_2)
FN:84,(anonymous_3)
FN:118,(anonymous_4)
FN:132,(anonymous_5)
FNF:6
FNH:0
FNDA:0,(anonymous_0)
FNDA:0,(anonymous_1)
FNDA:0,(anonymous_2)
FNDA:0,(anonymous_3)
FNDA:0,(anonymous_4)
FNDA:0,(anonymous_5)
DA:1,2
DA:4,2
DA:5,0
DA:7,0
DA:8,0
DA:10,0
DA:11,0
DA:13,0
DA:14,0
DA:16,0
DA:17,0
DA:21,0
DA:25,0
DA:26,0
DA:29,0
DA:45,0
DA:47,0
DA:48,0
DA:52,2
DA:53,0
DA:54,0
DA:69,0
DA:70,0
DA:71,0
DA:72,0
DA:74,0
DA:77,0
DA:79,0
DA:80,0
DA:84,2
DA:85,0
DA:86,0
DA:87,0
DA:90,0
DA:103,0
DA:104,0
DA:107,0
DA:108,0
DA:111,0
DA:113,0
DA:114,0
DA:118,2
DA:119,0
DA:129,0
DA:132,2
DA:133,0
DA:138,0
DA:141,2
LF:48
LH:7
BRDA:7,0,0,0
BRDA:7,0,1,0
BRDA:7,1,0,0
BRDA:7,1,1,0
BRDA:7,1,2,0
BRDA:10,2,0,0
BRDA:10,2,1,0
BRDA:10,3,0,0
BRDA:10,3,1,0
BRDA:10,3,2,0
BRDA:13,4,0,0
BRDA:13,4,1,0
BRDA:13,5,0,0
BRDA:13,5,1,0
BRDA:16,6,0,0
BRDA:16,6,1,0
BRDA:16,7,0,0
BRDA:16,7,1,0
BRDA:25,8,0,0
BRDA:25,8,1,0
BRDA:70,9,0,0
BRDA:70,9,1,0
BRDA:86,10,0,0
BRDA:86,10,1,0
BRDA:103,11,0,0
BRDA:103,11,1,0
BRDA:107,12,0,0
BRDA:107,12,1,0
BRF:28
BRH:0
end_of_record
TN:
SF:src\services\ta.service.js
FN:5,(anonymous_0)
FN:12,(anonymous_1)
FN:22,(anonymous_2)
FN:33,(anonymous_3)
FN:40,(anonymous_4)
FN:53,(anonymous_5)
FN:62,(anonymous_6)
FN:69,(anonymous_7)
FN:77,(anonymous_8)
FN:87,(anonymous_9)
FN:97,(anonymous_10)
FN:107,(anonymous_11)
FN:112,(anonymous_12)
FNF:13
FNH:0
FNDA:0,(anonymous_0)
FNDA:0,(anonymous_1)
FNDA:0,(anonymous_2)
FNDA:0,(anonymous_3)
FNDA:0,(anonymous_4)
FNDA:0,(anonymous_5)
FNDA:0,(anonymous_6)
FNDA:0,(anonymous_7)
FNDA:0,(anonymous_8)
FNDA:0,(anonymous_9)
FNDA:0,(anonymous_10)
FNDA:0,(anonymous_11)
FNDA:0,(anonymous_12)
DA:1,2
DA:5,2
DA:6,0
DA:9,0
DA:12,2
DA:13,0
DA:19,0
DA:22,2
DA:23,0
DA:30,0
DA:33,2
DA:34,0
DA:37,0
DA:40,2
DA:41,0
DA:42,0
DA:43,0
DA:44,0
DA:46,0
DA:50,0
DA:53,2
DA:54,0
DA:57,0
DA:62,2
DA:63,0
DA:66,0
DA:69,2
DA:70,0
DA:74,0
DA:77,2
DA:78,0
DA:84,0
DA:87,2
DA:88,0
DA:92,0
DA:97,2
DA:98,0
DA:99,0
DA:102,0
DA:104,0
DA:106,0
DA:107,0
DA:109,0
DA:112,2
DA:113,0
DA:119,2
LF:46
LH:14
BRDA:5,0,0,0
BRDA:42,1,0,0
BRDA:42,1,1,0
BRDA:43,2,0,0
BRDA:43,2,1,0
BRDA:44,3,0,0
BRDA:44,3,1,0
BRDA:99,4,0,0
BRDA:99,4,1,0
BRDA:104,5,0,0
BRDA:104,5,1,0
BRF:11
BRH:0
end_of_record
TN:
SF:src\services\user.service.js
FN:6,(anonymous_0)
FN:27,(anonymous_1)
FN:32,(anonymous_2)
FN:41,(anonymous_3)
FN:88,(anonymous_4)
FN:98,(anonymous_5)
FNF:6
FNH:0
FNDA:0,(anonymous_0)
FNDA:0,(anonymous_1)
FNDA:0,(anonymous_2)
FNDA:0,(anonymous_3)
FNDA:0,(anonymous_4)
FNDA:0,(anonymous_5)
DA:2,2
DA:3,2
DA:4,2
DA:6,2
DA:8,0
DA:9,0
DA:12,0
DA:13,0
DA:15,0
DA:24,0
DA:27,2
DA:28,0
DA:29,0
DA:32,2
DA:33,0
DA:38,0
DA:41,2
DA:43,0
DA:45,0
DA:46,0
DA:49,0
DA:50,0
DA:53,0
DA:54,0
DA:55,0
DA:57,0
DA:60,0
DA:61,0
DA:64,0
DA:65,0
DA:70,0
DA:71,0
DA:74,0
DA:76,0
DA:77,0
DA:78,0
DA:81,0
DA:85,0
DA:88,2
DA:89,0
DA:94,0
DA:98,2
DA:99,0
DA:101,0
DA:102,0
DA:105,0
DA:107,0
DA:114,0
DA:115,0
DA:118,0
DA:120,0
DA:123,0
DA:124,0
DA:125,0
DA:127,0
DA:130,0
DA:131,0
DA:134,0
DA:149,0
DA:152,2
LF:60
LH:10
BRDA:8,0,0,0
BRDA:8,0,1,0
BRDA:8,1,0,0
BRDA:8,1,1,0
BRDA:45,2,0,0
BRDA:45,2,1,0
BRDA:49,3,0,0
BRDA:49,3,1,0
BRDA:53,4,0,0
BRDA:53,4,1,0
BRDA:54,5,0,0
BRDA:54,5,1,0
BRDA:60,6,0,0
BRDA:60,6,1,0
BRDA:64,7,0,0
BRDA:64,7,1,0
BRDA:64,8,0,0
BRDA:64,8,1,0
BRDA:70,9,0,0
BRDA:70,9,1,0
BRDA:76,10,0,0
BRDA:76,10,1,0
BRDA:77,11,0,0
BRDA:77,11,1,0
BRDA:101,12,0,0
BRDA:101,12,1,0
BRDA:105,13,0,0
BRDA:105,13,1,0
BRDA:114,14,0,0
BRDA:114,14,1,0
BRDA:123,15,0,0
BRDA:123,15,1,0
BRDA:124,16,0,0
BRDA:124,16,1,0
BRDA:130,17,0,0
BRDA:130,17,1,0
BRF:36
BRH:0
end_of_record
TN:
SF:src\test-utils\routeTestUtils.js
FN:11,(anonymous_0)
FN:15,(anonymous_1)
FN:26,(anonymous_2)
FNF:3
FNH:3
FNDA:13,(anonymous_0)
FNDA:13,(anonymous_1)
FNDA:67,(anonymous_2)
DA:1,13
DA:2,13
DA:3,13
DA:4,13
DA:6,13
DA:7,13
DA:9,13
DA:11,13
DA:12,13
DA:15,13
DA:16,13
DA:18,13
DA:19,13
DA:20,13
DA:21,13
DA:23,13
DA:26,13
DA:27,67
DA:28,67
DA:32,67
DA:33,67
DA:38,13
LF:22
LH:22
BRDA:28,0,0,41
BRDA:28,0,1,26
BRF:2
BRH:2
end_of_record
TN:
SF:src\utils\hash.js
FN:9,(anonymous_0)
FN:18,(anonymous_1)
FNF:2
FNH:2
FNDA:1,(anonymous_0)
FNDA:2,(anonymous_1)
DA:1,4
DA:3,4
DA:9,4
DA:10,1
DA:18,4
DA:19,2
DA:22,4
LF:7
LH:7
BRF:0
BRH:0
end_of_record
TN:
SF:src\utils\jwt.js
FN:13,(anonymous_0)
FN:36,(anonymous_1)
FN:49,(anonymous_2)
FNF:3
FNH:1
FNDA:1,(anonymous_0)
FNDA:0,(anonymous_1)
FNDA:0,(anonymous_2)
DA:1,14
DA:3,14
DA:4,14
DA:6,14
DA:7,14
DA:13,14
DA:14,1
DA:19,1
DA:23,1
DA:29,1
DA:36,14
DA:37,0
DA:38,0
DA:40,0
DA:49,14
DA:50,0
DA:53,14
LF:17
LH:13
BRF:0
BRH:0
end_of_record
TN:
SF:src\utils\mailer.js
FN:20,(anonymous_0)
FNF:1
FNH:0
FNDA:0,(anonymous_0)
DA:1,3
DA:2,3
DA:3,3
DA:5,3
DA:20,3
DA:22,0
DA:23,0
DA:26,0
DA:27,0
DA:28,0
DA:31,0
DA:38,0
DA:39,0
DA:40,0
DA:42,0
DA:43,0
DA:47,3
LF:17
LH:6
BRDA:20,0,0,0
BRF:1
BRH:0
end_of_record
TN:
SF:src\validators\campus.validator.js
FN:31,(anonymous_0)
FN:32,(anonymous_1)
FN:38,(anonymous_2)
FNF:3
FNH:1
FNDA:10,(anonymous_0)
FNDA:0,(anonymous_1)
FNDA:0,(anonymous_2)
DA:1,2
DA:2,2
DA:4,2
DA:13,2
DA:22,2
DA:31,2
DA:32,10
DA:34,0
DA:36,0
DA:37,0
DA:38,0
DA:40,0
DA:42,0
DA:47,0
DA:51,2
LF:15
LH:8
BRDA:36,0,0,0
BRDA:36,0,1,0
BRF:2
BRH:0
end_of_record
TN:
SF:src\validators\classroom.validator.js
FN:47,(anonymous_0)
FN:48,(anonymous_1)
FN:53,(anonymous_2)
FNF:3
FNH:1
FNDA:10,(anonymous_0)
FNDA:0,(anonymous_1)
FNDA:0,(anonymous_2)
DA:1,2
DA:2,2
DA:4,2
DA:6,2
DA:28,2
DA:34,2
DA:41,2
DA:47,2
DA:48,10
DA:49,0
DA:50,0
DA:51,0
DA:53,0
DA:56,0
DA:60,2
LF:15
LH:10
BRDA:50,0,0,0
BRDA:50,0,1,0
BRF:2
BRH:0
end_of_record
TN:
SF:src\validators\college.validator.js
FN:31,(anonymous_0)
FN:32,(anonymous_1)
FN:38,(anonymous_2)
FNF:3
FNH:1
FNDA:12,(anonymous_0)
FNDA:0,(anonymous_1)
FNDA:0,(anonymous_2)
DA:1,2
DA:2,2
DA:4,2
DA:8,2
DA:12,2
DA:17,2
DA:23,2
DA:27,2
DA:31,2
DA:32,12
DA:34,0
DA:36,0
DA:37,0
DA:38,0
DA:40,0
DA:42,0
DA:47,0
DA:51,2
LF:18
LH:11
BRDA:36,0,0,0
BRDA:36,0,1,0
BRF:2
BRH:0
end_of_record
TN:
SF:src\validators\course.validator.js
FN:40,(anonymous_0)
FN:41,(anonymous_1)
FN:45,(anonymous_2)
FNF:3
FNH:1
FNDA:10,(anonymous_0)
FNDA:0,(anonymous_1)
FNDA:0,(anonymous_2)
DA:1,2
DA:2,2
DA:4,2
DA:8,2
DA:12,2
DA:24,2
DA:36,2
DA:40,2
DA:41,10
DA:42,0
DA:43,0
DA:44,0
DA:45,0
DA:46,0
DA:47,0
DA:51,0
DA:55,2
LF:17
LH:10
BRDA:43,0,0,0
BRDA:43,0,1,0
BRF:2
BRH:0
end_of_record
TN:
SF:src\validators\department.validator.js
FN:34,(anonymous_0)
FN:35,(anonymous_1)
FN:41,(anonymous_2)
FNF:3
FNH:1
FNDA:12,(anonymous_0)
FNDA:0,(anonymous_1)
FNDA:0,(anonymous_2)
DA:1,2
DA:4,2
DA:8,2
DA:12,2
DA:18,2
DA:25,2
DA:29,2
DA:34,2
DA:35,12
DA:37,0
DA:39,0
DA:40,0
DA:41,0
DA:43,0
DA:45,0
DA:50,0
DA:54,2
LF:17
LH:10
BRDA:39,0,0,0
BRDA:39,0,1,0
BRF:2
BRH:0
end_of_record
TN:
SF:src\validators\instructor.validator.js
FN:48,(anonymous_0)
FN:49,(anonymous_1)
FN:52,(anonymous_2)
FNF:3
FNH:1
FNDA:16,(anonymous_0)
FNDA:0,(anonymous_1)
FNDA:0,(anonymous_2)
DA:1,2
DA:3,2
DA:7,2
DA:11,2
DA:13,2
DA:20,2
DA:26,2
DA:36,2
DA:40,2
DA:44,2
DA:48,2
DA:49,16
DA:50,0
DA:51,0
DA:52,0
DA:53,0
DA:54,0
DA:59,0
DA:63,2
LF:19
LH:13
BRDA:51,0,0,0
BRDA:51,0,1,0
BRF:2
BRH:0
end_of_record
TN:
SF:src\validators\schedule.validator.js
FN:22,(anonymous_0)
FN:23,(anonymous_1)
FN:27,(anonymous_2)
FNF:3
FNH:1
FNDA:4,(anonymous_0)
FNDA:0,(anonymous_1)
FNDA:0,(anonymous_2)
DA:1,2
DA:2,2
DA:4,2
DA:8,2
DA:12,2
DA:16,2
DA:22,2
DA:23,4
DA:24,0
DA:26,0
DA:27,0
DA:28,0
DA:30,0
DA:36,0
DA:40,2
LF:15
LH:9
BRDA:26,0,0,0
BRDA:26,0,1,0
BRF:2
BRH:0
end_of_record
TN:
SF:src\validators\session.validator.js
FN:30,(anonymous_0)
FN:31,(anonymous_1)
FN:37,(anonymous_2)
FNF:3
FNH:1
FNDA:10,(anonymous_0)
FNDA:0,(anonymous_1)
FNDA:0,(anonymous_2)
DA:1,2
DA:4,2
DA:8,2
DA:12,2
DA:18,2
DA:25,2
DA:30,2
DA:31,10
DA:33,0
DA:35,0
DA:36,0
DA:37,0
DA:39,0
DA:41,0
DA:46,0
DA:51,2
LF:16
LH:9
BRDA:35,0,0,0
BRDA:35,0,1,0
BRF:2
BRH:0
end_of_record
TN:
SF:src\validators\studentGroup.validator.js
FN:29,(anonymous_0)
FN:30,(anonymous_1)
FN:36,(anonymous_2)
FNF:3
FNH:1
FNDA:10,(anonymous_0)
FNDA:0,(anonymous_1)
FNDA:0,(anonymous_2)
DA:1,2
DA:3,2
DA:7,2
DA:12,2
DA:19,2
DA:25,2
DA:29,2
DA:30,10
DA:32,0
DA:34,0
DA:35,0
DA:36,0
DA:38,0
DA:40,0
DA:45,0
DA:49,2
LF:16
LH:9
BRDA:34,0,0,0
BRDA:34,0,1,0
BRF:2
BRH:0
end_of_record
TN:
SF:src\validators\ta.validator.js
FN:46,(anonymous_0)
FN:47,(anonymous_1)
FN:50,(anonymous_2)
FNF:3
FNH:1
FNDA:20,(anonymous_0)
FNDA:0,(anonymous_1)
FNDA:0,(anonymous_2)
DA:1,2
DA:3,2
DA:7,2
DA:11,2
DA:13,2
DA:20,2
DA:26,2
DA:33,2
DA:38,2
DA:42,2
DA:46,2
DA:47,20
DA:48,0
DA:49,0
DA:50,0
DA:51,0
DA:52,0
DA:57,0
DA:61,2
LF:19
LH:13
BRDA:49,0,0,0
BRDA:49,0,1,0
BRF:2
BRH:0
end_of_record
TN:
SF:src\validators\user.validator.js
FN:44,(anonymous_0)
FN:45,(anonymous_1)
FN:50,(anonymous_2)
FNF:3
FNH:1
FNDA:10,(anonymous_0)
FNDA:0,(anonymous_1)
FNDA:0,(anonymous_2)
DA:1,2
DA:2,2
DA:4,2
DA:28,2
DA:38,2
DA:44,2
DA:45,10
DA:46,0
DA:47,0
DA:48,0
DA:50,0
DA:53,0
DA:57,2
LF:13
LH:8
BRDA:44,0,0,0
BRDA:47,1,0,0
BRDA:47,1,1,0
BRF:3
BRH:0
end_of_record
